Log file open, 07/19/18 16:11:13
LogWindows: Failed to load 'aqProf.dll' (GetLastError=126)
LogWindows: File 'aqProf.dll' does not exist
LogWindows: Failed to load 'VtuneApi.dll' (GetLastError=126)
LogWindows: File 'VtuneApi.dll' does not exist
LogWindows: Failed to load 'VtuneApi32e.dll' (GetLastError=126)
LogWindows: File 'VtuneApi32e.dll' does not exist
LogInit: Display: Running engine for game: groupProject
LogPlatformFile: Not using cached read wrapper
LogInit: Display: RandInit(320770058) SRandInit(320770058).
LogInit: Read version file with build ID '3944462'
LogInit: Overriding engine version to CL 3989454, compatible CL 3944462
LogInit: Registered custom module enumerator with build ID '3944462'
LogTaskGraph: Started task graph with 5 named threads and 23 total threads with 3 sets of task threads.
LogStats: Stats thread started at 0.322489
LogD3D11RHI: Aftermath initialized
LogICUInternationalization: Display: ICU TimeZone Detection - Raw Offset: -6:00, Platform Override: ''
LogModuleManager: Display: Found up-to-date module file ../../../Engine/Plugins/2D/Paper2D/Binaries/Win64/UE4Editor-Paper2D.dll (API version 3944462).
LogModuleManager: Display: Found up-to-date module file ../../../Engine/Plugins/2D/Paper2D/Binaries/Win64/UE4Editor-Paper2DEditor.dll (API version 3944462).
LogModuleManager: Display: Found up-to-date module file ../../../Engine/Plugins/2D/Paper2D/Binaries/Win64/UE4Editor-PaperSpriteSheetImporter.dll (API version 3944462).
LogModuleManager: Display: Found up-to-date module file ../../../Engine/Plugins/2D/Paper2D/Binaries/Win64/UE4Editor-PaperTiledImporter.dll (API version 3944462).
LogModuleManager: Display: Found up-to-date module file ../../../Engine/Plugins/2D/Paper2D/Binaries/Win64/UE4Editor-SmartSnapping.dll (API version 3944462).
LogModuleManager: Display: Found up-to-date module file ../../../Engine/Plugins/Blendables/LightPropagationVolume/Binaries/Win64/UE4Editor-LightPropagationVolumeRuntime.dll (API version 3944462).
LogModuleManager: Display: Found up-to-date module file ../../../Engine/Plugins/Blendables/LightPropagationVolume/Binaries/Win64/UE4Editor-LightPropagationVolumeEditor.dll (API version 3944462).
LogModuleManager: Display: Found up-to-date module file ../../../Engine/Plugins/Developer/CLionSourceCodeAccess/Binaries/Win64/UE4Editor-CLionSourceCodeAccess.dll (API version 3944462).
LogModuleManager: Display: Found up-to-date module file ../../../Engine/Plugins/Developer/GitSourceControl/Binaries/Win64/UE4Editor-GitSourceControl.dll (API version 3944462).
LogModuleManager: Display: Found up-to-date module file ../../../Engine/Plugins/Developer/PerforceSourceControl/Binaries/Win64/UE4Editor-PerforceSourceControl.dll (API version 3944462).
LogModuleManager: Display: Found up-to-date module file ../../../Engine/Plugins/Developer/SubversionSourceControl/Binaries/Win64/UE4Editor-SubversionSourceControl.dll (API version 3944462).
LogModuleManager: Display: Found up-to-date module file ../../../Engine/Plugins/Developer/UObjectPlugin/Binaries/Win64/UE4Editor-UObjectPlugin.dll (API version 3944462).
LogModuleManager: Display: Found up-to-date module file ../../../Engine/Plugins/Developer/VisualStudioCodeSourceCodeAccess/Binaries/Win64/UE4Editor-VisualStudioCodeSourceCodeAccess.dll (API version 3944462).
LogModuleManager: Display: Found up-to-date module file ../../../Engine/Plugins/Developer/VisualStudioSourceCodeAccess/Binaries/Win64/UE4Editor-VisualStudioSourceCodeAccess.dll (API version 3944462).
LogModuleManager: Display: Found up-to-date module file ../../../Engine/Plugins/Editor/AssetManagerEditor/Binaries/Win64/UE4Editor-AssetManagerEditor.dll (API version 3944462).
LogModuleManager: Display: Found up-to-date module file ../../../Engine/Plugins/Editor/CryptoKeys/Binaries/Win64/UE4Editor-CryptoKeys.dll (API version 3944462).
LogModuleManager: Display: Found up-to-date module file ../../../Engine/Plugins/Editor/CryptoKeys/Binaries/Win64/UE4Editor-CryptoKeysOpenSSL.dll (API version 3944462).
LogModuleManager: Display: Found up-to-date module file ../../../Engine/Plugins/Editor/DataValidation/Binaries/Win64/UE4Editor-DataValidation.dll (API version 3944462).
LogModuleManager: Display: Found up-to-date module file ../../../Engine/Plugins/Editor/FacialAnimation/Binaries/Win64/UE4Editor-FacialAnimation.dll (API version 3944462).
LogModuleManager: Display: Found up-to-date module file ../../../Engine/Plugins/Editor/FacialAnimation/Binaries/Win64/UE4Editor-FacialAnimationEditor.dll (API version 3944462).
LogModuleManager: Display: Found up-to-date module file ../../../Engine/Plugins/Editor/GameplayTagsEditor/Binaries/Win64/UE4Editor-GameplayTagsEditor.dll (API version 3944462).
LogModuleManager: Display: Found up-to-date module file ../../../Engine/Plugins/Editor/MobileLauncherProfileWizard/Binaries/Win64/UE4Editor-MobileLauncherProfileWizard.dll (API version 3944462).
LogModuleManager: Display: Found up-to-date module file ../../../Engine/Plugins/Editor/PluginBrowser/Binaries/Win64/UE4Editor-PluginBrowser.dll (API version 3944462).
LogModuleManager: Display: Found up-to-date module file ../../../Engine/Plugins/Editor/SpeedTreeImporter/Binaries/Win64/UE4Editor-SpeedTreeImporter.dll (API version 3944462).
LogModuleManager: Display: Found up-to-date module file ../../../Engine/Plugins/Enterprise/DatasmithContent/Binaries/Win64/UE4Editor-DatasmithContent.dll (API version 3944462).
LogModuleManager: Display: Found up-to-date module file ../../../Engine/Plugins/Experimental/AlembicImporter/Binaries/Win64/UE4Editor-AlembicImporter.dll (API version 3944462).
LogModuleManager: Display: Found up-to-date module file ../../../Engine/Plugins/Experimental/AlembicImporter/Binaries/Win64/UE4Editor-AlembicLibrary.dll (API version 3944462).
LogModuleManager: Display: Found up-to-date module file ../../../Engine/Plugins/Experimental/CharacterAI/Binaries/Win64/UE4Editor-CharacterAI.dll (API version 3944462).
LogModuleManager: Display: Found up-to-date module file ../../../Engine/Plugins/Experimental/HTML5Networking/Binaries/Win64/UE4Editor-HTML5Networking.dll (API version 3944462).
LogModuleManager: Display: Found up-to-date module file ../../../Engine/Plugins/Media/AndroidMedia/Binaries/Win64/UE4Editor-AndroidMediaEditor.dll (API version 3944462).
LogModuleManager: Display: Found up-to-date module file ../../../Engine/Plugins/Media/AndroidMedia/Binaries/Win64/UE4Editor-AndroidMediaFactory.dll (API version 3944462).
LogModuleManager: Display: Found up-to-date module file ../../../Engine/Plugins/Media/AvfMedia/Binaries/Win64/UE4Editor-AvfMediaEditor.dll (API version 3944462).
LogModuleManager: Display: Found up-to-date module file ../../../Engine/Plugins/Media/AvfMedia/Binaries/Win64/UE4Editor-AvfMediaFactory.dll (API version 3944462).
LogModuleManager: Display: Found up-to-date module file ../../../Engine/Plugins/Media/AvfMedia/Binaries/Win64/UE4Editor-AvfMediaFactory.dll (API version 3944462).
LogModuleManager: Display: Found up-to-date module file ../../../Engine/Plugins/Media/ImgMedia/Binaries/Win64/UE4Editor-ImgMedia.dll (API version 3944462).
LogModuleManager: Display: Found up-to-date module file ../../../Engine/Plugins/Media/ImgMedia/Binaries/Win64/UE4Editor-ImgMediaEditor.dll (API version 3944462).
LogModuleManager: Display: Found up-to-date module file ../../../Engine/Plugins/Media/ImgMedia/Binaries/Win64/UE4Editor-ImgMediaFactory.dll (API version 3944462).
LogModuleManager: Display: Found up-to-date module file ../../../Engine/Plugins/Media/ImgMedia/Binaries/Win64/UE4Editor-ImgMediaFactory.dll (API version 3944462).
LogModuleManager: Display: Found up-to-date module file ../../../Engine/Plugins/Media/ImgMedia/Binaries/Win64/UE4Editor-OpenExrWrapper.dll (API version 3944462).
LogModuleManager: Display: Found up-to-date module file ../../../Engine/Plugins/Media/LinearTimecode/Binaries/Win64/UE4Editor-LinearTimecode.dll (API version 3944462).
LogModuleManager: Display: Found up-to-date module file ../../../Engine/Plugins/Media/MediaCompositing/Binaries/Win64/UE4Editor-MediaCompositing.dll (API version 3944462).
LogModuleManager: Display: Found up-to-date module file ../../../Engine/Plugins/Media/MediaCompositing/Binaries/Win64/UE4Editor-MediaCompositingEditor.dll (API version 3944462).
LogModuleManager: Display: Found up-to-date module file ../../../Engine/Plugins/Media/MediaPlayerEditor/Binaries/Win64/UE4Editor-MediaPlayerEditor.dll (API version 3944462).
LogModuleManager: Display: Found up-to-date module file ../../../Engine/Plugins/Media/WmfMedia/Binaries/Win64/UE4Editor-WmfMedia.dll (API version 3944462).
LogModuleManager: Display: Found up-to-date module file ../../../Engine/Plugins/Media/WmfMedia/Binaries/Win64/UE4Editor-WmfMediaEditor.dll (API version 3944462).
LogModuleManager: Display: Found up-to-date module file ../../../Engine/Plugins/Media/WmfMedia/Binaries/Win64/UE4Editor-WmfMediaFactory.dll (API version 3944462).
LogModuleManager: Display: Found up-to-date module file ../../../Engine/Plugins/Media/WmfMedia/Binaries/Win64/UE4Editor-WmfMediaFactory.dll (API version 3944462).
LogModuleManager: Display: Found up-to-date module file ../../../Engine/Plugins/Messaging/TcpMessaging/Binaries/Win64/UE4Editor-TcpMessaging.dll (API version 3944462).
LogModuleManager: Display: Found up-to-date module file ../../../Engine/Plugins/Messaging/UdpMessaging/Binaries/Win64/UE4Editor-UdpMessaging.dll (API version 3944462).
LogModuleManager: Display: Found up-to-date module file ../../../Engine/Plugins/MovieScene/ActorSequence/Binaries/Win64/UE4Editor-ActorSequence.dll (API version 3944462).
LogModuleManager: Display: Found up-to-date module file ../../../Engine/Plugins/MovieScene/LevelSequenceEditor/Binaries/Win64/UE4Editor-LevelSequenceEditor.dll (API version 3944462).
LogModuleManager: Display: Found up-to-date module file ../../../Engine/Plugins/MovieScene/MatineeToLevelSequence/Binaries/Win64/UE4Editor-MatineeToLevelSequence.dll (API version 3944462).
LogModuleManager: Display: Found up-to-date module file ../../../Engine/Plugins/NetcodeUnitTest/NetcodeUnitTest/Binaries/Win64/UE4Editor-NetcodeUnitTest.dll (API version 3944462).
LogModuleManager: Display: Found up-to-date module file ../../../Engine/Plugins/NetcodeUnitTest/NUTUnrealEngine4/Binaries/Win64/UE4Editor-NUTUnrealEngine4.dll (API version 3944462).
LogModuleManager: Display: Found up-to-date module file ../../../Engine/Plugins/Online/OnlineSubsystem/Binaries/Win64/UE4Editor-OnlineSubsystem.dll (API version 3944462).
LogModuleManager: Display: Found up-to-date module file ../../../Engine/Plugins/Runtime/AndroidPermission/Binaries/Win64/UE4Editor-AndroidPermission.dll (API version 3944462).
LogModuleManager: Display: Found up-to-date module file ../../../Engine/Plugins/Online/OnlineSubsystemNull/Binaries/Win64/UE4Editor-OnlineSubsystemNull.dll (API version 3944462).
LogModuleManager: Display: Found up-to-date module file ../../../Engine/Plugins/Online/OnlineSubsystemUtils/Binaries/Win64/UE4Editor-OnlineSubsystemUtils.dll (API version 3944462).
LogModuleManager: Display: Found up-to-date module file ../../../Engine/Plugins/Online/OnlineSubsystemUtils/Binaries/Win64/UE4Editor-OnlineBlueprintSupport.dll (API version 3944462).
LogModuleManager: Display: Found up-to-date module file ../../../Engine/Plugins/Runtime/AndroidDeviceProfileSelector/Binaries/Win64/UE4Editor-AndroidDeviceProfileSelector.dll (API version 3944462).
LogModuleManager: Display: Found up-to-date module file ../../../Engine/Plugins/Runtime/AppleARKit/Binaries/Win64/UE4Editor-AppleARKit.dll (API version 3944462).
LogModuleManager: Display: Found up-to-date module file ../../../Engine/Plugins/Runtime/ProceduralMeshComponent/Binaries/Win64/UE4Editor-ProceduralMeshComponent.dll (API version 3944462).
LogModuleManager: Display: Found up-to-date module file ../../../Engine/Plugins/Runtime/ProceduralMeshComponent/Binaries/Win64/UE4Editor-ProceduralMeshComponentEditor.dll (API version 3944462).
LogModuleManager: Display: Found up-to-date module file ../../../Engine/Plugins/Animation/LiveLink/Binaries/Win64/UE4Editor-LiveLink.dll (API version 3944462).
LogModuleManager: Display: Found up-to-date module file ../../../Engine/Plugins/Animation/LiveLink/Binaries/Win64/UE4Editor-LiveLinkEditor.dll (API version 3944462).
LogModuleManager: Display: Found up-to-date module file ../../../Engine/Plugins/Runtime/ArchVisCharacter/Binaries/Win64/UE4Editor-ArchVisCharacter.dll (API version 3944462).
LogModuleManager: Display: Found up-to-date module file ../../../Engine/Plugins/Runtime/AudioCapture/Binaries/Win64/UE4Editor-AudioCapture.dll (API version 3944462).
LogModuleManager: Display: Found up-to-date module file ../../../Engine/Plugins/Runtime/AudioCapture/Binaries/Win64/UE4Editor-AudioCaptureEditor.dll (API version 3944462).
LogModuleManager: Display: Found up-to-date module file ../../../Engine/Plugins/Runtime/CableComponent/Binaries/Win64/UE4Editor-CableComponent.dll (API version 3944462).
LogModuleManager: Display: Found up-to-date module file ../../../Engine/Plugins/Runtime/CustomMeshComponent/Binaries/Win64/UE4Editor-CustomMeshComponent.dll (API version 3944462).
LogModuleManager: Display: Found up-to-date module file ../../../Engine/Plugins/Runtime/ExampleDeviceProfileSelector/Binaries/Win64/UE4Editor-ExampleDeviceProfileSelector.dll (API version 3944462).
LogModuleManager: Display: Found up-to-date module file ../../../Engine/Plugins/Runtime/ImmediatePhysics/Binaries/Win64/UE4Editor-ImmediatePhysics.dll (API version 3944462).
LogModuleManager: Display: Found up-to-date module file ../../../Engine/Plugins/Runtime/ImmediatePhysics/Binaries/Win64/UE4Editor-ImmediatePhysicsEditor.dll (API version 3944462).
LogModuleManager: Display: Found up-to-date module file ../../../Engine/Plugins/Runtime/LocationServicesBPLibrary/Binaries/Win64/UE4Editor-LocationServicesBPLibrary.dll (API version 3944462).
LogModuleManager: Display: Found up-to-date module file ../../../Engine/Plugins/Runtime/MobilePatchingUtils/Binaries/Win64/UE4Editor-MobilePatchingUtils.dll (API version 3944462).
LogModuleManager: Display: Found up-to-date module file ../../../Engine/Plugins/Runtime/Oculus/OculusVR/Binaries/Win64/UE4Editor-OculusHMD.dll (API version 3944462).
LogModuleManager: Display: Found up-to-date module file ../../../Engine/Plugins/Runtime/Oculus/OculusVR/Binaries/Win64/UE4Editor-OculusInput.dll (API version 3944462).
LogModuleManager: Display: Found up-to-date module file ../../../Engine/Plugins/Runtime/Oculus/OculusVR/Binaries/Win64/UE4Editor-OculusEditor.dll (API version 3944462).
LogModuleManager: Display: Found up-to-date module file ../../../Engine/Plugins/Runtime/PhysXVehicles/Binaries/Win64/UE4Editor-PhysXVehicles.dll (API version 3944462).
LogModuleManager: Display: Found up-to-date module file ../../../Engine/Plugins/Runtime/PhysXVehicles/Binaries/Win64/UE4Editor-PhysXVehiclesEditor.dll (API version 3944462).
LogModuleManager: Display: Found up-to-date module file ../../../Engine/Plugins/Runtime/RuntimePhysXCooking/Binaries/Win64/UE4Editor-RuntimePhysXCooking.dll (API version 3944462).
LogModuleManager: Display: Found up-to-date module file ../../../Engine/Plugins/Runtime/Steam/SteamVR/Binaries/Win64/UE4Editor-SteamVR.dll (API version 3944462).
LogModuleManager: Display: Found up-to-date module file ../../../Engine/Plugins/Runtime/Steam/SteamVR/Binaries/Win64/UE4Editor-SteamVRController.dll (API version 3944462).
LogModuleManager: Display: Found up-to-date module file ../../../Engine/Plugins/Runtime/WindowsMoviePlayer/Binaries/Win64/UE4Editor-WindowsMoviePlayer.dll (API version 3944462).
LogPluginManager: Mounting plugin Paper2D
LogPluginManager: Mounting plugin LiveLink
LogPluginManager: Mounting plugin LightPropagationVolume
LogPluginManager: Mounting plugin CLionSourceCodeAccess
LogPluginManager: Mounting plugin CodeLiteSourceCodeAccess
LogPluginManager: Mounting plugin GitSourceControl
LogPluginManager: Mounting plugin KDevelopSourceCodeAccess
LogPluginManager: Mounting plugin NullSourceCodeAccess
LogPluginManager: Mounting plugin PerforceSourceControl
LogPluginManager: Mounting plugin SubversionSourceControl
LogPluginManager: Mounting plugin UObjectPlugin
LogPluginManager: Mounting plugin VisualStudioCodeSourceCodeAccess
LogPluginManager: Mounting plugin VisualStudioSourceCodeAccess
LogPluginManager: Mounting plugin XCodeSourceCodeAccess
LogPluginManager: Mounting plugin AssetManagerEditor
LogPluginManager: Mounting plugin CryptoKeys
LogPluginManager: Mounting plugin DataValidation
LogPluginManager: Mounting plugin FacialAnimation
LogPluginManager: Mounting plugin GameplayTagsEditor
LogPluginManager: Mounting plugin MobileLauncherProfileWizard
LogPluginManager: Mounting plugin PluginBrowser
LogPluginManager: Mounting plugin SpeedTreeImporter
LogPluginManager: Mounting plugin DatasmithContent
LogPluginManager: Mounting plugin AlembicImporter
LogPluginManager: Mounting plugin CharacterAI
LogPluginManager: Mounting plugin HTML5Networking
LogPluginManager: Mounting plugin AndroidMedia
LogPluginManager: Mounting plugin AvfMedia
LogPluginManager: Mounting plugin ImgMedia
LogPluginManager: Mounting plugin LinearTimecode
LogPluginManager: Mounting plugin MediaCompositing
LogPluginManager: Mounting plugin MediaPlayerEditor
LogPluginManager: Mounting plugin WmfMedia
LogPluginManager: Mounting plugin TcpMessaging
LogPluginManager: Mounting plugin UdpMessaging
LogPluginManager: Mounting plugin ActorSequence
LogPluginManager: Mounting plugin LevelSequenceEditor
LogPluginManager: Mounting plugin MatineeToLevelSequence
LogPluginManager: Mounting plugin NetcodeUnitTest
LogPluginManager: Mounting plugin NUTUnrealEngine4
LogPluginManager: Mounting plugin OnlineSubsystemGooglePlay
LogPluginManager: Mounting plugin OnlineSubsystemIOS
LogPluginManager: Mounting plugin OnlineSubsystem
LogPluginManager: Mounting plugin OnlineSubsystemNull
LogPluginManager: Mounting plugin OnlineSubsystemUtils
LogPluginManager: Mounting plugin AndroidDeviceProfileSelector
LogPluginManager: Mounting plugin AndroidMoviePlayer
LogPluginManager: Mounting plugin AndroidPermission
LogPluginManager: Mounting plugin AppleARKit
LogPluginManager: Mounting plugin AppleMoviePlayer
LogPluginManager: Mounting plugin ArchVisCharacter
LogPluginManager: Mounting plugin AudioCapture
LogPluginManager: Mounting plugin CableComponent
LogPluginManager: Mounting plugin CustomMeshComponent
LogPluginManager: Mounting plugin ExampleDeviceProfileSelector
LogPluginManager: Mounting plugin GoogleCloudMessaging
LogPluginManager: Mounting plugin ImmediatePhysics
LogPluginManager: Mounting plugin IOSDeviceProfileSelector
LogPluginManager: Mounting plugin LinuxDeviceProfileSelector
LogPluginManager: Mounting plugin LocationServicesBPLibrary
LogPluginManager: Mounting plugin MobilePatchingUtils
LogPluginManager: Mounting plugin OculusVR
LogPluginManager: Plugin shader directory ../../../Engine/Plugins/Runtime/Oculus/OculusVR/Shaders found
LogPluginManager: Mapping shader source directory ../../../Engine/Plugins/Runtime/Oculus/OculusVR/Shaders to virtual directory /Plugin/OculusVR
LogPluginManager: Mounting plugin PhysXVehicles
LogPluginManager: Mounting plugin ProceduralMeshComponent
LogPluginManager: Mounting plugin RuntimePhysXCooking
LogPluginManager: Mounting plugin SteamVR
LogPluginManager: Mounting plugin WindowsMoviePlayer
LogStreaming: Display: Took  0.851s to configure plugins.
LogInit: Using libcurl 7.47.1
LogInit:  - built for x86_64-pc-win32
LogInit:  - supports SSL with OpenSSL/1.0.2g
LogInit:  - supports HTTP deflate (compression) using libz 1.2.8
LogInit:  - other features:
LogInit:      CURL_VERSION_SSL
LogInit:      CURL_VERSION_LIBZ
LogInit:      CURL_VERSION_IPV6
LogInit:      CURL_VERSION_ASYNCHDNS
LogInit:      CURL_VERSION_LARGEFILE
LogInit:      CURL_VERSION_IDN
LogInit:  CurlRequestOptions (configurable via config and command line):
LogInit:  - bVerifyPeer = false  - Libcurl will NOT verify peer certificate
LogInit:  - bUseHttpProxy = false  - Libcurl will NOT use HTTP proxy
LogInit:  - bDontReuseConnections = false  - Libcurl will reuse connections
LogInit:  - CertBundlePath = nullptr  - Libcurl will use whatever was configured at build time.
LogInit:  - MaxHostConnections = 16  - Libcurl will limit the number of connections to a host
LogInit:  - LocalHostAddr = Default
LogInit: WinSock: version 1.1 (2.2), MaxSocks=32767, MaxUdp=65467
LogInit: WinSock: I am Camp-49D8142 (129.59.56.29:0)
LogInit: Build: ++UE4+Release-4.19-CL-3989454
LogInit: Engine Version: 4.19.1-3989454+++UE4+Release-4.19
LogInit: Compatible Engine Version: 4.19.0-3944462+++UE4+Release-4.19
LogInit: Net CL: 3944462
LogDevObjectVersion: Number of dev versions registered: 18
LogDevObjectVersion:   Dev-Blueprints (B0D832E4-1F89-4F0D-ACCF-7EB736FD4AA2): 10
LogDevObjectVersion:   Dev-Build (E1C64328-A22C-4D53-A36C-8E866417BD8C): 0
LogDevObjectVersion:   Dev-Core (375EC13C-06E4-48FB-B500-84F0262A717E): 2
LogDevObjectVersion:   Dev-Editor (E4B068ED-F494-42E9-A231-DA0B2E46BB41): 23
LogDevObjectVersion:   Dev-Framework (CFFC743F-43B0-4480-9391-14DF171D2073): 33
LogDevObjectVersion:   Dev-Mobile (B02B49B5-BB20-44E9-A304-32B752E40360): 2
LogDevObjectVersion:   Dev-Networking (A4E4105C-59A1-49B5-A7C5-40C4547EDFEE): 0
LogDevObjectVersion:   Dev-Online (39C831C9-5AE6-47DC-9A44-9C173E1C8E7C): 0
LogDevObjectVersion:   Dev-Physics (78F01B33-EBEA-4F98-B9B4-84EACCB95AA2): 0
LogDevObjectVersion:   Dev-Platform (6631380F-2D4D-43E0-8009-CF276956A95A): 0
LogDevObjectVersion:   Dev-Rendering (12F88B9F-8875-4AFC-A67C-D90C383ABD29): 25
LogDevObjectVersion:   Dev-Sequencer (7B5AE74C-D270-4C10-A958-57980B212A5A): 6
LogDevObjectVersion:   Dev-VR (D7296918-1DD6-4BDD-9DE2-64A83CC13884): 1
LogDevObjectVersion:   Dev-LoadTimes (C2A15278-BFE7-4AFE-6C17-90FF531DF755): 1
LogDevObjectVersion:   Private-Geometry (6EACA3D4-40EC-4CC1-B786-8BED09428FC5): 2
LogDevObjectVersion:   Dev-AnimPhys (29E575DD-E0A3-4627-9D10-D276232CDCEA): 16
LogDevObjectVersion:   Dev-ReflectionCapture (6B266CEC-1EC7-4B8F-A30B-E4D90942FC07): 1
LogDevObjectVersion:   Dev-Automation (0DF73D61-A23F-47EA-B727-89E90C41499A): 1
LogInit: Compiled (64-bit): Apr  6 2018 12:26:04
LogInit: Compiled with Visual C++: 19.00.24215.01
LogInit: Build Configuration: Development
LogInit: Branch Name: ++UE4+Release-4.19
LogInit: Command Line: -EpicPortal 
LogInit: Base Directory: C:/Program Files/Epic Games/UE_4.19/Engine/Binaries/Win64/
LogInit: Installed Engine Build: 1
LogStreaming: Display: Took  0.003s to delete old logs.
LogInit: Presizing for max 8388607 objects, including 0 objects not considered by GC, pre-allocating 0 bytes for permanent pool.
LogInit: Object subsystem initialized
[2018.07.19-21.11.15:117][  0]LogInit: Selected Device Profile: [Windows]
[2018.07.19-21.11.15:117][  0]LogInit: Applying CVar settings loaded from the selected device profile: [Windows]
[2018.07.19-21.11.15:131][  0]LogInit: Computer: CAMP-49D8142
[2018.07.19-21.11.15:131][  0]LogInit: User: iDStudent
[2018.07.19-21.11.15:131][  0]LogInit: CPU Page size=4096, Cores=4
[2018.07.19-21.11.15:131][  0]LogInit: High frequency timer resolution =2.742186 MHz
[2018.07.19-21.11.15:132][  0]LogMemory: Memory total: Physical=15.9GB (16GB approx)
[2018.07.19-21.11.15:132][  0]LogMemory: Platform Memory Stats for Windows
[2018.07.19-21.11.15:132][  0]LogMemory: Process Physical Memory: 274.66 MB used, 274.66 MB peak
[2018.07.19-21.11.15:132][  0]LogMemory: Process Virtual Memory: 264.68 MB used, 264.68 MB peak
[2018.07.19-21.11.15:132][  0]LogMemory: Physical Memory: 4338.17 MB used,  11912.00 MB free, 16250.17 MB total
[2018.07.19-21.11.15:132][  0]LogMemory: Virtual Memory: 4789.40 MB used,  11912.00 MB free, 134217728.00 MB total
[2018.07.19-21.11.15:148][  0]LogInit: Using OS detected language (en-US).
[2018.07.19-21.11.15:149][  0]LogInit: Using OS detected locale (en-US).
[2018.07.19-21.11.15:153][  0]LogTextLocalizationManager: No specific localization for 'en-US' exists, so the 'en' localization will be used.
[2018.07.19-21.11.15:745][  0]LogStreaming: Display: Took  0.596s to EndInitTextLocalization.
[2018.07.19-21.11.15:745][  0]LogInit: Setting process to per monitor DPI aware
[2018.07.19-21.11.15:782][  0]LogSlate: New Slate User Created.  User Index 0, Is Virtual User: 0
[2018.07.19-21.11.15:782][  0]LogSlate: Slate User Registered.  User Index 0, Is Virtual User: 0
[2018.07.19-21.11.15:997][  0]LogD3D11RHI: D3D11 adapters:
[2018.07.19-21.11.16:058][  0]LogD3D11RHI:    0. 'NVIDIA GeForce GTX 1050 Ti' (Feature Level 11_0)
[2018.07.19-21.11.16:058][  0]LogD3D11RHI:       4018/0/8125 MB DedicatedVideo/DedicatedSystem/SharedSystem, Outputs:1, VendorId:0x10de
[2018.07.19-21.11.16:068][  0]LogD3D11RHI:    1. 'Intel(R) HD Graphics 630' (Feature Level 11_0)
[2018.07.19-21.11.16:068][  0]LogD3D11RHI:       128/0/8125 MB DedicatedVideo/DedicatedSystem/SharedSystem, Outputs:0, VendorId:0x8086
[2018.07.19-21.11.16:070][  0]LogD3D11RHI:    2. 'Microsoft Basic Render Driver' (Feature Level 11_0)
[2018.07.19-21.11.16:070][  0]LogD3D11RHI:       0/0/8125 MB DedicatedVideo/DedicatedSystem/SharedSystem, Outputs:0, VendorId:0x1414
[2018.07.19-21.11.16:070][  0]LogD3D11RHI: Chosen D3D11 Adapter: 0
[2018.07.19-21.11.16:087][  0]LogD3D11RHI: Creating new Direct3DDevice
[2018.07.19-21.11.16:087][  0]LogD3D11RHI:     GPU DeviceId: 0x1c8c (for the marketing name, search the web for "GPU Device Id")
[2018.07.19-21.11.16:087][  0]LogWindows: EnumDisplayDevices:
[2018.07.19-21.11.16:087][  0]LogWindows:    0. 'Intel(R) HD Graphics 630' (P:1 D:1)
[2018.07.19-21.11.16:087][  0]LogWindows:    1. 'Intel(R) HD Graphics 630' (P:0 D:0)
[2018.07.19-21.11.16:087][  0]LogWindows:    2. 'Intel(R) HD Graphics 630' (P:0 D:0)
[2018.07.19-21.11.16:087][  0]LogWindows:    3. 'NVIDIA GeForce GTX 1050 Ti' (P:0 D:0)
[2018.07.19-21.11.16:087][  0]LogWindows: DebugString: GetVideoDriverDetailsInvalid PrimaryIsNotTheChoosenAdapter GetVideoDriverDetailsInvalid PrimaryIsNotTheChoosenAdapter GetVideoDriverDetailsInvalid PrimaryIsNotTheChoosenAdapter GetVideoDriverDetailsInvalid PrimaryIsNotTheChoosenAdapter FoundDriverCount:0 
[2018.07.19-21.11.16:087][  0]LogD3D11RHI:     Adapter Name: NVIDIA GeForce GTX 1050 Ti
[2018.07.19-21.11.16:087][  0]LogD3D11RHI:   Driver Version: Unknown (internal:Unknown, unified:Unknown)
[2018.07.19-21.11.16:087][  0]LogD3D11RHI:      Driver Date: Unknown
[2018.07.19-21.11.16:087][  0]LogRHI: Texture pool is 2812 MB (70% of 4018 MB)
[2018.07.19-21.11.16:122][  0]LogD3D11RHI: [Aftermath] Aftermath enabled and primed
[2018.07.19-21.11.16:122][  0]LogD3D11RHI: [Aftermath] Aftermath enabled and primed
[2018.07.19-21.11.16:122][  0]LogD3D11RHI: Async texture creation enabled
[2018.07.19-21.11.16:138][  0]LogD3D11RHI: GPU Timing Frequency: 1000.000000 (Debug: 2 2)
[2018.07.19-21.11.16:139][  0]LogShaderCompilers: Guid format shader working directory is -20 characters bigger than the processId version (../../../../../../Users/iD Student/Desktop/Michael S/Final/groupProject/Intermediate/Shaders/WorkingDirectory/4220/).
[2018.07.19-21.11.16:139][  0]LogShaderCompilers: Cleaned the shader compiler working directory 'C:/Users/iD Student/AppData/Local/Temp/UnrealShaderWorkingDir/AC98E9EA43E761D5125CD889F41D1335/'.
[2018.07.19-21.11.16:353][  0]LogTemp: Display: Loaded TP AllDesktopTargetPlatform
[2018.07.19-21.11.16:366][  0]LogTemp: Display: Loaded TP MacClientTargetPlatform
[2018.07.19-21.11.16:381][  0]LogTemp: Display: Loaded TP MacNoEditorTargetPlatform
[2018.07.19-21.11.16:396][  0]LogTemp: Display: Loaded TP MacServerTargetPlatform
[2018.07.19-21.11.16:413][  0]LogTemp: Display: Loaded TP MacTargetPlatform
[2018.07.19-21.11.16:427][  0]LogTemp: Display: Loaded TP WindowsClientTargetPlatform
[2018.07.19-21.11.16:441][  0]LogTemp: Display: Loaded TP WindowsNoEditorTargetPlatform
[2018.07.19-21.11.16:456][  0]LogTemp: Display: Loaded TP WindowsServerTargetPlatform
[2018.07.19-21.11.16:461][  0]LogTemp: Display: Loaded TP WindowsTargetPlatform
[2018.07.19-21.11.16:474][  0]LogTemp: Display: Loaded TP Android_ASTCTargetPlatform
[2018.07.19-21.11.16:486][  0]LogTemp: Display: Loaded TP Android_ATCTargetPlatform
[2018.07.19-21.11.16:499][  0]LogTemp: Display: Loaded TP Android_DXTTargetPlatform
[2018.07.19-21.11.16:515][  0]LogTemp: Display: Loaded TP Android_ETC1aTargetPlatform
[2018.07.19-21.11.16:528][  0]LogTemp: Display: Loaded TP Android_ETC1TargetPlatform
[2018.07.19-21.11.16:541][  0]LogTemp: Display: Loaded TP Android_ETC2TargetPlatform
[2018.07.19-21.11.16:567][  0]LogTemp: Display: Loaded TP Android_MultiTargetPlatform
[2018.07.19-21.11.16:567][  0]LogTemp: Display: Loaded TP Android_PVRTCTargetPlatform
[2018.07.19-21.11.16:581][  0]LogTemp: Display: Loaded TP AndroidTargetPlatform
[2018.07.19-21.11.16:582][  0]LogTemp: Display: Loaded TP HTML5TargetPlatform
[2018.07.19-21.11.16:619][  0]LogTemp: Display: Loaded TP IOSTargetPlatform
[2018.07.19-21.11.16:630][  0]LogTemp: Display: Loaded TP TVOSTargetPlatform
[2018.07.19-21.11.16:643][  0]LogTemp: Display: Loaded TP LinuxClientTargetPlatform
[2018.07.19-21.11.16:656][  0]LogTemp: Display: Loaded TP LinuxNoEditorTargetPlatform
[2018.07.19-21.11.16:666][  0]LogTemp: Display: Loaded TP LinuxServerTargetPlatform
[2018.07.19-21.11.16:680][  0]LogTemp: Display: Loaded TP LinuxTargetPlatform
[2018.07.19-21.11.16:680][  0]LogTargetPlatformManager: Display: Building Assets For Windows
[2018.07.19-21.11.16:780][  0]LogXGEController: Cannot use XGE Controller as Incredibuild is not installed on this machine.
[2018.07.19-21.11.16:780][  0]LogShaderCompilers: Cannot use XGE Shader Compiler as Incredibuild is not installed on this machine.
[2018.07.19-21.11.16:780][  0]LogShaderCompilers: Display: Using Local Shader Compiler.
[2018.07.19-21.11.17:468][  0]LogDerivedDataCache: Display: Max Cache Size: 512 MB
[2018.07.19-21.11.17:553][  0]LogDerivedDataCache: Loaded boot cache 0.08s 74MB C:/Users/iD Student/AppData/Local/UnrealEngine/4.19/DerivedDataCache/Boot.ddc.
[2018.07.19-21.11.17:553][  0]LogDerivedDataCache: Display: Loaded Boot cache: C:/Users/iD Student/AppData/Local/UnrealEngine/4.19/DerivedDataCache/Boot.ddc
[2018.07.19-21.11.17:554][  0]LogDerivedDataCache: FDerivedDataBackendGraph:  Pak pak cache file ../../../../../../Users/iD Student/Desktop/Michael S/Final/groupProject/DerivedDataCache/DDC.ddp not found, will not use a pak cache.
[2018.07.19-21.11.17:554][  0]LogDerivedDataCache: Unable to find inner node Pak for hierarchical cache Hierarchy.
[2018.07.19-21.11.17:554][  0]LogDerivedDataCache: FDerivedDataBackendGraph:  CompressedPak pak cache file ../../../../../../Users/iD Student/Desktop/Michael S/Final/groupProject/DerivedDataCache/Compressed.ddp not found, will not use a pak cache.
[2018.07.19-21.11.17:554][  0]LogDerivedDataCache: Unable to find inner node CompressedPak for hierarchical cache Hierarchy.
[2018.07.19-21.11.17:571][  0]LogDerivedDataCache: Display: Pak cache opened for reading ../../../Engine/DerivedDataCache/Compressed.ddp.
[2018.07.19-21.11.17:583][  0]LogDerivedDataCache: Using Local data cache path C:/Users/iD Student/AppData/Local/UnrealEngine/Common/DerivedDataCache: Writable
[2018.07.19-21.11.17:595][  0]LogMaterial: Verifying Global Shaders for PCD3D_SM5
[2018.07.19-21.11.17:596][  0]LogSlate: Using Freetype 2.6.0
[2018.07.19-21.11.17:596][  0]LogSlate: SlateFontCache - WITH_FREETYPE: 1, WITH_HARFBUZZ: 1
[2018.07.19-21.11.17:596][  0]LogSlate: SlateFontCache - WITH_FREETYPE: 1, WITH_HARFBUZZ: 1
[2018.07.19-21.11.17:714][  0]LogAssetRegistry: FAssetRegistry took 0.0258 seconds to start up
[2018.07.19-21.11.18:059][  0]LogInit: Selected Device Profile: [Windows]
[2018.07.19-21.11.18:216][  0]LogSimplygon: Simplygon DLL not present - disabling.
[2018.07.19-21.11.18:219][  0]LogMeshReduction: Using SimplygonSwarm for distributed automatic mesh merging
[2018.07.19-21.11.18:219][  0]LogMeshReduction: Using QuadricMeshReduction for automatic static mesh reduction
[2018.07.19-21.11.18:219][  0]LogMeshReduction: No automatic skeletal mesh reduction module available
[2018.07.19-21.11.18:220][  0]LogMeshReduction: No automatic mesh merging module available
[2018.07.19-21.11.18:220][  0]LogMeshMerging: No automatic mesh merging module available
[2018.07.19-21.11.18:250][  0]LogNetVersion: groupProject , NetCL: 3944462, EngineNetVer: 2, GameNetVer: 0 (Checksum: 1474271174)
[2018.07.19-21.11.18:739][  0]LogPackageLocalizationCache: Processed 9 localized package path(s) for 2 prioritized culture(s) in 0.084174 seconds
[2018.07.19-21.11.18:745][  0]LogUObjectArray: 36728 objects as part of root set at end of initial load.
[2018.07.19-21.11.18:745][  0]LogUObjectAllocator: 7314304 out of 0 bytes used by permanent object pool.
[2018.07.19-21.11.18:745][  0]LogUObjectArray: CloseDisregardForGC: 0/0 objects in disregard for GC pool
[2018.07.19-21.11.20:385][  0]LogTcpMessaging: Initializing TcpMessaging bridge
[2018.07.19-21.11.20:411][  0]LogUdpMessaging: Initializing bridge on interface 0.0.0.0:0 to multicast group 230.0.0.1:6666.
[2018.07.19-21.11.20:754][  0]SourceControl: Source control is disabled
[2018.07.19-21.11.20:754][  0]SourceControl: Source control is disabled
[2018.07.19-21.11.20:771][  0]SourceControl: Source control is disabled
[2018.07.19-21.11.20:784][  0]SourceControl: Source control is disabled
[2018.07.19-21.11.21:247][  0]LogAndroidPermission: UAndroidPermissionCallbackProxy::GetInstance
[2018.07.19-21.11.21:393][  0]LogOcInput: OculusInput pre-init called
[2018.07.19-21.11.21:499][  0]LogEngine: Initializing Engine...
[2018.07.19-21.11.21:502][  0]LogHMD: Failed to initialize OpenVR with code 110
[2018.07.19-21.11.21:503][  0]LogStats: UGameplayTagsManager::ConstructGameplayTagTree: Construct from data asset -  0.000 s
[2018.07.19-21.11.21:503][  0]LogStats: UGameplayTagsManager::ConstructGameplayTagTree: GameplayTagTreeChangedEvent.Broadcast -  0.000 s
[2018.07.19-21.11.21:786][  0]LogAIModule: Creating AISystem for world Untitled
[2018.07.19-21.11.21:794][  0]LogInit: XAudio2 using 'Speakers (3- USB Audio Device)' : 2 channels at 48 kHz using 16 bits per sample (channel mask 0x3)
[2018.07.19-21.11.21:813][  0]LogInit: FAudioDevice initialized.
[2018.07.19-21.11.21:888][  0]LogDerivedDataCache: Saved boot cache 0.07s 74MB C:/Users/iD Student/AppData/Local/UnrealEngine/4.19/DerivedDataCache/Boot.ddc.
[2018.07.19-21.11.21:908][  0]LogInit: Texture streaming: Enabled
[2018.07.19-21.11.21:924][  0]LogEngineSessionManager: EngineSessionManager initialized
[2018.07.19-21.11.21:939][  0]LogInit: Transaction tracking system initialized
[2018.07.19-21.11.21:960][  0]BlueprintLog: New page: Editor Load
[2018.07.19-21.11.22:041][  0]LocalizationService: Localization service is disabled
[2018.07.19-21.11.22:146][  0]LogConsoleResponse: Display: 
[2018.07.19-21.11.22:335][  0]LogCook: Display: Max memory allowance for cook 16384mb min free memory 0mb
[2018.07.19-21.11.22:335][  0]LogCook: Display: Mobile HDR setting 1
[2018.07.19-21.11.22:335][  0]LogGameplayTags: Display: UGameplayTagsManager::DoneAddingNativeTags. DelegateIsBound: 0
[2018.07.19-21.11.22:335][  0]LogStats: UGameplayTagsManager::ConstructGameplayTagTree: Construct from data asset -  0.000 s
[2018.07.19-21.11.22:335][  0]LogStats: UGameplayTagsManager::ConstructGameplayTagTree: GameplayTagTreeChangedEvent.Broadcast -  0.000 s
[2018.07.19-21.11.22:662][  0]LogFileCache: Scanning file cache for directory 'C:/Users/iD Student/Desktop/Michael S/Final/groupProject/Content/' took 0.03s
[2018.07.19-21.11.22:662][  0]SourceControl: Source control is disabled
[2018.07.19-21.11.22:662][  0]Cmd: MAP LOAD FILE="../../../../../../Users/iD Student/Desktop/Michael S/Final/groupProject/Content/FirstPersonBP/Maps/FirstPersonExampleMap.umap" TEMPLATE=0 SHOWPROGRESS=1 FEATURELEVEL=3
[2018.07.19-21.11.22:663][  0]LightingResults: New page: Lighting Build
[2018.07.19-21.11.22:666][  0]MapCheck: New page: Map Check
[2018.07.19-21.11.22:666][  0]LightingResults: New page: Lighting Build
[2018.07.19-21.11.22:865][  0]LogBlueprint: Warning: [Compiler FirstPersonCharacter] InputAction Event references unknown Action 'Sprint' for  InputAction Sprint
[2018.07.19-21.11.22:895][  0]LogBlueprint: Warning: [Compiler FirstPersonCharacter] [0010.07] Compile of FirstPersonCharacter successful, but with 1 Warning(s) [in 62 ms] (/Game/SoulCave/Blueprints/FirstPersonCharacter.FirstPersonCharacter)
[2018.07.19-21.11.23:107][  0]LogSkeletalMesh: Skeletal Mesh found in DDC [31.195549ms] /Game/Maps/Defiler.Defiler
[2018.07.19-21.11.23:355][  0]LogAIModule: Creating AISystem for world FirstPersonExampleMap
[2018.07.19-21.11.23:372][  0]LogEditorServer: Finished looking for orphan Actors (0.000 secs)
[2018.07.19-21.11.23:387][  0]Cmd: MAP CHECKDEP NOCLEARLOG
[2018.07.19-21.11.23:449][  0]MapCheck: Map check complete: 0 Error(s), 0 Warning(s), took 61.601ms to complete.
[2018.07.19-21.11.23:449][  0]LogFileHelpers: Loading map 'FirstPersonExampleMap' took 0.787
[2018.07.19-21.11.23:588][  0]LogCollectionManager: Loaded 0 collections in 0.001684 seconds
[2018.07.19-21.11.23:642][  0]LogFileCache: Scanning file cache for directory 'C:/Users/iD Student/Desktop/Michael S/Final/groupProject/Saved/Collections/' took 0.01s
[2018.07.19-21.11.23:642][  0]LogFileCache: Scanning file cache for directory 'C:/Users/iD Student/Desktop/Michael S/Final/groupProject/Content/Developers/iDStudent/Collections/' took 0.01s
[2018.07.19-21.11.23:642][  0]LogFileCache: Scanning file cache for directory 'C:/Users/iD Student/Desktop/Michael S/Final/groupProject/Content/Collections/' took 0.01s
[2018.07.19-21.11.23:642][  0]LogCollectionManager: Rebuilt the GUID cache for 0 collections in 0.000002 seconds
[2018.07.19-21.11.23:658][  0]LogContentBrowser: Native class hierarchy populated in 0.0152 seconds. Added 2452 classes and 558 folders.
[2018.07.19-21.11.23:665][  0]LogContentBrowser: Native class hierarchy updated for 'WidgetCarousel' in 0.0002 seconds. Added 0 classes and 0 folders.
[2018.07.19-21.11.23:706][  0]LogContentBrowser: Native class hierarchy updated for 'AddContentDialog' in 0.0002 seconds. Added 0 classes and 0 folders.
[2018.07.19-21.11.23:710][  0]LogContentBrowser: Native class hierarchy updated for 'SceneOutliner' in 0.0002 seconds. Added 1 classes and 2 folders.
[2018.07.19-21.11.23:763][  0]LogContentBrowser: Native class hierarchy updated for 'HierarchicalLODOutliner' in 0.0004 seconds. Added 0 classes and 0 folders.
[2018.07.19-21.11.23:763][  0]LogLoad: (Engine Initialization) Total time: 10.93 seconds
[2018.07.19-21.11.23:763][  0]LogLoad: (Engine Initialization) Total Blueprint compile time: 0.00 seconds
[2018.07.19-21.11.23:783][  0]LogWindowsTextInputMethodSystem: Display: IME system now deactivated.
[2018.07.19-21.11.23:805][  0]LogContentStreaming: Texture pool size now 1000 MB
[2018.07.19-21.11.23:806][  0]LogSlate: Took 0.000194 seconds to synchronously load lazily loaded font '../../../Engine/Content/Slate/Fonts/Roboto-Regular.ttf' (155K)
[2018.07.19-21.11.23:808][  0]LogSlate: Took 0.000134 seconds to synchronously load lazily loaded font '../../../Engine/Content/Slate/Fonts/Roboto-Bold.ttf' (160K)
[2018.07.19-21.11.23:813][  0]LogSlate: Took 0.000398 seconds to synchronously load lazily loaded font '../../../Engine/Content/Editor/Slate/Fonts/FontAwesome.ttf' (139K)
[2018.07.19-21.11.23:934][  0]LogSlate: Took 0.000476 seconds to synchronously load lazily loaded font '../../../Engine/Content/Slate/Fonts/Roboto-Light.ttf' (167K)
[2018.07.19-21.11.23:986][  1]LogRenderer: Reallocating scene render targets to support 800x360 Format 10 NumSamples 1 (Frame:1).
[2018.07.19-21.11.24:231][  3]LogAssetRegistry: Asset discovery search completed in 6.5388 seconds
[2018.07.19-21.11.24:238][  3]LogCollectionManager: Rebuilt the object cache for 0 collections in 0.000001 seconds (found 0 objects)
[2018.07.19-21.11.24:238][  3]LogCollectionManager: Fixed up redirectors for 0 collections in 0.000202 seconds (updated 0 objects)
[2018.07.19-21.11.25:775][ 91]LogSlate: FSceneViewport::OnFocusLost() reason 0
[2018.07.19-21.11.25:919][ 99]LogSlate: Took 0.000616 seconds to synchronously load lazily loaded font '../../../Engine/Content/Slate/Fonts/Roboto-Light.ttf' (167K)
[2018.07.19-21.11.26:424][ 99]LogContentBrowser: Native class hierarchy updated for 'BlueprintGraph' in 0.0006 seconds. Added 116 classes and 0 folders.
[2018.07.19-21.11.27:399][ 99]LogSlate: Took 0.004854 seconds to synchronously load lazily loaded font '../../../Engine/Content/Slate/Fonts/Roboto-BoldCondensed.ttf' (158K)
[2018.07.19-21.11.27:789][100]LogSlate: Took 0.000263 seconds to synchronously load lazily loaded font '../../../Engine/Content/Slate/Fonts/Roboto-Italic.ttf' (157K)
[2018.07.19-21.11.36:164][586]BlueprintLog: New page: Compile FirstPersonCharacter
[2018.07.19-21.11.37:448][610]LogSavePackage: Save=83.85ms
[2018.07.19-21.11.37:448][610]LogSavePackage: Moving '../../../../../../Users/iD Student/Desktop/Michael S/Final/groupProject/Saved/FirstPersonCharacter35BBC7E94550E2EFD34E1DB7083DF7ED.tmp' to '../../../../../../Users/iD Student/Desktop/Michael S/Final/groupProject/Content/FirstPersonBP/Blueprints/FirstPersonCharacter.uasset'
[2018.07.19-21.11.37:454][610]LogSavePackage: Display: Finished SavePackage ../../../../../../Users/iD Student/Desktop/Michael S/Final/groupProject/Content/FirstPersonBP/Blueprints/FirstPersonCharacter.uasset
[2018.07.19-21.11.39:231][715]LogTemp: Repeating last play command: Selected Viewport
[2018.07.19-21.11.39:276][715]LogBlueprintUserMessages: Early PlayInEditor Detection: Level '/Game/FirstPersonBP/Maps/FirstPersonExampleMap.FirstPersonExampleMap:PersistentLevel' has LevelScriptBlueprint '/Game/FirstPersonBP/Maps/FirstPersonExampleMap.FirstPersonExampleMap:PersistentLevel.FirstPersonExampleMap' with GeneratedClass '/Game/FirstPersonBP/Maps/FirstPersonExampleMap.FirstPersonExampleMap_C' with ClassGeneratedBy '/Game/FirstPersonBP/Maps/FirstPersonExampleMap.FirstPersonExampleMap:PersistentLevel.FirstPersonExampleMap'
[2018.07.19-21.11.39:277][715]LogPlayLevel: PlayLevel: No blueprints needed recompiling
[2018.07.19-21.11.39:277][715]PIE: New page: PIE session: FirstPersonExampleMap (Jul 19, 2018, 11:11:39 AM)
[2018.07.19-21.11.39:277][715]LogPlayLevel: Creating play world package: /Game/FirstPersonBP/Maps/UEDPIE_0_FirstPersonExampleMap
[2018.07.19-21.11.39:317][715]LogPlayLevel: PIE: StaticDuplicateObject took: (0.039841s)
[2018.07.19-21.11.39:318][715]LogAIModule: Creating AISystem for world FirstPersonExampleMap
[2018.07.19-21.11.39:319][715]LogPlayLevel: PIE: World Init took: (0.001419s)
[2018.07.19-21.11.39:319][715]LogPlayLevel: PIE: Created PIE world by copying editor world from /Game/FirstPersonBP/Maps/FirstPersonExampleMap.FirstPersonExampleMap to /Game/FirstPersonBP/Maps/UEDPIE_0_FirstPersonExampleMap.FirstPersonExampleMap (0.041615s)
[2018.07.19-21.11.39:353][715]LogInit: XAudio2 using 'Speakers (3- USB Audio Device)' : 2 channels at 48 kHz using 16 bits per sample (channel mask 0x3)
[2018.07.19-21.11.39:361][715]LogInit: FAudioDevice initialized.
[2018.07.19-21.11.39:441][715]LogLoad: Game class is 'FirstPersonGameMode_C'
[2018.07.19-21.11.39:444][715]LogWorld: Bringing World /Game/FirstPersonBP/Maps/UEDPIE_0_FirstPersonExampleMap.FirstPersonExampleMap up for play (max tick rate 60) at 2018.07.19-16.11.39
[2018.07.19-21.11.39:449][715]LogWorld: Bringing up level for play took: 0.006741
[2018.07.19-21.11.39:454][715]LogContentBrowser: Native class hierarchy updated for 'MovieSceneCapture' in 0.0008 seconds. Added 11 classes and 0 folders.
[2018.07.19-21.11.39:455][715]PIE: Play in editor start time for /Game/FirstPersonBP/Maps/UEDPIE_0_FirstPersonExampleMap -0.51
[2018.07.19-21.11.39:455][715]LogBlueprintUserMessages: Late PlayInEditor Detection: Level '/Game/FirstPersonBP/Maps/FirstPersonExampleMap.FirstPersonExampleMap:PersistentLevel' has LevelScriptBlueprint '/Game/FirstPersonBP/Maps/FirstPersonExampleMap.FirstPersonExampleMap:PersistentLevel.FirstPersonExampleMap' with GeneratedClass '/Game/FirstPersonBP/Maps/FirstPersonExampleMap.FirstPersonExampleMap_C' with ClassGeneratedBy '/Game/FirstPersonBP/Maps/FirstPersonExampleMap.FirstPersonExampleMap:PersistentLevel.FirstPersonExampleMap'
[2018.07.19-21.11.39:455][715]LogWindows: Windows GetLastError: The operation completed successfully. (0)
[2018.07.19-21.11.40:078][715]LogWindows: Error: === Critical error: ===
[2018.07.19-21.11.40:078][715]LogWindows: Error: 
[2018.07.19-21.11.40:078][715]LogWindows: Error: Fatal error: [File:D:\Build\++UE4+Release-4.19+Compile\Sync\Engine\Source\Runtime\CoreUObject\Private\UObject\ScriptCore.cpp] [Line: 470] 
[2018.07.19-21.11.40:078][715]LogWindows: Error: Unknown code token 80
[2018.07.19-21.11.40:078][715]LogWindows: Error: 	FirstPersonCharacter_C /Game/FirstPersonBP/Maps/UEDPIE_0_FirstPersonExampleMap.FirstPersonExampleMap:PersistentLevel.FirstPersonCharacter_C_1
[2018.07.19-21.11.40:078][715]LogWindows: Error: 	Function /Game/FirstPersonBP/Blueprints/FirstPersonCharacter.FirstPersonCharacter_C:ExecuteUbergraph_FirstPersonCharacter:0124
[2018.07.19-21.11.40:078][715]LogWindows: Error: 	Script call stack:
[2018.07.19-21.11.40:078][715]LogWindows: Error: 	Function /Game/SoulCave/Blueprints/FirstPersonCharacter.FirstPersonCharacter_C:InpAxisEvt_MoveForward_K2Node_InputAxisEvent_102
[2018.07.19-21.11.40:078][715]LogWindows: Error: 	Function /Game/FirstPersonBP/Blueprints/FirstPersonCharacter.FirstPersonCharacter_C:ExecuteUbergraph_FirstPersonCharacter
[2018.07.19-21.11.40:078][715]LogWindows: Error: 
[2018.07.19-21.11.40:078][715]LogWindows: Error: 
[2018.07.19-21.11.40:078][715]LogWindows: Error: 
[2018.07.19-21.11.40:078][715]LogWindows: Error: [Callstack] 0x000000005355A388 KERNELBASE.dll!UnknownFunction []
[2018.07.19-21.11.40:078][715]LogWindows: Error: [Callstack] 0x000000003BC67884 UE4Editor-ApplicationCore.dll!UnknownFunction []
[2018.07.19-21.11.40:078][715]LogWindows: Error: [Callstack] 0x0000000024E76D8B UE4Editor-Core.dll!UnknownFunction []
[2018.07.19-21.11.40:078][715]LogWindows: Error: [Callstack] 0x0000000024DB1929 UE4Editor-Core.dll!UnknownFunction []
[2018.07.19-21.11.40:078][715]LogWindows: Error: [Callstack] 0x0000000027B96500 UE4Editor-CoreUObject.dll!UnknownFunction []
[2018.07.19-21.11.40:078][715]LogWindows: Error: [Callstack] 0x0000000024E76ED4 UE4Editor-Core.dll!UnknownFunction []
[2018.07.19-21.11.40:078][715]LogWindows: Error: [Callstack] 0x0000000027B7AA72 UE4Editor-CoreUObject.dll!UnknownFunction []
[2018.07.19-21.11.40:078][715]LogWindows: Error: [Callstack] 0x0000000027B611DE UE4Editor-CoreUObject.dll!UnknownFunction []
[2018.07.19-21.11.40:078][715]LogWindows: Error: [Callstack] 0x0000000027B7AA72 UE4Editor-CoreUObject.dll!UnknownFunction []
[2018.07.19-21.11.40:078][715]LogWindows: Error: [Callstack] 0x000000002798E094 UE4Editor-CoreUObject.dll!UnknownFunction []
[2018.07.19-21.11.40:078][715]LogWindows: Error: [Callstack] 0x0000000027B79D63 UE4Editor-CoreUObject.dll!UnknownFunction []
[2018.07.19-21.11.40:078][715]LogWindows: Error: [Callstack] 0x00000000133CCCFB UE4Editor-Engine.dll!UnknownFunction []
[2018.07.19-21.11.40:078][715]LogWindows: Error: [Callstack] 0x00000000145D0B7A UE4Editor-Engine.dll!UnknownFunction []
[2018.07.19-21.11.40:078][715]LogWindows: Error: [Callstack] 0x0000000014602A4A UE4Editor-Engine.dll!UnknownFunction []
[2018.07.19-21.11.40:078][715]LogWindows: Error: [Callstack] 0x0000000014139EF9 UE4Editor-Engine.dll!UnknownFunction []
[2018.07.19-21.11.40:078][715]LogWindows: Error: [Callstack] 0x000000001414E755 UE4Editor-Engine.dll!UnknownFunction []
[2018.07.19-21.11.40:078][715]LogWindows: Error: [Callstack] 0x00000000141379BB UE4Editor-Engine.dll!UnknownFunction []
[2018.07.19-21.11.40:078][715]LogWindows: Error: [Callstack] 0x000000001414D8FC UE4Editor-Engine.dll!UnknownFunction []
[2018.07.19-21.11.40:078][715]LogWindows: Error: [Callstack] 0x00000000133A00E4 UE4Editor-Engine.dll!UnknownFunction []
[2018.07.19-21.11.40:078][715]LogWindows: Error: [Callstack] 0x00000000144A690B UE4Editor-Engine.dll!UnknownFunction []
[2018.07.19-21.11.40:078][715]LogWindows: Error: [Callstack] 0x00000000144ABFE3 UE4Editor-Engine.dll!UnknownFunction []
[2018.07.19-21.11.40:079][715]LogWindows: Error: [Callstack] 0x0000000024C8B713 UE4Editor-Core.dll!UnknownFunction []
[2018.07.19-21.11.40:079][715]LogWindows: Error: [Callstack] 0x0000000024C8BD3A UE4Editor-Core.dll!UnknownFunction []
[2018.07.19-21.11.40:079][715]LogWindows: Error: [Callstack] 0x0000000024CAECFE UE4Editor-Core.dll!UnknownFunction []
[2018.07.19-21.11.40:079][715]LogWindows: Error: [Callstack] 0x00000000144CCFC1 UE4Editor-Engine.dll!UnknownFunction []
[2018.07.19-21.11.40:079][715]LogWindows: Error: [Callstack] 0x00000000144D2AE2 UE4Editor-Engine.dll!UnknownFunction []
[2018.07.19-21.11.40:079][715]LogWindows: Error: [Callstack] 0x0000000013D2BF04 UE4Editor-Engine.dll!UnknownFunction []
[2018.07.19-21.11.40:079][715]LogWindows: Error: [Callstack] 0x0000000013D3716B UE4Editor-Engine.dll!UnknownFunction []
[2018.07.19-21.11.40:079][715]LogWindows: Error: [Callstack] 0x0000000011EDD781 UE4Editor-UnrealEd.dll!UnknownFunction []
[2018.07.19-21.11.40:079][715]LogWindows: Error: [Callstack] 0x0000000012779516 UE4Editor-UnrealEd.dll!UnknownFunction []
[2018.07.19-21.11.40:079][715]LogWindows: Error: [Callstack] 0x00000000C0185EAC UE4Editor.exe!UnknownFunction []
[2018.07.19-21.11.40:079][715]LogWindows: Error: [Callstack] 0x00000000C0196BD0 UE4Editor.exe!UnknownFunction []
[2018.07.19-21.11.40:079][715]LogWindows: Error: [Callstack] 0x00000000C0196C4A UE4Editor.exe!UnknownFunction []
[2018.07.19-21.11.40:079][715]LogWindows: Error: [Callstack] 0x00000000C01A4149 UE4Editor.exe!UnknownFunction []
[2018.07.19-21.11.40:079][715]LogWindows: Error: [Callstack] 0x00000000C01A5B57 UE4Editor.exe!UnknownFunction []
[2018.07.19-21.11.40:079][715]LogWindows: Error: [Callstack] 0x0000000055373034 KERNEL32.DLL!UnknownFunction []
[2018.07.19-21.11.40:079][715]LogWindows: Error: [Callstack] 0x00000000571C1431 ntdll.dll!UnknownFunction []
[2018.07.19-21.11.40:079][715]LogWindows: Error: [Callstack] 0x00000000571C1431 ntdll.dll!UnknownFunction []
[2018.07.19-21.11.40:079][715]LogWindows: Error: 
[2018.07.19-21.11.40:090][715]LogExit: Executing StaticShutdownAfterError
[2018.07.19-21.11.40:094][715]LogWindows: FPlatformMisc::RequestExit(1)
[2018.07.19-21.11.40:094][715]Log file closed, 07/19/18 16:11:40
