Log file open, 07/19/18 10:20:42
LogWindows: Failed to load 'aqProf.dll' (GetLastError=126)
LogWindows: File 'aqProf.dll' does not exist
LogWindows: Failed to load 'VtuneApi.dll' (GetLastError=126)
LogWindows: File 'VtuneApi.dll' does not exist
LogWindows: Failed to load 'VtuneApi32e.dll' (GetLastError=126)
LogWindows: File 'VtuneApi32e.dll' does not exist
LogInit: Display: Running engine for game: groupProject
LogPlatformFile: Not using cached read wrapper
LogInit: Display: RandInit(-1185445763) SRandInit(-1185445763).
LogInit: Read version file with build ID '3944462'
LogInit: Overriding engine version to CL 3989454, compatible CL 3944462
LogInit: Registered custom module enumerator with build ID '3944462'
LogTaskGraph: Started task graph with 5 named threads and 23 total threads with 3 sets of task threads.
LogStats: Stats thread started at 0.267906
LogD3D11RHI: Aftermath initialized
LogICUInternationalization: Display: ICU TimeZone Detection - Raw Offset: -6:00, Platform Override: ''
LogModuleManager: Display: Found up-to-date module file ../../../Engine/Plugins/2D/Paper2D/Binaries/Win64/UE4Editor-Paper2D.dll (API version 3944462).
LogModuleManager: Display: Found up-to-date module file ../../../Engine/Plugins/2D/Paper2D/Binaries/Win64/UE4Editor-Paper2DEditor.dll (API version 3944462).
LogModuleManager: Display: Found up-to-date module file ../../../Engine/Plugins/2D/Paper2D/Binaries/Win64/UE4Editor-PaperSpriteSheetImporter.dll (API version 3944462).
LogModuleManager: Display: Found up-to-date module file ../../../Engine/Plugins/2D/Paper2D/Binaries/Win64/UE4Editor-PaperTiledImporter.dll (API version 3944462).
LogModuleManager: Display: Found up-to-date module file ../../../Engine/Plugins/2D/Paper2D/Binaries/Win64/UE4Editor-SmartSnapping.dll (API version 3944462).
LogModuleManager: Display: Found up-to-date module file ../../../Engine/Plugins/Blendables/LightPropagationVolume/Binaries/Win64/UE4Editor-LightPropagationVolumeRuntime.dll (API version 3944462).
LogModuleManager: Display: Found up-to-date module file ../../../Engine/Plugins/Blendables/LightPropagationVolume/Binaries/Win64/UE4Editor-LightPropagationVolumeEditor.dll (API version 3944462).
LogModuleManager: Display: Found up-to-date module file ../../../Engine/Plugins/Developer/CLionSourceCodeAccess/Binaries/Win64/UE4Editor-CLionSourceCodeAccess.dll (API version 3944462).
LogModuleManager: Display: Found up-to-date module file ../../../Engine/Plugins/Developer/GitSourceControl/Binaries/Win64/UE4Editor-GitSourceControl.dll (API version 3944462).
LogModuleManager: Display: Found up-to-date module file ../../../Engine/Plugins/Developer/PerforceSourceControl/Binaries/Win64/UE4Editor-PerforceSourceControl.dll (API version 3944462).
LogModuleManager: Display: Found up-to-date module file ../../../Engine/Plugins/Developer/SubversionSourceControl/Binaries/Win64/UE4Editor-SubversionSourceControl.dll (API version 3944462).
LogModuleManager: Display: Found up-to-date module file ../../../Engine/Plugins/Developer/UObjectPlugin/Binaries/Win64/UE4Editor-UObjectPlugin.dll (API version 3944462).
LogModuleManager: Display: Found up-to-date module file ../../../Engine/Plugins/Developer/VisualStudioCodeSourceCodeAccess/Binaries/Win64/UE4Editor-VisualStudioCodeSourceCodeAccess.dll (API version 3944462).
LogModuleManager: Display: Found up-to-date module file ../../../Engine/Plugins/Developer/VisualStudioSourceCodeAccess/Binaries/Win64/UE4Editor-VisualStudioSourceCodeAccess.dll (API version 3944462).
LogModuleManager: Display: Found up-to-date module file ../../../Engine/Plugins/Editor/AssetManagerEditor/Binaries/Win64/UE4Editor-AssetManagerEditor.dll (API version 3944462).
LogModuleManager: Display: Found up-to-date module file ../../../Engine/Plugins/Editor/CryptoKeys/Binaries/Win64/UE4Editor-CryptoKeys.dll (API version 3944462).
LogModuleManager: Display: Found up-to-date module file ../../../Engine/Plugins/Editor/CryptoKeys/Binaries/Win64/UE4Editor-CryptoKeysOpenSSL.dll (API version 3944462).
LogModuleManager: Display: Found up-to-date module file ../../../Engine/Plugins/Editor/DataValidation/Binaries/Win64/UE4Editor-DataValidation.dll (API version 3944462).
LogModuleManager: Display: Found up-to-date module file ../../../Engine/Plugins/Editor/FacialAnimation/Binaries/Win64/UE4Editor-FacialAnimation.dll (API version 3944462).
LogModuleManager: Display: Found up-to-date module file ../../../Engine/Plugins/Editor/FacialAnimation/Binaries/Win64/UE4Editor-FacialAnimationEditor.dll (API version 3944462).
LogModuleManager: Display: Found up-to-date module file ../../../Engine/Plugins/Editor/GameplayTagsEditor/Binaries/Win64/UE4Editor-GameplayTagsEditor.dll (API version 3944462).
LogModuleManager: Display: Found up-to-date module file ../../../Engine/Plugins/Editor/MobileLauncherProfileWizard/Binaries/Win64/UE4Editor-MobileLauncherProfileWizard.dll (API version 3944462).
LogModuleManager: Display: Found up-to-date module file ../../../Engine/Plugins/Editor/PluginBrowser/Binaries/Win64/UE4Editor-PluginBrowser.dll (API version 3944462).
LogModuleManager: Display: Found up-to-date module file ../../../Engine/Plugins/Editor/SpeedTreeImporter/Binaries/Win64/UE4Editor-SpeedTreeImporter.dll (API version 3944462).
LogModuleManager: Display: Found up-to-date module file ../../../Engine/Plugins/Enterprise/DatasmithContent/Binaries/Win64/UE4Editor-DatasmithContent.dll (API version 3944462).
LogModuleManager: Display: Found up-to-date module file ../../../Engine/Plugins/Experimental/AlembicImporter/Binaries/Win64/UE4Editor-AlembicImporter.dll (API version 3944462).
LogModuleManager: Display: Found up-to-date module file ../../../Engine/Plugins/Experimental/AlembicImporter/Binaries/Win64/UE4Editor-AlembicLibrary.dll (API version 3944462).
LogModuleManager: Display: Found up-to-date module file ../../../Engine/Plugins/Experimental/CharacterAI/Binaries/Win64/UE4Editor-CharacterAI.dll (API version 3944462).
LogModuleManager: Display: Found up-to-date module file ../../../Engine/Plugins/Experimental/HTML5Networking/Binaries/Win64/UE4Editor-HTML5Networking.dll (API version 3944462).
LogModuleManager: Display: Found up-to-date module file ../../../Engine/Plugins/Media/AndroidMedia/Binaries/Win64/UE4Editor-AndroidMediaEditor.dll (API version 3944462).
LogModuleManager: Display: Found up-to-date module file ../../../Engine/Plugins/Media/AndroidMedia/Binaries/Win64/UE4Editor-AndroidMediaFactory.dll (API version 3944462).
LogModuleManager: Display: Found up-to-date module file ../../../Engine/Plugins/Media/AvfMedia/Binaries/Win64/UE4Editor-AvfMediaEditor.dll (API version 3944462).
LogModuleManager: Display: Found up-to-date module file ../../../Engine/Plugins/Media/AvfMedia/Binaries/Win64/UE4Editor-AvfMediaFactory.dll (API version 3944462).
LogModuleManager: Display: Found up-to-date module file ../../../Engine/Plugins/Media/AvfMedia/Binaries/Win64/UE4Editor-AvfMediaFactory.dll (API version 3944462).
LogModuleManager: Display: Found up-to-date module file ../../../Engine/Plugins/Media/ImgMedia/Binaries/Win64/UE4Editor-ImgMedia.dll (API version 3944462).
LogModuleManager: Display: Found up-to-date module file ../../../Engine/Plugins/Media/ImgMedia/Binaries/Win64/UE4Editor-ImgMediaEditor.dll (API version 3944462).
LogModuleManager: Display: Found up-to-date module file ../../../Engine/Plugins/Media/ImgMedia/Binaries/Win64/UE4Editor-ImgMediaFactory.dll (API version 3944462).
LogModuleManager: Display: Found up-to-date module file ../../../Engine/Plugins/Media/ImgMedia/Binaries/Win64/UE4Editor-ImgMediaFactory.dll (API version 3944462).
LogModuleManager: Display: Found up-to-date module file ../../../Engine/Plugins/Media/ImgMedia/Binaries/Win64/UE4Editor-OpenExrWrapper.dll (API version 3944462).
LogModuleManager: Display: Found up-to-date module file ../../../Engine/Plugins/Media/LinearTimecode/Binaries/Win64/UE4Editor-LinearTimecode.dll (API version 3944462).
LogModuleManager: Display: Found up-to-date module file ../../../Engine/Plugins/Media/MediaCompositing/Binaries/Win64/UE4Editor-MediaCompositing.dll (API version 3944462).
LogModuleManager: Display: Found up-to-date module file ../../../Engine/Plugins/Media/MediaCompositing/Binaries/Win64/UE4Editor-MediaCompositingEditor.dll (API version 3944462).
LogModuleManager: Display: Found up-to-date module file ../../../Engine/Plugins/Media/MediaPlayerEditor/Binaries/Win64/UE4Editor-MediaPlayerEditor.dll (API version 3944462).
LogModuleManager: Display: Found up-to-date module file ../../../Engine/Plugins/Media/WmfMedia/Binaries/Win64/UE4Editor-WmfMedia.dll (API version 3944462).
LogModuleManager: Display: Found up-to-date module file ../../../Engine/Plugins/Media/WmfMedia/Binaries/Win64/UE4Editor-WmfMediaEditor.dll (API version 3944462).
LogModuleManager: Display: Found up-to-date module file ../../../Engine/Plugins/Media/WmfMedia/Binaries/Win64/UE4Editor-WmfMediaFactory.dll (API version 3944462).
LogModuleManager: Display: Found up-to-date module file ../../../Engine/Plugins/Media/WmfMedia/Binaries/Win64/UE4Editor-WmfMediaFactory.dll (API version 3944462).
LogModuleManager: Display: Found up-to-date module file ../../../Engine/Plugins/Messaging/TcpMessaging/Binaries/Win64/UE4Editor-TcpMessaging.dll (API version 3944462).
LogModuleManager: Display: Found up-to-date module file ../../../Engine/Plugins/Messaging/UdpMessaging/Binaries/Win64/UE4Editor-UdpMessaging.dll (API version 3944462).
LogModuleManager: Display: Found up-to-date module file ../../../Engine/Plugins/MovieScene/ActorSequence/Binaries/Win64/UE4Editor-ActorSequence.dll (API version 3944462).
LogModuleManager: Display: Found up-to-date module file ../../../Engine/Plugins/MovieScene/LevelSequenceEditor/Binaries/Win64/UE4Editor-LevelSequenceEditor.dll (API version 3944462).
LogModuleManager: Display: Found up-to-date module file ../../../Engine/Plugins/MovieScene/MatineeToLevelSequence/Binaries/Win64/UE4Editor-MatineeToLevelSequence.dll (API version 3944462).
LogModuleManager: Display: Found up-to-date module file ../../../Engine/Plugins/NetcodeUnitTest/NetcodeUnitTest/Binaries/Win64/UE4Editor-NetcodeUnitTest.dll (API version 3944462).
LogModuleManager: Display: Found up-to-date module file ../../../Engine/Plugins/NetcodeUnitTest/NUTUnrealEngine4/Binaries/Win64/UE4Editor-NUTUnrealEngine4.dll (API version 3944462).
LogModuleManager: Display: Found up-to-date module file ../../../Engine/Plugins/Online/OnlineSubsystem/Binaries/Win64/UE4Editor-OnlineSubsystem.dll (API version 3944462).
LogModuleManager: Display: Found up-to-date module file ../../../Engine/Plugins/Runtime/AndroidPermission/Binaries/Win64/UE4Editor-AndroidPermission.dll (API version 3944462).
LogModuleManager: Display: Found up-to-date module file ../../../Engine/Plugins/Online/OnlineSubsystemNull/Binaries/Win64/UE4Editor-OnlineSubsystemNull.dll (API version 3944462).
LogModuleManager: Display: Found up-to-date module file ../../../Engine/Plugins/Online/OnlineSubsystemUtils/Binaries/Win64/UE4Editor-OnlineSubsystemUtils.dll (API version 3944462).
LogModuleManager: Display: Found up-to-date module file ../../../Engine/Plugins/Online/OnlineSubsystemUtils/Binaries/Win64/UE4Editor-OnlineBlueprintSupport.dll (API version 3944462).
LogModuleManager: Display: Found up-to-date module file ../../../Engine/Plugins/Runtime/AndroidDeviceProfileSelector/Binaries/Win64/UE4Editor-AndroidDeviceProfileSelector.dll (API version 3944462).
LogModuleManager: Display: Found up-to-date module file ../../../Engine/Plugins/Runtime/AppleARKit/Binaries/Win64/UE4Editor-AppleARKit.dll (API version 3944462).
LogModuleManager: Display: Found up-to-date module file ../../../Engine/Plugins/Runtime/ProceduralMeshComponent/Binaries/Win64/UE4Editor-ProceduralMeshComponent.dll (API version 3944462).
LogModuleManager: Display: Found up-to-date module file ../../../Engine/Plugins/Runtime/ProceduralMeshComponent/Binaries/Win64/UE4Editor-ProceduralMeshComponentEditor.dll (API version 3944462).
LogModuleManager: Display: Found up-to-date module file ../../../Engine/Plugins/Animation/LiveLink/Binaries/Win64/UE4Editor-LiveLink.dll (API version 3944462).
LogModuleManager: Display: Found up-to-date module file ../../../Engine/Plugins/Animation/LiveLink/Binaries/Win64/UE4Editor-LiveLinkEditor.dll (API version 3944462).
LogModuleManager: Display: Found up-to-date module file ../../../Engine/Plugins/Runtime/ArchVisCharacter/Binaries/Win64/UE4Editor-ArchVisCharacter.dll (API version 3944462).
LogModuleManager: Display: Found up-to-date module file ../../../Engine/Plugins/Runtime/AudioCapture/Binaries/Win64/UE4Editor-AudioCapture.dll (API version 3944462).
LogModuleManager: Display: Found up-to-date module file ../../../Engine/Plugins/Runtime/AudioCapture/Binaries/Win64/UE4Editor-AudioCaptureEditor.dll (API version 3944462).
LogModuleManager: Display: Found up-to-date module file ../../../Engine/Plugins/Runtime/CableComponent/Binaries/Win64/UE4Editor-CableComponent.dll (API version 3944462).
LogModuleManager: Display: Found up-to-date module file ../../../Engine/Plugins/Runtime/CustomMeshComponent/Binaries/Win64/UE4Editor-CustomMeshComponent.dll (API version 3944462).
LogModuleManager: Display: Found up-to-date module file ../../../Engine/Plugins/Runtime/ExampleDeviceProfileSelector/Binaries/Win64/UE4Editor-ExampleDeviceProfileSelector.dll (API version 3944462).
LogModuleManager: Display: Found up-to-date module file ../../../Engine/Plugins/Runtime/ImmediatePhysics/Binaries/Win64/UE4Editor-ImmediatePhysics.dll (API version 3944462).
LogModuleManager: Display: Found up-to-date module file ../../../Engine/Plugins/Runtime/ImmediatePhysics/Binaries/Win64/UE4Editor-ImmediatePhysicsEditor.dll (API version 3944462).
LogModuleManager: Display: Found up-to-date module file ../../../Engine/Plugins/Runtime/LocationServicesBPLibrary/Binaries/Win64/UE4Editor-LocationServicesBPLibrary.dll (API version 3944462).
LogModuleManager: Display: Found up-to-date module file ../../../Engine/Plugins/Runtime/MobilePatchingUtils/Binaries/Win64/UE4Editor-MobilePatchingUtils.dll (API version 3944462).
LogModuleManager: Display: Found up-to-date module file ../../../Engine/Plugins/Runtime/Oculus/OculusVR/Binaries/Win64/UE4Editor-OculusHMD.dll (API version 3944462).
LogModuleManager: Display: Found up-to-date module file ../../../Engine/Plugins/Runtime/Oculus/OculusVR/Binaries/Win64/UE4Editor-OculusInput.dll (API version 3944462).
LogModuleManager: Display: Found up-to-date module file ../../../Engine/Plugins/Runtime/Oculus/OculusVR/Binaries/Win64/UE4Editor-OculusEditor.dll (API version 3944462).
LogModuleManager: Display: Found up-to-date module file ../../../Engine/Plugins/Runtime/PhysXVehicles/Binaries/Win64/UE4Editor-PhysXVehicles.dll (API version 3944462).
LogModuleManager: Display: Found up-to-date module file ../../../Engine/Plugins/Runtime/PhysXVehicles/Binaries/Win64/UE4Editor-PhysXVehiclesEditor.dll (API version 3944462).
LogModuleManager: Display: Found up-to-date module file ../../../Engine/Plugins/Runtime/RuntimePhysXCooking/Binaries/Win64/UE4Editor-RuntimePhysXCooking.dll (API version 3944462).
LogModuleManager: Display: Found up-to-date module file ../../../Engine/Plugins/Runtime/Steam/SteamVR/Binaries/Win64/UE4Editor-SteamVR.dll (API version 3944462).
LogModuleManager: Display: Found up-to-date module file ../../../Engine/Plugins/Runtime/Steam/SteamVR/Binaries/Win64/UE4Editor-SteamVRController.dll (API version 3944462).
LogModuleManager: Display: Found up-to-date module file ../../../Engine/Plugins/Runtime/WindowsMoviePlayer/Binaries/Win64/UE4Editor-WindowsMoviePlayer.dll (API version 3944462).
LogPluginManager: Mounting plugin Paper2D
LogPluginManager: Mounting plugin LiveLink
LogPluginManager: Mounting plugin LightPropagationVolume
LogPluginManager: Mounting plugin CLionSourceCodeAccess
LogPluginManager: Mounting plugin CodeLiteSourceCodeAccess
LogPluginManager: Mounting plugin GitSourceControl
LogPluginManager: Mounting plugin KDevelopSourceCodeAccess
LogPluginManager: Mounting plugin NullSourceCodeAccess
LogPluginManager: Mounting plugin PerforceSourceControl
LogPluginManager: Mounting plugin SubversionSourceControl
LogPluginManager: Mounting plugin UObjectPlugin
LogPluginManager: Mounting plugin VisualStudioCodeSourceCodeAccess
LogPluginManager: Mounting plugin VisualStudioSourceCodeAccess
LogPluginManager: Mounting plugin XCodeSourceCodeAccess
LogPluginManager: Mounting plugin AssetManagerEditor
LogPluginManager: Mounting plugin CryptoKeys
LogPluginManager: Mounting plugin DataValidation
LogPluginManager: Mounting plugin FacialAnimation
LogPluginManager: Mounting plugin GameplayTagsEditor
LogPluginManager: Mounting plugin MobileLauncherProfileWizard
LogPluginManager: Mounting plugin PluginBrowser
LogPluginManager: Mounting plugin SpeedTreeImporter
LogPluginManager: Mounting plugin DatasmithContent
LogPluginManager: Mounting plugin AlembicImporter
LogPluginManager: Mounting plugin CharacterAI
LogPluginManager: Mounting plugin HTML5Networking
LogPluginManager: Mounting plugin AndroidMedia
LogPluginManager: Mounting plugin AvfMedia
LogPluginManager: Mounting plugin ImgMedia
LogPluginManager: Mounting plugin LinearTimecode
LogPluginManager: Mounting plugin MediaCompositing
LogPluginManager: Mounting plugin MediaPlayerEditor
LogPluginManager: Mounting plugin WmfMedia
LogPluginManager: Mounting plugin TcpMessaging
LogPluginManager: Mounting plugin UdpMessaging
LogPluginManager: Mounting plugin ActorSequence
LogPluginManager: Mounting plugin LevelSequenceEditor
LogPluginManager: Mounting plugin MatineeToLevelSequence
LogPluginManager: Mounting plugin NetcodeUnitTest
LogPluginManager: Mounting plugin NUTUnrealEngine4
LogPluginManager: Mounting plugin OnlineSubsystemGooglePlay
LogPluginManager: Mounting plugin OnlineSubsystemIOS
LogPluginManager: Mounting plugin OnlineSubsystem
LogPluginManager: Mounting plugin OnlineSubsystemNull
LogPluginManager: Mounting plugin OnlineSubsystemUtils
LogPluginManager: Mounting plugin AndroidDeviceProfileSelector
LogPluginManager: Mounting plugin AndroidMoviePlayer
LogPluginManager: Mounting plugin AndroidPermission
LogPluginManager: Mounting plugin AppleARKit
LogPluginManager: Mounting plugin AppleMoviePlayer
LogPluginManager: Mounting plugin ArchVisCharacter
LogPluginManager: Mounting plugin AudioCapture
LogPluginManager: Mounting plugin CableComponent
LogPluginManager: Mounting plugin CustomMeshComponent
LogPluginManager: Mounting plugin ExampleDeviceProfileSelector
LogPluginManager: Mounting plugin GoogleCloudMessaging
LogPluginManager: Mounting plugin ImmediatePhysics
LogPluginManager: Mounting plugin IOSDeviceProfileSelector
LogPluginManager: Mounting plugin LinuxDeviceProfileSelector
LogPluginManager: Mounting plugin LocationServicesBPLibrary
LogPluginManager: Mounting plugin MobilePatchingUtils
LogPluginManager: Mounting plugin OculusVR
LogPluginManager: Plugin shader directory ../../../Engine/Plugins/Runtime/Oculus/OculusVR/Shaders found
LogPluginManager: Mapping shader source directory ../../../Engine/Plugins/Runtime/Oculus/OculusVR/Shaders to virtual directory /Plugin/OculusVR
LogPluginManager: Mounting plugin PhysXVehicles
LogPluginManager: Mounting plugin ProceduralMeshComponent
LogPluginManager: Mounting plugin RuntimePhysXCooking
LogPluginManager: Mounting plugin SteamVR
LogPluginManager: Mounting plugin WindowsMoviePlayer
LogStreaming: Display: Took  0.945s to configure plugins.
LogInit: Using libcurl 7.47.1
LogInit:  - built for x86_64-pc-win32
LogInit:  - supports SSL with OpenSSL/1.0.2g
LogInit:  - supports HTTP deflate (compression) using libz 1.2.8
LogInit:  - other features:
LogInit:      CURL_VERSION_SSL
LogInit:      CURL_VERSION_LIBZ
LogInit:      CURL_VERSION_IPV6
LogInit:      CURL_VERSION_ASYNCHDNS
LogInit:      CURL_VERSION_LARGEFILE
LogInit:      CURL_VERSION_IDN
LogInit:  CurlRequestOptions (configurable via config and command line):
LogInit:  - bVerifyPeer = false  - Libcurl will NOT verify peer certificate
LogInit:  - bUseHttpProxy = false  - Libcurl will NOT use HTTP proxy
LogInit:  - bDontReuseConnections = false  - Libcurl will reuse connections
LogInit:  - CertBundlePath = nullptr  - Libcurl will use whatever was configured at build time.
LogInit:  - MaxHostConnections = 16  - Libcurl will limit the number of connections to a host
LogInit:  - LocalHostAddr = Default
LogInit: WinSock: version 1.1 (2.2), MaxSocks=32767, MaxUdp=65467
LogInit: WinSock: I am Camp-6N56142 (129.59.56.149:0)
LogInit: Build: ++UE4+Release-4.19-CL-3989454
LogInit: Engine Version: 4.19.1-3989454+++UE4+Release-4.19
LogInit: Compatible Engine Version: 4.19.0-3944462+++UE4+Release-4.19
LogInit: Net CL: 3944462
LogDevObjectVersion: Number of dev versions registered: 18
LogDevObjectVersion:   Dev-Blueprints (B0D832E4-1F89-4F0D-ACCF-7EB736FD4AA2): 10
LogDevObjectVersion:   Dev-Build (E1C64328-A22C-4D53-A36C-8E866417BD8C): 0
LogDevObjectVersion:   Dev-Core (375EC13C-06E4-48FB-B500-84F0262A717E): 2
LogDevObjectVersion:   Dev-Editor (E4B068ED-F494-42E9-A231-DA0B2E46BB41): 23
LogDevObjectVersion:   Dev-Framework (CFFC743F-43B0-4480-9391-14DF171D2073): 33
LogDevObjectVersion:   Dev-Mobile (B02B49B5-BB20-44E9-A304-32B752E40360): 2
LogDevObjectVersion:   Dev-Networking (A4E4105C-59A1-49B5-A7C5-40C4547EDFEE): 0
LogDevObjectVersion:   Dev-Online (39C831C9-5AE6-47DC-9A44-9C173E1C8E7C): 0
LogDevObjectVersion:   Dev-Physics (78F01B33-EBEA-4F98-B9B4-84EACCB95AA2): 0
LogDevObjectVersion:   Dev-Platform (6631380F-2D4D-43E0-8009-CF276956A95A): 0
LogDevObjectVersion:   Dev-Rendering (12F88B9F-8875-4AFC-A67C-D90C383ABD29): 25
LogDevObjectVersion:   Dev-Sequencer (7B5AE74C-D270-4C10-A958-57980B212A5A): 6
LogDevObjectVersion:   Dev-VR (D7296918-1DD6-4BDD-9DE2-64A83CC13884): 1
LogDevObjectVersion:   Dev-LoadTimes (C2A15278-BFE7-4AFE-6C17-90FF531DF755): 1
LogDevObjectVersion:   Private-Geometry (6EACA3D4-40EC-4CC1-B786-8BED09428FC5): 2
LogDevObjectVersion:   Dev-AnimPhys (29E575DD-E0A3-4627-9D10-D276232CDCEA): 16
LogDevObjectVersion:   Dev-ReflectionCapture (6B266CEC-1EC7-4B8F-A30B-E4D90942FC07): 1
LogDevObjectVersion:   Dev-Automation (0DF73D61-A23F-47EA-B727-89E90C41499A): 1
LogInit: Compiled (64-bit): Apr  6 2018 12:26:04
LogInit: Compiled with Visual C++: 19.00.24215.01
LogInit: Build Configuration: Development
LogInit: Branch Name: ++UE4+Release-4.19
LogInit: Command Line:  
LogInit: Base Directory: C:/Program Files/Epic Games/UE_4.19/Engine/Binaries/Win64/
LogInit: Installed Engine Build: 1
LogStreaming: Display: Took  0.002s to delete old logs.
LogInit: Presizing for max 8388607 objects, including 0 objects not considered by GC, pre-allocating 0 bytes for permanent pool.
LogInit: Object subsystem initialized
[2018.07.19-15.20.43:606][  0]LogInit: Selected Device Profile: [Windows]
[2018.07.19-15.20.43:606][  0]LogInit: Applying CVar settings loaded from the selected device profile: [Windows]
[2018.07.19-15.20.43:624][  0]LogInit: Computer: CAMP-6N56142
[2018.07.19-15.20.43:624][  0]LogInit: User: iDStudent
[2018.07.19-15.20.43:624][  0]LogInit: CPU Page size=4096, Cores=4
[2018.07.19-15.20.43:624][  0]LogInit: High frequency timer resolution =2.742187 MHz
[2018.07.19-15.20.43:624][  0]LogMemory: Memory total: Physical=15.9GB (16GB approx)
[2018.07.19-15.20.43:624][  0]LogMemory: Platform Memory Stats for Windows
[2018.07.19-15.20.43:624][  0]LogMemory: Process Physical Memory: 275.18 MB used, 275.18 MB peak
[2018.07.19-15.20.43:624][  0]LogMemory: Process Virtual Memory: 264.86 MB used, 264.86 MB peak
[2018.07.19-15.20.43:624][  0]LogMemory: Physical Memory: 3974.52 MB used,  12275.65 MB free, 16250.17 MB total
[2018.07.19-15.20.43:624][  0]LogMemory: Virtual Memory: 693.31 MB used,  12275.65 MB free, 134217728.00 MB total
[2018.07.19-15.20.44:348][  0]LogInit: Using OS detected language (en-US).
[2018.07.19-15.20.44:348][  0]LogInit: Using OS detected locale (en-US).
[2018.07.19-15.20.44:351][  0]LogTextLocalizationManager: No specific localization for 'en-US' exists, so the 'en' localization will be used.
[2018.07.19-15.20.44:758][  0]LogStreaming: Display: Took  0.410s to EndInitTextLocalization.
[2018.07.19-15.20.44:758][  0]LogInit: Setting process to per monitor DPI aware
[2018.07.19-15.20.44:794][  0]LogSlate: New Slate User Created.  User Index 0, Is Virtual User: 0
[2018.07.19-15.20.44:794][  0]LogSlate: Slate User Registered.  User Index 0, Is Virtual User: 0
[2018.07.19-15.20.44:998][  0]LogD3D11RHI: D3D11 adapters:
[2018.07.19-15.20.45:053][  0]LogD3D11RHI:    0. 'NVIDIA GeForce GTX 1050 Ti' (Feature Level 11_0)
[2018.07.19-15.20.45:054][  0]LogD3D11RHI:       4018/0/8125 MB DedicatedVideo/DedicatedSystem/SharedSystem, Outputs:1, VendorId:0x10de
[2018.07.19-15.20.45:064][  0]LogD3D11RHI:    1. 'Intel(R) HD Graphics 630' (Feature Level 11_0)
[2018.07.19-15.20.45:064][  0]LogD3D11RHI:       128/0/8125 MB DedicatedVideo/DedicatedSystem/SharedSystem, Outputs:0, VendorId:0x8086
[2018.07.19-15.20.45:066][  0]LogD3D11RHI:    2. 'Microsoft Basic Render Driver' (Feature Level 11_0)
[2018.07.19-15.20.45:066][  0]LogD3D11RHI:       0/0/8125 MB DedicatedVideo/DedicatedSystem/SharedSystem, Outputs:0, VendorId:0x1414
[2018.07.19-15.20.45:066][  0]LogD3D11RHI: Chosen D3D11 Adapter: 0
[2018.07.19-15.20.45:072][  0]LogD3D11RHI: Creating new Direct3DDevice
[2018.07.19-15.20.45:072][  0]LogD3D11RHI:     GPU DeviceId: 0x1c8c (for the marketing name, search the web for "GPU Device Id")
[2018.07.19-15.20.45:072][  0]LogWindows: EnumDisplayDevices:
[2018.07.19-15.20.45:072][  0]LogWindows:    0. 'Intel(R) HD Graphics 630' (P:1 D:1)
[2018.07.19-15.20.45:072][  0]LogWindows:    1. 'Intel(R) HD Graphics 630' (P:0 D:0)
[2018.07.19-15.20.45:072][  0]LogWindows:    2. 'Intel(R) HD Graphics 630' (P:0 D:0)
[2018.07.19-15.20.45:072][  0]LogWindows:    3. 'NVIDIA GeForce GTX 1050 Ti' (P:0 D:0)
[2018.07.19-15.20.45:072][  0]LogWindows: DebugString: GetVideoDriverDetailsInvalid PrimaryIsNotTheChoosenAdapter GetVideoDriverDetailsInvalid PrimaryIsNotTheChoosenAdapter GetVideoDriverDetailsInvalid PrimaryIsNotTheChoosenAdapter GetVideoDriverDetailsInvalid PrimaryIsNotTheChoosenAdapter FoundDriverCount:0 
[2018.07.19-15.20.45:072][  0]LogD3D11RHI:     Adapter Name: NVIDIA GeForce GTX 1050 Ti
[2018.07.19-15.20.45:072][  0]LogD3D11RHI:   Driver Version: Unknown (internal:Unknown, unified:Unknown)
[2018.07.19-15.20.45:072][  0]LogD3D11RHI:      Driver Date: Unknown
[2018.07.19-15.20.45:072][  0]LogRHI: Texture pool is 2812 MB (70% of 4018 MB)
[2018.07.19-15.20.45:106][  0]LogD3D11RHI: [Aftermath] Aftermath enabled and primed
[2018.07.19-15.20.45:106][  0]LogD3D11RHI: [Aftermath] Aftermath enabled and primed
[2018.07.19-15.20.45:106][  0]LogD3D11RHI: Async texture creation enabled
[2018.07.19-15.20.45:124][  0]LogD3D11RHI: GPU Timing Frequency: 1000.000000 (Debug: 2 2)
[2018.07.19-15.20.45:124][  0]LogShaderCompilers: Guid format shader working directory is -19 characters bigger than the processId version (../../../../../../Users/iD Student/Desktop/Jordan W/Final/groupProject/Intermediate/Shaders/WorkingDirectory/8048/).
[2018.07.19-15.20.45:125][  0]LogShaderCompilers: Cleaned the shader compiler working directory 'C:/Users/iD Student/AppData/Local/Temp/UnrealShaderWorkingDir/10176F044CFB31307671098ADD4587B5/'.
[2018.07.19-15.20.45:331][  0]LogTemp: Display: Loaded TP AllDesktopTargetPlatform
[2018.07.19-15.20.45:344][  0]LogTemp: Display: Loaded TP MacClientTargetPlatform
[2018.07.19-15.20.45:357][  0]LogTemp: Display: Loaded TP MacNoEditorTargetPlatform
[2018.07.19-15.20.45:371][  0]LogTemp: Display: Loaded TP MacServerTargetPlatform
[2018.07.19-15.20.45:385][  0]LogTemp: Display: Loaded TP MacTargetPlatform
[2018.07.19-15.20.45:399][  0]LogTemp: Display: Loaded TP WindowsClientTargetPlatform
[2018.07.19-15.20.45:411][  0]LogTemp: Display: Loaded TP WindowsNoEditorTargetPlatform
[2018.07.19-15.20.45:424][  0]LogTemp: Display: Loaded TP WindowsServerTargetPlatform
[2018.07.19-15.20.45:432][  0]LogTemp: Display: Loaded TP WindowsTargetPlatform
[2018.07.19-15.20.45:443][  0]LogTemp: Display: Loaded TP Android_ASTCTargetPlatform
[2018.07.19-15.20.45:454][  0]LogTemp: Display: Loaded TP Android_ATCTargetPlatform
[2018.07.19-15.20.45:464][  0]LogTemp: Display: Loaded TP Android_DXTTargetPlatform
[2018.07.19-15.20.45:475][  0]LogTemp: Display: Loaded TP Android_ETC1aTargetPlatform
[2018.07.19-15.20.45:486][  0]LogTemp: Display: Loaded TP Android_ETC1TargetPlatform
[2018.07.19-15.20.45:497][  0]LogTemp: Display: Loaded TP Android_ETC2TargetPlatform
[2018.07.19-15.20.45:518][  0]LogTemp: Display: Loaded TP Android_MultiTargetPlatform
[2018.07.19-15.20.45:518][  0]LogTemp: Display: Loaded TP Android_PVRTCTargetPlatform
[2018.07.19-15.20.45:529][  0]LogTemp: Display: Loaded TP AndroidTargetPlatform
[2018.07.19-15.20.45:530][  0]LogTemp: Display: Loaded TP HTML5TargetPlatform
[2018.07.19-15.20.45:567][  0]LogTemp: Display: Loaded TP IOSTargetPlatform
[2018.07.19-15.20.45:578][  0]LogTemp: Display: Loaded TP TVOSTargetPlatform
[2018.07.19-15.20.45:589][  0]LogTemp: Display: Loaded TP LinuxClientTargetPlatform
[2018.07.19-15.20.45:600][  0]LogTemp: Display: Loaded TP LinuxNoEditorTargetPlatform
[2018.07.19-15.20.45:611][  0]LogTemp: Display: Loaded TP LinuxServerTargetPlatform
[2018.07.19-15.20.45:623][  0]LogTemp: Display: Loaded TP LinuxTargetPlatform
[2018.07.19-15.20.45:623][  0]LogTargetPlatformManager: Display: Building Assets For Windows
[2018.07.19-15.20.45:722][  0]LogXGEController: Cleaning working directory: C:/Users/iD Student/AppData/Local/Temp/UnrealXGEWorkingDir/
[2018.07.19-15.20.45:722][  0]LogXGEController: Cannot use XGE Controller as Incredibuild is not installed on this machine.
[2018.07.19-15.20.45:723][  0]LogShaderCompilers: Cannot use XGE Shader Compiler as Incredibuild is not installed on this machine.
[2018.07.19-15.20.45:723][  0]LogShaderCompilers: Display: Using Local Shader Compiler.
[2018.07.19-15.20.46:359][  0]LogDerivedDataCache: Display: Max Cache Size: 512 MB
[2018.07.19-15.20.46:429][  0]LogDerivedDataCache: Loaded boot cache 0.07s 74MB C:/Users/iD Student/AppData/Local/UnrealEngine/4.19/DerivedDataCache/Boot.ddc.
[2018.07.19-15.20.46:429][  0]LogDerivedDataCache: Display: Loaded Boot cache: C:/Users/iD Student/AppData/Local/UnrealEngine/4.19/DerivedDataCache/Boot.ddc
[2018.07.19-15.20.46:429][  0]LogDerivedDataCache: FDerivedDataBackendGraph:  Pak pak cache file ../../../../../../Users/iD Student/Desktop/Jordan W/Final/groupProject/DerivedDataCache/DDC.ddp not found, will not use a pak cache.
[2018.07.19-15.20.46:429][  0]LogDerivedDataCache: Unable to find inner node Pak for hierarchical cache Hierarchy.
[2018.07.19-15.20.46:429][  0]LogDerivedDataCache: FDerivedDataBackendGraph:  CompressedPak pak cache file ../../../../../../Users/iD Student/Desktop/Jordan W/Final/groupProject/DerivedDataCache/Compressed.ddp not found, will not use a pak cache.
[2018.07.19-15.20.46:429][  0]LogDerivedDataCache: Unable to find inner node CompressedPak for hierarchical cache Hierarchy.
[2018.07.19-15.20.46:444][  0]LogDerivedDataCache: Display: Pak cache opened for reading ../../../Engine/DerivedDataCache/Compressed.ddp.
[2018.07.19-15.20.46:456][  0]LogDerivedDataCache: Using Local data cache path C:/Users/iD Student/AppData/Local/UnrealEngine/Common/DerivedDataCache: Writable
[2018.07.19-15.20.46:467][  0]LogMaterial: Verifying Global Shaders for PCD3D_SM5
[2018.07.19-15.20.46:467][  0]LogSlate: Using Freetype 2.6.0
[2018.07.19-15.20.46:468][  0]LogSlate: SlateFontCache - WITH_FREETYPE: 1, WITH_HARFBUZZ: 1
[2018.07.19-15.20.46:468][  0]LogSlate: SlateFontCache - WITH_FREETYPE: 1, WITH_HARFBUZZ: 1
[2018.07.19-15.20.46:581][  0]LogAssetRegistry: FAssetRegistry took 0.0264 seconds to start up
[2018.07.19-15.20.46:881][  0]LogInit: Selected Device Profile: [Windows]
[2018.07.19-15.20.47:030][  0]LogSimplygon: Simplygon DLL not present - disabling.
[2018.07.19-15.20.47:032][  0]LogMeshReduction: Using SimplygonSwarm for distributed automatic mesh merging
[2018.07.19-15.20.47:032][  0]LogMeshReduction: Using QuadricMeshReduction for automatic static mesh reduction
[2018.07.19-15.20.47:032][  0]LogMeshReduction: No automatic skeletal mesh reduction module available
[2018.07.19-15.20.47:032][  0]LogMeshReduction: No automatic mesh merging module available
[2018.07.19-15.20.47:032][  0]LogMeshMerging: No automatic mesh merging module available
[2018.07.19-15.20.47:062][  0]LogNetVersion: groupProject , NetCL: 3944462, EngineNetVer: 2, GameNetVer: 0 (Checksum: 1474271174)
[2018.07.19-15.20.47:526][  0]LogPackageLocalizationCache: Processed 9 localized package path(s) for 2 prioritized culture(s) in 0.085975 seconds
[2018.07.19-15.20.47:534][  0]LogUObjectArray: 36728 objects as part of root set at end of initial load.
[2018.07.19-15.20.47:534][  0]LogUObjectAllocator: 7314304 out of 0 bytes used by permanent object pool.
[2018.07.19-15.20.47:534][  0]LogUObjectArray: CloseDisregardForGC: 0/0 objects in disregard for GC pool
[2018.07.19-15.20.49:103][  0]LogTcpMessaging: Initializing TcpMessaging bridge
[2018.07.19-15.20.49:129][  0]LogUdpMessaging: Initializing bridge on interface 0.0.0.0:0 to multicast group 230.0.0.1:6666.
[2018.07.19-15.20.49:513][  0]SourceControl: Source control is disabled
[2018.07.19-15.20.49:513][  0]SourceControl: Source control is disabled
[2018.07.19-15.20.49:534][  0]SourceControl: Source control is disabled
[2018.07.19-15.20.49:560][  0]SourceControl: Source control is disabled
[2018.07.19-15.20.50:035][  0]LogAndroidPermission: UAndroidPermissionCallbackProxy::GetInstance
[2018.07.19-15.20.50:160][  0]LogOcInput: OculusInput pre-init called
[2018.07.19-15.20.50:261][  0]LogEngine: Initializing Engine...
[2018.07.19-15.20.50:262][  0]LogHMD: Failed to initialize OpenVR with code 110
[2018.07.19-15.20.50:263][  0]LogStats: UGameplayTagsManager::ConstructGameplayTagTree: Construct from data asset -  0.000 s
[2018.07.19-15.20.50:264][  0]LogStats: UGameplayTagsManager::ConstructGameplayTagTree: GameplayTagTreeChangedEvent.Broadcast -  0.000 s
[2018.07.19-15.20.50:512][  0]LogAIModule: Creating AISystem for world Untitled
[2018.07.19-15.20.50:517][  0]LogInit: XAudio2 using 'Speakers / Headphones (Realtek Audio)' : 2 channels at 48 kHz using 32 bits per sample (channel mask 0x3)
[2018.07.19-15.20.51:901][  0]LogInit: FAudioDevice initialized.
[2018.07.19-15.20.51:966][  0]LogDerivedDataCache: Saved boot cache 0.07s 74MB C:/Users/iD Student/AppData/Local/UnrealEngine/4.19/DerivedDataCache/Boot.ddc.
[2018.07.19-15.20.51:982][  0]LogInit: Texture streaming: Enabled
[2018.07.19-15.20.51:998][  0]LogEngineSessionManager: EngineSessionManager initialized
[2018.07.19-15.20.52:012][  0]LogInit: Transaction tracking system initialized
[2018.07.19-15.20.52:035][  0]BlueprintLog: New page: Editor Load
[2018.07.19-15.20.52:110][  0]LocalizationService: Localization service is disabled
[2018.07.19-15.20.52:190][  0]LogLinker: Warning: Can't find file '/Game/FirstPersonBP/FirstPersonOverview'
[2018.07.19-15.20.52:190][  0]LogLinker: Warning: Can't find file '/Game/FirstPersonBP/FirstPersonOverview'
[2018.07.19-15.20.52:190][  0]LogUObjectGlobals: Warning: Failed to find object 'Class /Game/FirstPersonBP/FirstPersonOverview.FirstPersonOverview_C'
[2018.07.19-15.20.52:232][  0]LogConsoleResponse: Display: 
[2018.07.19-15.20.52:392][  0]LogCook: Display: Max memory allowance for cook 16384mb min free memory 0mb
[2018.07.19-15.20.52:393][  0]LogCook: Display: Mobile HDR setting 1
[2018.07.19-15.20.52:393][  0]LogGameplayTags: Display: UGameplayTagsManager::DoneAddingNativeTags. DelegateIsBound: 0
[2018.07.19-15.20.52:393][  0]LogStats: UGameplayTagsManager::ConstructGameplayTagTree: Construct from data asset -  0.000 s
[2018.07.19-15.20.52:393][  0]LogStats: UGameplayTagsManager::ConstructGameplayTagTree: GameplayTagTreeChangedEvent.Broadcast -  0.000 s
[2018.07.19-15.20.52:744][  0]LogFileCache: Scanning file cache for directory 'C:/Users/iD Student/Desktop/Jordan W/Final/groupProject/Content/' took 0.03s
[2018.07.19-15.20.52:744][  0]SourceControl: Source control is disabled
[2018.07.19-15.20.52:744][  0]Cmd: MAP LOAD FILE="../../../../../../Users/iD Student/Desktop/Jordan W/Final/groupProject/Content/FirstPersonBP/Maps/FirstPersonExampleMap.umap" TEMPLATE=0 SHOWPROGRESS=1 FEATURELEVEL=3
[2018.07.19-15.20.52:745][  0]LightingResults: New page: Lighting Build
[2018.07.19-15.20.52:747][  0]MapCheck: New page: Map Check
[2018.07.19-15.20.52:747][  0]LightingResults: New page: Lighting Build
[2018.07.19-15.20.53:127][  0]LogSkeletalMesh: Skeletal Mesh found in DDC [25.506285ms] /Game/Maps/Defiler.Defiler
[2018.07.19-15.20.53:251][  0]LogAIModule: Creating AISystem for world FirstPersonExampleMap
[2018.07.19-15.20.53:264][  0]LogEditorServer: Finished looking for orphan Actors (0.000 secs)
[2018.07.19-15.20.53:280][  0]Cmd: MAP CHECKDEP NOCLEARLOG
[2018.07.19-15.20.53:329][  0]MapCheck: Map check complete: 0 Error(s), 0 Warning(s), took 49.382ms to complete.
[2018.07.19-15.20.53:329][  0]LogFileHelpers: Loading map 'FirstPersonExampleMap' took 0.585
[2018.07.19-15.20.53:473][  0]LogCollectionManager: Loaded 0 collections in 0.002008 seconds
[2018.07.19-15.20.53:516][  0]LogFileCache: Scanning file cache for directory 'C:/Users/iD Student/Desktop/Jordan W/Final/groupProject/Saved/Collections/' took 0.01s
[2018.07.19-15.20.53:516][  0]LogFileCache: Scanning file cache for directory 'C:/Users/iD Student/Desktop/Jordan W/Final/groupProject/Content/Developers/iDStudent/Collections/' took 0.01s
[2018.07.19-15.20.53:516][  0]LogFileCache: Scanning file cache for directory 'C:/Users/iD Student/Desktop/Jordan W/Final/groupProject/Content/Collections/' took 0.01s
[2018.07.19-15.20.53:516][  0]LogCollectionManager: Rebuilt the GUID cache for 0 collections in 0.000000 seconds
[2018.07.19-15.20.53:526][  0]LogContentBrowser: Native class hierarchy populated in 0.0099 seconds. Added 2452 classes and 558 folders.
[2018.07.19-15.20.53:533][  0]LogContentBrowser: Native class hierarchy updated for 'WidgetCarousel' in 0.0003 seconds. Added 0 classes and 0 folders.
[2018.07.19-15.20.53:577][  0]LogContentBrowser: Native class hierarchy updated for 'AddContentDialog' in 0.0002 seconds. Added 0 classes and 0 folders.
[2018.07.19-15.20.53:582][  0]LogContentBrowser: Native class hierarchy updated for 'SceneOutliner' in 0.0003 seconds. Added 1 classes and 2 folders.
[2018.07.19-15.20.53:672][  0]LogSlate: Took 0.000335 seconds to synchronously load lazily loaded font '../../../Engine/Content/Slate/Fonts/Roboto-Regular.ttf' (155K)
[2018.07.19-15.20.53:676][  0]LogSlate: Took 0.000355 seconds to synchronously load lazily loaded font '../../../Engine/Content/Slate/Fonts/Roboto-Bold.ttf' (160K)
[2018.07.19-15.20.53:698][  0]LogSlate: Took 0.000779 seconds to synchronously load lazily loaded font '../../../Engine/Content/Editor/Slate/Fonts/FontAwesome.ttf' (139K)
[2018.07.19-15.20.53:817][  0]LogRenderer: Reallocating scene render targets to support 784x476 Format 10 NumSamples 1 (Frame:1).
[2018.07.19-15.20.53:909][  0]LogSlate: Took 0.000669 seconds to synchronously load lazily loaded font '../../../Engine/Content/Slate/Fonts/Roboto-Light.ttf' (167K)
[2018.07.19-15.20.54:046][  0]LogContentBrowser: Native class hierarchy updated for 'HierarchicalLODOutliner' in 0.0002 seconds. Added 0 classes and 0 folders.
[2018.07.19-15.20.54:046][  0]LogLoad: (Engine Initialization) Total time: 12.85 seconds
[2018.07.19-15.20.54:046][  0]LogLoad: (Engine Initialization) Total Blueprint compile time: 0.00 seconds
[2018.07.19-15.20.54:056][  0]LogWindowsTextInputMethodSystem: Display: IME system now deactivated.
[2018.07.19-15.20.54:092][  0]LogContentStreaming: Texture pool size now 1000 MB
[2018.07.19-15.20.54:298][  2]LogAssetRegistry: Asset discovery search completed in 7.7390 seconds
[2018.07.19-15.20.54:302][  2]LogCollectionManager: Rebuilt the object cache for 0 collections in 0.000000 seconds (found 0 objects)
[2018.07.19-15.20.54:302][  2]LogCollectionManager: Fixed up redirectors for 0 collections in 0.000047 seconds (updated 0 objects)
[2018.07.19-15.21.06:917][242]LogSlate: FSceneViewport::OnFocusLost() reason 0
[2018.07.19-15.21.11:493][601]LogSlate: Took 0.000639 seconds to synchronously load lazily loaded font '../../../Engine/Content/Slate/Fonts/Roboto-Light.ttf' (167K)
[2018.07.19-15.21.11:517][601]LogLinker: Warning: Can't find file '/Game/Maps/Mines3_BuiltData'
[2018.07.19-15.21.11:517][601]LogLinker: Warning: Can't find file for asset '/Game/Maps/Mines3_BuiltData' while loading ../../../../../../Users/iD Student/Desktop/Jordan W/Final/groupProject/Content/Maps/Mines3.umap.
[2018.07.19-15.21.11:517][601]LoadErrors: Error: /Game/Maps/Mines3 : Can't find file for asset. /Game/Maps/Mines3_BuiltData
[2018.07.19-15.21.11:641][601]LogLinker: Warning: Can't find file '/Game/Maps/Mines3_BuiltData'
[2018.07.19-15.21.11:641][601]LogLinker: Warning: Can't find file for asset '/Game/Maps/Mines3_BuiltData' while loading ../../../../../../Users/iD Student/Desktop/Jordan W/Final/groupProject/Content/Maps/Mines3.umap.
[2018.07.19-15.21.11:792][601]LogLinker: Warning: Can't find file '/Game/Maps/Mines3_BuiltData'
[2018.07.19-15.21.11:792][601]LoadErrors: Failed to load /Game/Maps/Mines3_BuiltData.Mines3_BuiltData Referenced by PersistentLevel
[2018.07.19-15.21.11:792][601]LogLinker: Warning: Can't find file for asset '/Game/Maps/Mines3_BuiltData' while loading NULL.
[2018.07.19-15.21.11:832][601]LogPackageName: Warning: String asset reference "Env_Ice_Rocky.Mesh.Env_Ice_NordHeed01" is in short form, which is unsupported and -- even if valid -- resolving it will be really slow.
[2018.07.19-15.21.11:832][601]LogPackageName: Warning: Please consider resaving package in order to speed-up loading.
[2018.07.19-15.21.11:936][601]LogPackageName: SearchForPackageOnDisk took   0.104s, but failed to resolve Env_Ice_Rocky.
[2018.07.19-15.21.11:936][601]LogPackageName: Warning: String asset reference "Env_Ice_Rocky.Mesh.Env_Ice_NordHeed01" could not be resolved.
[2018.07.19-15.21.12:036][601]LogStaticMesh: Building static mesh Card_Reader...
[2018.07.19-15.21.12:045][601]LogStaticMesh: Built static mesh [0.01s] /Game/PaulFolder/Card_Reader.Card_Reader
[2018.07.19-15.21.12:097][601]LogMaterial: Missing cached shader map for material lambert4, compiling. 
[2018.07.19-15.21.12:128][601]LogMaterial: Missing cached shader map for material lambert1, compiling. 
[2018.07.19-15.21.12:138][601]LogShaderCompilers: Display: Shaders left to compile 22
[2018.07.19-15.21.12:138][601]LogShaderCompilers: Display: Shaders left to compile 12
[2018.07.19-15.21.12:138][601]LogShaderCompilers: Display: Shaders left to compile 2
[2018.07.19-15.21.12:138][601]LogMaterial: Missing cached shader map for material Card_Reader_redLight, compiling. 
[2018.07.19-15.21.12:169][601]LogMaterial: Missing cached shader map for material M_Fire_TreasureChest, compiling. 
[2018.07.19-15.21.12:254][601]LogShaderCompilers: Display: Shaders left to compile 44
[2018.07.19-15.21.12:254][601]LogAIModule: Creating AISystem for world Mines3
[2018.07.19-15.21.12:300][601]Cmd: MAP LOAD FILE="../../../../../../Users/iD Student/Desktop/Jordan W/Final/groupProject/Content/Maps/Mines3.umap" TEMPLATE=0 SHOWPROGRESS=1 FEATURELEVEL=3
[2018.07.19-15.21.12:300][601]LightingResults: New page: Lighting Build
[2018.07.19-15.21.12:301][601]LoadErrors: New page: Loading map: Mines3.umap
[2018.07.19-15.21.12:301][601]MapCheck: New page: Map Check
[2018.07.19-15.21.12:302][601]LightingResults: New page: Lighting Build
[2018.07.19-15.21.12:389][601]LogEditorServer: Finished looking for orphan Actors (0.000 secs)
[2018.07.19-15.21.12:447][601]Cmd: MAP CHECKDEP NOCLEARLOG
[2018.07.19-15.21.12:535][601]MapCheck: Map check complete: 0 Error(s), 0 Warning(s), took 88.203ms to complete.
[2018.07.19-15.21.12:537][601]LogFileHelpers: Loading map 'Mines3' took 0.238
[2018.07.19-15.21.13:428][637]LogShaderCompilers: Display: Shaders left to compile 65
[2018.07.19-15.21.16:497][781]LogShaderCompilers: Display: Shaders left to compile 55
[2018.07.19-15.21.16:583][785]LogShaderCompilers: Display: Shaders left to compile 45
[2018.07.19-15.21.18:982][901]LogShaderCompilers: Display: Shaders left to compile 35
[2018.07.19-15.21.19:463][923]LogShaderCompilers: Display: Shaders left to compile 25
[2018.07.19-15.21.19:527][926]LogShaderCompilers: Display: Shaders left to compile 15
[2018.07.19-15.21.21:685][ 29]LogSlate: FSceneViewport::OnFocusLost() reason 2
[2018.07.19-15.21.22:215][ 57]LogShaderCompilers: Display: Shaders left to compile 5
[2018.07.19-15.21.32:859][902]LogEditorViewport: Clicking on Actor (LMB): PlayerStart (Player Start)
[2018.07.19-15.21.37:198][249]Cmd: DELETE
[2018.07.19-15.21.37:198][249]Cmd: ACTOR DELETE
[2018.07.19-15.21.37:220][249]LogEditorActor: Deleted Actor: PlayerStart
[2018.07.19-15.21.37:233][249]LogEditorActor: Deleted 1 Actors (0.034 secs)
[2018.07.19-15.21.39:970][452]LogSlate: FSceneViewport::OnFocusLost() reason 0
[2018.07.19-15.21.50:703][229]LogSlate: FSceneViewport::OnFocusLost() reason 0
[2018.07.19-15.21.50:805][236]Cmd: OBJ SAVEPACKAGE PACKAGE="/Game/Maps/Mines3" FILE="../../../../../../Users/iD Student/Desktop/Jordan W/Final/groupProject/Content/Maps/Mines3.umap" SILENT=true AUTOSAVING=false KEEPDIRTY=false
[2018.07.19-15.21.51:220][236]LogSavePackage: Save=392.53ms
[2018.07.19-15.21.51:220][236]LogSavePackage: Moving '../../../../../../Users/iD Student/Desktop/Jordan W/Final/groupProject/Saved/Mines3C566AEB14EEFB6917399769A64ADDAFD.tmp' to '../../../../../../Users/iD Student/Desktop/Jordan W/Final/groupProject/Content/Maps/Mines3.umap'
[2018.07.19-15.21.51:224][236]LogSavePackage: Display: Finished SavePackage ../../../../../../Users/iD Student/Desktop/Jordan W/Final/groupProject/Content/Maps/Mines3.umap
[2018.07.19-15.21.52:547][316]LogSlate: FSceneViewport::OnFocusLost() reason 0
[2018.07.19-15.21.52:647][325]LogTemp: Repeating last play command: Selected Viewport
[2018.07.19-15.21.52:671][325]LogPlayLevel: PlayLevel: No blueprints needed recompiling
[2018.07.19-15.21.52:671][325]PIE: New page: PIE session: Mines3 (Jul 19, 2018, 5:21:52 AM)
[2018.07.19-15.21.52:672][325]LogPlayLevel: Creating play world package: /Game/Maps/UEDPIE_0_Mines3
[2018.07.19-15.21.52:708][325]LogPlayLevel: PIE: StaticDuplicateObject took: (0.036996s)
[2018.07.19-15.21.52:709][325]LogAIModule: Creating AISystem for world Mines3
[2018.07.19-15.21.52:710][325]LogPlayLevel: PIE: World Init took: (0.001020s)
[2018.07.19-15.21.52:710][325]LogPlayLevel: PIE: Created PIE world by copying editor world from /Game/Maps/Mines3.Mines3 to /Game/Maps/UEDPIE_0_Mines3.Mines3 (0.038415s)
[2018.07.19-15.21.52:756][325]LogInit: XAudio2 using 'Speakers / Headphones (Realtek Audio)' : 2 channels at 48 kHz using 32 bits per sample (channel mask 0x3)
[2018.07.19-15.21.52:834][325]LogInit: FAudioDevice initialized.
[2018.07.19-15.21.52:884][325]LogLinker: Warning: Can't find file '/Game/FirstPersonBP/Blueprints/FirstPersonGameMode'
[2018.07.19-15.21.52:884][325]LogLinker: Warning: Can't find file '/Game/FirstPersonBP/Blueprints/FirstPersonGameMode'
[2018.07.19-15.21.52:884][325]LogUObjectGlobals: Warning: Failed to find object 'Class /Game/FirstPersonBP/Blueprints/FirstPersonGameMode.FirstPersonGameMode_C'
[2018.07.19-15.21.52:885][325]LogLoad: Game class is 'GameModeBase'
[2018.07.19-15.21.52:896][325]LogWorld: Bringing World /Game/Maps/UEDPIE_0_Mines3.Mines3 up for play (max tick rate 0) at 2018.07.19-10.21.52
[2018.07.19-15.21.52:898][325]LogWorld: Bringing up level for play took: 0.010252
[2018.07.19-15.21.52:905][325]LogContentBrowser: Native class hierarchy updated for 'MovieSceneCapture' in 0.0005 seconds. Added 11 classes and 0 folders.
[2018.07.19-15.21.52:907][325]PIE: Play in editor start time for /Game/Maps/UEDPIE_0_Mines3 0.213
[2018.07.19-15.22.03:082][154]LogSlate: FSceneViewport::OnFocusLost() reason 0
[2018.07.19-15.22.21:793][702]LogSlate: FSceneViewport::OnFocusLost() reason 0
[2018.07.19-15.22.55:222][801]LogNavigationPoint: PostEditMove Clear paths rebuilt
[2018.07.19-15.23.03:663][521]LogNavigationPoint: PostEditMove Clear paths rebuilt
[2018.07.19-15.23.05:951][718]LogNavigationPoint: PostEditMove Clear paths rebuilt
[2018.07.19-15.23.06:748][783]LogSlate: FSceneViewport::OnFocusLost() reason 0
[2018.07.19-15.23.06:904][795]Cmd: OBJ SAVEPACKAGE PACKAGE="/Game/Maps/Mines3" FILE="../../../../../../Users/iD Student/Desktop/Jordan W/Final/groupProject/Content/Maps/Mines3.umap" SILENT=true AUTOSAVING=false KEEPDIRTY=false
[2018.07.19-15.23.07:320][795]LogSavePackage: Save=388.04ms
[2018.07.19-15.23.07:320][795]LogSavePackage: Moving '../../../../../../Users/iD Student/Desktop/Jordan W/Final/groupProject/Saved/Mines33042559C47CF115372D9829C9257E037.tmp' to '../../../../../../Users/iD Student/Desktop/Jordan W/Final/groupProject/Content/Maps/Mines3.umap'
[2018.07.19-15.23.07:325][795]LogSavePackage: Display: Finished SavePackage ../../../../../../Users/iD Student/Desktop/Jordan W/Final/groupProject/Content/Maps/Mines3.umap
[2018.07.19-15.23.08:726][904]LogTemp: Repeating last play command: Selected Viewport
[2018.07.19-15.23.08:753][904]LogPlayLevel: PlayLevel: No blueprints needed recompiling
[2018.07.19-15.23.08:753][904]PIE: New page: PIE session: Mines3 (Jul 19, 2018, 5:23:08 AM)
[2018.07.19-15.23.08:754][904]LogPlayLevel: Creating play world package: /Game/Maps/UEDPIE_0_Mines3
[2018.07.19-15.23.08:790][904]LogPlayLevel: PIE: StaticDuplicateObject took: (0.036533s)
[2018.07.19-15.23.08:791][904]LogAIModule: Creating AISystem for world Mines3
[2018.07.19-15.23.08:791][904]LogPlayLevel: PIE: World Init took: (0.000986s)
[2018.07.19-15.23.08:791][904]LogPlayLevel: PIE: Created PIE world by copying editor world from /Game/Maps/Mines3.Mines3 to /Game/Maps/UEDPIE_0_Mines3.Mines3 (0.037815s)
[2018.07.19-15.23.08:807][904]LogInit: XAudio2 using 'Speakers / Headphones (Realtek Audio)' : 2 channels at 48 kHz using 32 bits per sample (channel mask 0x3)
[2018.07.19-15.23.08:878][904]LogInit: FAudioDevice initialized.
[2018.07.19-15.23.08:926][904]LogLoad: Game class is 'GameModeBase'
[2018.07.19-15.23.08:941][904]LogWorld: Bringing World /Game/Maps/UEDPIE_0_Mines3.Mines3 up for play (max tick rate 0) at 2018.07.19-10.23.08
[2018.07.19-15.23.08:943][904]LogWorld: Bringing up level for play took: 0.014452
[2018.07.19-15.23.08:947][904]PIE: Play in editor start time for /Game/Maps/UEDPIE_0_Mines3 0.252
[2018.07.19-15.23.19:146][932]LogEditorViewport: Clicking on Actor (LMB): StaticMeshActor (SM_Env_Fire_OddsnEnds_Track3)
[2018.07.19-15.23.19:930][994]LogEditorViewport: Clicking on Actor (LMB): Emitter (P_DustFlow)
[2018.07.19-15.23.26:661][549]Cmd: DELETE
[2018.07.19-15.23.26:661][549]Cmd: ACTOR DELETE
[2018.07.19-15.23.26:675][549]LogEditorActor: Deleted Actor: Emitter
[2018.07.19-15.23.26:688][549]LogEditorActor: Deleted 1 Actors (0.027 secs)
[2018.07.19-15.23.28:281][709]LogEditorViewport: Clicking on Actor (LMB): PlayerStart (PlayerStart)
[2018.07.19-15.23.30:849][934]LogNavigationPoint: PostEditMove Clear paths rebuilt
[2018.07.19-15.23.40:093][736]LogSlate: FSceneViewport::OnFocusLost() reason 2
[2018.07.19-15.23.46:238][268]LogSlate: FSceneViewport::OnFocusLost() reason 0
[2018.07.19-15.27.18:078][225]LogNavigationPoint: PostEditMove Clear paths rebuilt
[2018.07.19-15.27.20:966][477]LogNavigationPoint: PostEditMove Clear paths rebuilt
[2018.07.19-15.27.26:691][979]LogNavigationPoint: PostEditMove Clear paths rebuilt
[2018.07.19-15.28.38:030][575]LogSlate: FSceneViewport::OnFocusLost() reason 2
[2018.07.19-15.28.42:888][  4]LogNavigationPoint: PostEditMove Clear paths rebuilt
[2018.07.19-15.28.48:407][469]LogEditorViewport: Clicking on Actor (LMB): FirstPersonCharacter_C (FirstPersonCharacter)
[2018.07.19-15.28.55:313][920]LogEditorViewport: Clicking on Actor (LMB): PlayerStart (PlayerStart)
[2018.07.19-15.28.56:708][ 38]LogNavigationPoint: PostEditMove Clear paths rebuilt
[2018.07.19-15.28.59:754][275]LogNavigationPoint: PostEditMove Clear paths rebuilt
[2018.07.19-15.29.01:567][409]LogSlate: FSceneViewport::OnFocusLost() reason 0
[2018.07.19-15.29.01:699][421]LogTemp: Repeating last play command: Selected Viewport
[2018.07.19-15.29.01:731][421]LogPlayLevel: PlayLevel: No blueprints needed recompiling
[2018.07.19-15.29.01:731][421]PIE: New page: PIE session: Mines3 (Jul 19, 2018, 5:29:01 AM)
[2018.07.19-15.29.01:731][421]LogPlayLevel: Creating play world package: /Game/Maps/UEDPIE_0_Mines3
[2018.07.19-15.29.01:772][421]LogPlayLevel: PIE: StaticDuplicateObject took: (0.040854s)
[2018.07.19-15.29.01:773][421]LogAIModule: Creating AISystem for world Mines3
[2018.07.19-15.29.01:773][421]LogPlayLevel: PIE: World Init took: (0.001203s)
[2018.07.19-15.29.01:773][421]LogPlayLevel: PIE: Created PIE world by copying editor world from /Game/Maps/Mines3.Mines3 to /Game/Maps/UEDPIE_0_Mines3.Mines3 (0.042395s)
[2018.07.19-15.29.01:792][421]LogInit: XAudio2 using 'Speakers / Headphones (Realtek Audio)' : 2 channels at 48 kHz using 32 bits per sample (channel mask 0x3)
[2018.07.19-15.29.01:863][421]LogInit: FAudioDevice initialized.
[2018.07.19-15.29.01:898][421]LogLoad: Game class is 'GameModeBase'
[2018.07.19-15.29.01:903][421]LogWorld: Bringing World /Game/Maps/UEDPIE_0_Mines3.Mines3 up for play (max tick rate 0) at 2018.07.19-10.29.01
[2018.07.19-15.29.01:903][421]LogWorld: Bringing up level for play took: 0.004660
[2018.07.19-15.29.01:905][421]PIE: Play in editor start time for /Game/Maps/UEDPIE_0_Mines3 -0.79
[2018.07.19-15.29.15:445][791]LogSlate: FSceneViewport::OnFocusLost() reason 0
[2018.07.19-15.29.15:553][802]LogTemp: Repeating last play command: Selected Viewport
[2018.07.19-15.29.15:585][802]LogPlayLevel: PlayLevel: No blueprints needed recompiling
[2018.07.19-15.29.15:585][802]PIE: New page: PIE session: Mines3 (Jul 19, 2018, 5:29:15 AM)
[2018.07.19-15.29.15:585][802]LogPlayLevel: Creating play world package: /Game/Maps/UEDPIE_0_Mines3
[2018.07.19-15.29.15:621][802]LogPlayLevel: PIE: StaticDuplicateObject took: (0.035726s)
[2018.07.19-15.29.15:622][802]LogAIModule: Creating AISystem for world Mines3
[2018.07.19-15.29.15:622][802]LogPlayLevel: PIE: World Init took: (0.001014s)
[2018.07.19-15.29.15:622][802]LogPlayLevel: PIE: Created PIE world by copying editor world from /Game/Maps/Mines3.Mines3 to /Game/Maps/UEDPIE_0_Mines3.Mines3 (0.037089s)
[2018.07.19-15.29.15:638][802]LogInit: XAudio2 using 'Speakers / Headphones (Realtek Audio)' : 2 channels at 48 kHz using 32 bits per sample (channel mask 0x3)
[2018.07.19-15.29.15:704][802]LogInit: FAudioDevice initialized.
[2018.07.19-15.29.15:738][802]LogLoad: Game class is 'GameModeBase'
[2018.07.19-15.29.15:743][802]LogWorld: Bringing World /Game/Maps/UEDPIE_0_Mines3.Mines3 up for play (max tick rate 0) at 2018.07.19-10.29.15
[2018.07.19-15.29.15:744][802]LogWorld: Bringing up level for play took: 0.005603
[2018.07.19-15.29.15:746][802]PIE: Play in editor start time for /Game/Maps/UEDPIE_0_Mines3 1.051
[2018.07.19-15.29.23:718][612]LogSlate: FSceneViewport::OnFocusLost() reason 2
[2018.07.19-15.29.24:755][700]LogSlate: FSceneViewport::OnFocusLost() reason 2
[2018.07.19-15.29.25:958][700]LogSlate: Only BGRA pngs, bmps or icos are supported in by External Image Picker
[2018.07.19-15.29.26:107][701]LogTemp: Executing iPhonePackager certificates Engine -bundlename com.YourCompany.groupProject
[2018.07.19-15.29.26:107][701]LogTemp: CWD: C:\Program Files\Epic Games\UE_4.19\Engine\Binaries\DotNET\IOS
[2018.07.19-15.29.26:107][701]LogTemp: Initial Dir: C:\Program Files\Epic Games\UE_4.19
[2018.07.19-15.29.26:107][701]LogTemp: Env CWD: C:\Program Files\Epic Games\UE_4.19\Engine\Binaries\DotNET\IOS
[2018.07.19-15.29.26:107][701]LogTemp: BranchPath = CAMP-6N56142/C/Program Files/Epic Games/UE_4.19/Engine/Binaries --- GameBranchPath = CAMP-6N56142/C/Program Files/Epic Games/UE_4.19/Engine/Binaries
[2018.07.19-15.29.26:107][701]LogTemp: IPP ERROR: Could not find provision directory 'C:\Users\iD Student\AppData\Local/Apple Computer/MobileDevice/Provisioning Profiles/'.
[2018.07.19-15.29.34:592][324]LogSlate: FSceneViewport::OnFocusLost() reason 2
[2018.07.19-15.29.39:570][640]LogSlate: Prevented a slow task dialog from being summoned while a context menu was open
[2018.07.19-15.29.39:572][640]LogLinker: Warning: Can't find file '/Game/AI/Blueprints/FirstPersonCharacter'
[2018.07.19-15.29.39:572][640]LogLinker: Warning: Can't find file for asset '/Game/AI/Blueprints/FirstPersonCharacter' while loading ../../../../../../Users/iD Student/Desktop/Jordan W/Final/groupProject/Content/AI/Blueprints/FirstPersonGameMode.uasset.
[2018.07.19-15.29.39:572][640]LoadErrors: Error: /Game/AI/Blueprints/FirstPersonGameMode : Can't find file for asset. /Game/AI/Blueprints/FirstPersonCharacter
[2018.07.19-15.29.39:598][640]LogLinker: Warning: Can't find file '/Game/AI/Blueprints/FirstPersonCharacter'
[2018.07.19-15.29.39:598][640]LogLinker: Warning: Can't find file for asset '/Game/AI/Blueprints/FirstPersonCharacter' while loading ../../../../../../Users/iD Student/Desktop/Jordan W/Final/groupProject/Content/AI/Blueprints/FirstPersonGameMode.uasset.
[2018.07.19-15.29.39:599][640]LogLinker: Warning: Can't find file '/Game/AI/Blueprints/FirstPersonCharacter'
[2018.07.19-15.29.39:599][640]LogLinker: Warning: Can't find file for asset '/Game/AI/Blueprints/FirstPersonCharacter' while loading NULL.
[2018.07.19-15.29.39:599][640]LogLinker: Warning: Can't find file '/Game/AI/Blueprints/FirstPersonCharacter'
[2018.07.19-15.29.39:599][640]LogLinker: Warning: Can't find file for asset '/Game/AI/Blueprints/FirstPersonCharacter' while loading NULL.
[2018.07.19-15.29.39:599][640]LogLinker: Warning: Can't find file '/Game/AI/Blueprints/FirstPersonCharacter'
[2018.07.19-15.29.39:599][640]LoadErrors: Failed to load /Game/AI/Blueprints/FirstPersonCharacter.FirstPersonCharacter_C Referenced by Default__FirstPersonGameMode_C
[2018.07.19-15.29.39:599][640]LogLinker: Warning: Can't find file for asset '/Game/AI/Blueprints/FirstPersonCharacter' while loading NULL.
[2018.07.19-15.29.48:305][312]LogSlate: Prevented a slow task dialog from being summoned while a context menu was open
[2018.07.19-15.29.56:089][896]LogSlate: Window 'Project Settings' being destroyed
[2018.07.19-15.29.56:094][896]LogSlate: Window 'Project Settings' being destroyed
[2018.07.19-15.29.57:436][ 20]LogSlate: FSceneViewport::OnFocusLost() reason 0
[2018.07.19-15.29.57:555][ 32]LogTemp: Repeating last play command: Selected Viewport
[2018.07.19-15.29.57:585][ 32]LogPlayLevel: PlayLevel: No blueprints needed recompiling
[2018.07.19-15.29.57:585][ 32]PIE: New page: PIE session: Mines3 (Jul 19, 2018, 5:29:57 AM)
[2018.07.19-15.29.57:585][ 32]LogPlayLevel: Creating play world package: /Game/Maps/UEDPIE_0_Mines3
[2018.07.19-15.29.57:624][ 32]LogPlayLevel: PIE: StaticDuplicateObject took: (0.038603s)
[2018.07.19-15.29.57:625][ 32]LogAIModule: Creating AISystem for world Mines3
[2018.07.19-15.29.57:625][ 32]LogPlayLevel: PIE: World Init took: (0.000810s)
[2018.07.19-15.29.57:625][ 32]LogPlayLevel: PIE: Created PIE world by copying editor world from /Game/Maps/Mines3.Mines3 to /Game/Maps/UEDPIE_0_Mines3.Mines3 (0.039634s)
[2018.07.19-15.29.57:639][ 32]LogInit: XAudio2 using 'Speakers / Headphones (Realtek Audio)' : 2 channels at 48 kHz using 32 bits per sample (channel mask 0x3)
[2018.07.19-15.29.57:708][ 32]LogInit: FAudioDevice initialized.
[2018.07.19-15.29.57:740][ 32]LogLoad: Game class is 'FirstPersonGameMode_C'
[2018.07.19-15.29.57:745][ 32]LogWorld: Bringing World /Game/Maps/UEDPIE_0_Mines3.Mines3 up for play (max tick rate 0) at 2018.07.19-10.29.57
[2018.07.19-15.29.57:747][ 32]LogWorld: Bringing up level for play took: 0.006095
[2018.07.19-15.29.57:749][ 32]PIE: Play in editor start time for /Game/Maps/UEDPIE_0_Mines3 1.055
[2018.07.19-15.30.04:544][700]LogEditorViewport: Clicking on Actor (LMB): FirstPersonCharacter_C (FirstPersonCharacter)
[2018.07.19-15.30.05:927][784]Cmd: DELETE
[2018.07.19-15.30.05:927][784]Cmd: ACTOR DELETE
[2018.07.19-15.30.05:948][784]LogEditorActor: Deleted Actor: FirstPersonCharacter_C
[2018.07.19-15.30.05:991][784]LogEditorActor: Deleted 1 Actors (0.063 secs)
[2018.07.19-15.30.07:552][937]LogSlate: FSceneViewport::OnFocusLost() reason 0
[2018.07.19-15.30.07:671][949]LogTemp: Repeating last play command: Selected Viewport
[2018.07.19-15.30.07:702][949]LogPlayLevel: PlayLevel: No blueprints needed recompiling
[2018.07.19-15.30.07:702][949]PIE: New page: PIE session: Mines3 (Jul 19, 2018, 5:30:07 AM)
[2018.07.19-15.30.07:702][949]LogPlayLevel: Creating play world package: /Game/Maps/UEDPIE_0_Mines3
[2018.07.19-15.30.07:736][949]LogPlayLevel: PIE: StaticDuplicateObject took: (0.034380s)
[2018.07.19-15.30.07:737][949]LogAIModule: Creating AISystem for world Mines3
[2018.07.19-15.30.07:738][949]LogPlayLevel: PIE: World Init took: (0.001029s)
[2018.07.19-15.30.07:738][949]LogPlayLevel: PIE: Created PIE world by copying editor world from /Game/Maps/Mines3.Mines3 to /Game/Maps/UEDPIE_0_Mines3.Mines3 (0.035749s)
[2018.07.19-15.30.07:753][949]LogInit: XAudio2 using 'Speakers / Headphones (Realtek Audio)' : 2 channels at 48 kHz using 32 bits per sample (channel mask 0x3)
[2018.07.19-15.30.07:821][949]LogInit: FAudioDevice initialized.
[2018.07.19-15.30.07:855][949]LogLoad: Game class is 'FirstPersonGameMode_C'
[2018.07.19-15.30.07:861][949]LogWorld: Bringing World /Game/Maps/UEDPIE_0_Mines3.Mines3 up for play (max tick rate 0) at 2018.07.19-10.30.07
[2018.07.19-15.30.07:862][949]LogWorld: Bringing up level for play took: 0.006052
[2018.07.19-15.30.07:864][949]PIE: Play in editor start time for /Game/Maps/UEDPIE_0_Mines3 -0.83
[2018.07.19-15.30.29:301][ 55]LogSlate: FSceneViewport::OnFocusLost() reason 0
[2018.07.19-15.30.29:429][ 66]Cmd: OBJ SAVEPACKAGE PACKAGE="/Game/Maps/Mines3" FILE="../../../../../../Users/iD Student/Desktop/Jordan W/Final/groupProject/Content/Maps/Mines3.umap" SILENT=true AUTOSAVING=false KEEPDIRTY=false
[2018.07.19-15.30.29:839][ 66]LogSavePackage: Save=382.68ms
[2018.07.19-15.30.29:839][ 66]LogSavePackage: Moving '../../../../../../Users/iD Student/Desktop/Jordan W/Final/groupProject/Saved/Mines3C87835FB4FDA7E4CE12FD4AE6FC0D792.tmp' to '../../../../../../Users/iD Student/Desktop/Jordan W/Final/groupProject/Content/Maps/Mines3.umap'
[2018.07.19-15.30.29:844][ 66]LogSavePackage: Display: Finished SavePackage ../../../../../../Users/iD Student/Desktop/Jordan W/Final/groupProject/Content/Maps/Mines3.umap
[2018.07.19-15.30.30:978][170]LogSlate: FSceneViewport::OnFocusLost() reason 0
[2018.07.19-15.30.35:699][509]LogSlate: Window 'Save Content' being destroyed
[2018.07.19-15.30.35:711][509]LogSlate: FSceneViewport::OnFocusLost() reason 2
[2018.07.19-15.30.35:752][509]LogSavePackage: Save=13.68ms
[2018.07.19-15.30.35:752][509]LogSavePackage: Moving '../../../../../../Users/iD Student/Desktop/Jordan W/Final/groupProject/Saved/FirstPersonGameModeFAE8213E40A79B8C7C57ABA79C645386.tmp' to '../../../../../../Users/iD Student/Desktop/Jordan W/Final/groupProject/Content/AI/Blueprints/FirstPersonGameMode.uasset'
[2018.07.19-15.30.35:756][509]LogSavePackage: Display: Finished SavePackage ../../../../../../Users/iD Student/Desktop/Jordan W/Final/groupProject/Content/AI/Blueprints/FirstPersonGameMode.uasset
[2018.07.19-15.30.35:888][509]LogSlate: Window 'groupProject - Unreal Editor' being destroyed
[2018.07.19-15.30.36:182][510]Cmd: QUIT_EDITOR
[2018.07.19-15.30.36:235][510]LogWindowsTextInputMethodSystem: Display: IME system now deactivated.
[2018.07.19-15.30.36:248][510]LogSlate: Slate User Destroyed.  User Index 0, Is Virtual User: 0
[2018.07.19-15.30.36:248][510]LogExit: Preparing to exit.
[2018.07.19-15.30.36:392][510]LogDirectoryWatcher: A directory notification failed for 'C:/Users/iD Student/Desktop/Jordan W/Final/groupProject/Content/', and we were unable to create a new request.
[2018.07.19-15.30.36:418][510]LogExit: Editor shut down
[2018.07.19-15.30.36:422][510]LogExit: Transaction tracking system shut down
[2018.07.19-15.30.36:649][510]LogDirectoryWatcher: A directory notification for '../../../Engine/Content/' was aborted.
[2018.07.19-15.30.36:649][510]LogDirectoryWatcher: A directory notification for '../../../../../../Users/iD Student/Desktop/Jordan W/Final/groupProject/Content/' was aborted.
[2018.07.19-15.30.36:649][510]LogDirectoryWatcher: A directory notification for '../../Plugins/2D/Paper2D/Content/' was aborted.
[2018.07.19-15.30.36:649][510]LogDirectoryWatcher: A directory notification for '../../Plugins/Enterprise/DatasmithContent/Content/' was aborted.
[2018.07.19-15.30.36:649][510]LogDirectoryWatcher: A directory notification for '../../Plugins/Media/MediaCompositing/Content/' was aborted.
[2018.07.19-15.30.36:649][510]LogDirectoryWatcher: A directory notification for '../../Plugins/Runtime/AppleARKit/Content/' was aborted.
[2018.07.19-15.30.36:649][510]LogDirectoryWatcher: A directory notification for '../../Plugins/Runtime/Oculus/OculusVR/Content/' was aborted.
[2018.07.19-15.30.36:649][510]LogDirectoryWatcher: A directory notification for '../../Plugins/Runtime/Steam/SteamVR/Content/' was aborted.
[2018.07.19-15.30.36:726][510]LogExit: Object subsystem successfully closed.
[2018.07.19-15.30.36:745][510]LogShaderCompilers: Display: Shaders left to compile 0
[2018.07.19-15.30.36:750][510]LogD3D11RHI: Shutdown
[2018.07.19-15.30.36:750][510]LogD3D11RHI: CleanupD3DDevice
[2018.07.19-15.30.36:753][510]LogD3D11RHI: ~FD3D11DynamicRHI
[2018.07.19-15.30.36:770][510]LogModuleManager: Shutting down and abandoning module ExternalImagePicker (578)
[2018.07.19-15.30.36:770][510]LogModuleManager: Shutting down and abandoning module MovieSceneCapture (576)
[2018.07.19-15.30.36:770][510]LogModuleManager: Shutting down and abandoning module HierarchicalLODOutliner (574)
[2018.07.19-15.30.36:770][510]LogModuleManager: Shutting down and abandoning module SceneOutliner (572)
[2018.07.19-15.30.36:770][510]LogModuleManager: Shutting down and abandoning module AddContentDialog (570)
[2018.07.19-15.30.36:770][510]LogDirectoryWatcher: A directory notification for 'C:/Program Files/Epic Games/UE_4.19/FeaturePacks/' was aborted.
[2018.07.19-15.30.36:772][510]LogModuleManager: Shutting down and abandoning module WidgetCarousel (569)
[2018.07.19-15.30.36:772][510]LogModuleManager: Shutting down and abandoning module EditorWidgets (566)
[2018.07.19-15.30.36:772][510]LogModuleManager: Shutting down and abandoning module CollectionManager (564)
[2018.07.19-15.30.36:772][510]LogDirectoryWatcher: A directory notification for 'C:/Users/iD Student/Desktop/Jordan W/Final/groupProject/Content/Collections/' was aborted.
[2018.07.19-15.30.36:772][510]LogDirectoryWatcher: A directory notification for 'C:/Users/iD Student/Desktop/Jordan W/Final/groupProject/Content/Developers/iDStudent/Collections/' was aborted.
[2018.07.19-15.30.36:772][510]LogDirectoryWatcher: A directory notification for 'C:/Users/iD Student/Desktop/Jordan W/Final/groupProject/Saved/Collections/' was aborted.
[2018.07.19-15.30.36:772][510]LogModuleManager: Shutting down and abandoning module StatsViewer (562)
[2018.07.19-15.30.36:772][510]LogModuleManager: Shutting down and abandoning module FoliageEdit (560)
[2018.07.19-15.30.36:772][510]LogModuleManager: Shutting down and abandoning module LandscapeEditor (558)
[2018.07.19-15.30.36:773][510]LogModuleManager: Shutting down and abandoning module MeshPaintMode (556)
[2018.07.19-15.30.36:773][510]LogModuleManager: Shutting down and abandoning module SceneDepthPickerMode (554)
[2018.07.19-15.30.36:773][510]LogModuleManager: Shutting down and abandoning module ActorPickerMode (552)
[2018.07.19-15.30.36:773][510]LogModuleManager: Shutting down and abandoning module GeometryMode (550)
[2018.07.19-15.30.36:773][510]LogModuleManager: Shutting down and abandoning module TextureAlignMode (548)
[2018.07.19-15.30.36:773][510]LogModuleManager: Shutting down and abandoning module BspMode (546)
[2018.07.19-15.30.36:773][510]LogModuleManager: Shutting down and abandoning module PIEPreviewDeviceProfileSelector (544)
[2018.07.19-15.30.36:773][510]LogModuleManager: Shutting down and abandoning module HardwareSurvey (542)
[2018.07.19-15.30.36:773][510]LogModuleManager: Shutting down and abandoning module SequenceRecorderSections (540)
[2018.07.19-15.30.36:773][510]LogModuleManager: Shutting down and abandoning module AutomationWorker (538)
[2018.07.19-15.30.36:773][510]LogModuleManager: Shutting down and abandoning module AudioCaptureEditor (536)
[2018.07.19-15.30.36:773][510]LogModuleManager: Shutting down and abandoning module SequenceRecorder (535)
[2018.07.19-15.30.36:773][510]LogModuleManager: Shutting down and abandoning module MatineeToLevelSequence (532)
[2018.07.19-15.30.36:773][510]LogModuleManager: Shutting down and abandoning module LevelSequenceEditor (530)
[2018.07.19-15.30.36:773][510]LogModuleManager: Shutting down and abandoning module PlacementMode (529)
[2018.07.19-15.30.36:773][510]LogModuleManager: Shutting down and abandoning module MaterialEditor (528)
[2018.07.19-15.30.36:773][510]LogModuleManager: Shutting down and abandoning module WmfMediaFactory (524)
[2018.07.19-15.30.36:773][510]LogModuleManager: Shutting down and abandoning module WmfMediaEditor (522)
[2018.07.19-15.30.36:773][510]LogModuleManager: Shutting down and abandoning module MediaPlayerEditor (520)
[2018.07.19-15.30.36:773][510]LogModuleManager: Shutting down and abandoning module OpenExrWrapper (518)
[2018.07.19-15.30.36:773][510]LogModuleManager: Shutting down and abandoning module ImgMediaFactory (516)
[2018.07.19-15.30.36:773][510]LogModuleManager: Shutting down and abandoning module ImgMediaEditor (514)
[2018.07.19-15.30.36:773][510]LogModuleManager: Shutting down and abandoning module AvfMediaFactory (512)
[2018.07.19-15.30.36:773][510]LogModuleManager: Shutting down and abandoning module AvfMediaEditor (510)
[2018.07.19-15.30.36:773][510]LogModuleManager: Shutting down and abandoning module AndroidMediaFactory (508)
[2018.07.19-15.30.36:773][510]LogModuleManager: Shutting down and abandoning module AndroidMediaEditor (506)
[2018.07.19-15.30.36:773][510]LogModuleManager: Shutting down and abandoning module CharacterAI (504)
[2018.07.19-15.30.36:773][510]LogModuleManager: Shutting down and abandoning module SmartSnapping (502)
[2018.07.19-15.30.36:773][510]LogModuleManager: Shutting down and abandoning module SessionServices (500)
[2018.07.19-15.30.36:773][510]LogModuleManager: Shutting down and abandoning module ViewportSnapping (498)
[2018.07.19-15.30.36:773][510]LogModuleManager: Shutting down and abandoning module ViewportInteraction (496)
[2018.07.19-15.30.36:773][510]LogModuleManager: Shutting down and abandoning module ClothPainter (494)
[2018.07.19-15.30.36:773][510]LogModuleManager: Shutting down and abandoning module SkeletalMeshEditor (493)
[2018.07.19-15.30.36:773][510]LogModuleManager: Shutting down and abandoning module LogVisualizer (490)
[2018.07.19-15.30.36:774][510]LogModuleManager: Shutting down and abandoning module IntroTutorials (488)
[2018.07.19-15.30.36:774][510]LogModuleManager: Shutting down and abandoning module GameProjectGeneration (487)
[2018.07.19-15.30.36:774][510]LogModuleManager: Shutting down and abandoning module IOSPlatformEditor (484)
[2018.07.19-15.30.36:774][510]LogModuleManager: Shutting down and abandoning module HTML5PlatformEditor (482)
[2018.07.19-15.30.36:774][510]LogModuleManager: Shutting down and abandoning module AndroidPlatformEditor (480)
[2018.07.19-15.30.36:774][510]LogModuleManager: Shutting down and abandoning module AndroidDeviceDetection (479)
[2018.07.19-15.30.37:359][510]LogModuleManager: Shutting down and abandoning module WindowsPlatformEditor (476)
[2018.07.19-15.30.37:359][510]LogModuleManager: Shutting down and abandoning module IOSRuntimeSettings (474)
[2018.07.19-15.30.37:360][510]LogModuleManager: Shutting down and abandoning module AndroidRuntimeSettings (472)
[2018.07.19-15.30.37:360][510]LogModuleManager: Shutting down and abandoning module InputBindingEditor (470)
[2018.07.19-15.30.37:360][510]LogModuleManager: Shutting down and abandoning module MergeActors (468)
[2018.07.19-15.30.37:360][510]LogModuleManager: Shutting down and abandoning module LocalizationDashboard (466)
[2018.07.19-15.30.37:360][510]LogModuleManager: Shutting down and abandoning module LocalizationService (465)
[2018.07.19-15.30.37:360][510]LogModuleManager: Shutting down and abandoning module HardwareTargeting (462)
[2018.07.19-15.30.37:360][510]LogModuleManager: Shutting down and abandoning module DeviceProfileEditor (460)
[2018.07.19-15.30.37:360][510]LogModuleManager: Shutting down and abandoning module UndoHistory (458)
[2018.07.19-15.30.37:360][510]LogModuleManager: Shutting down and abandoning module XmlParser (456)
[2018.07.19-15.30.37:360][510]LogModuleManager: Shutting down and abandoning module Blutility (454)
[2018.07.19-15.30.37:360][510]LogModuleManager: Shutting down and abandoning module ProjectSettingsViewer (452)
[2018.07.19-15.30.37:360][510]LogModuleManager: Shutting down and abandoning module ProjectTargetPlatformEditor (451)
[2018.07.19-15.30.37:360][510]LogModuleManager: Shutting down and abandoning module EditorSettingsViewer (448)
[2018.07.19-15.30.37:360][510]LogModuleManager: Shutting down and abandoning module SettingsEditor (446)
[2018.07.19-15.30.37:360][510]LogModuleManager: Shutting down and abandoning module ProjectLauncher (444)
[2018.07.19-15.30.37:360][510]LogModuleManager: Shutting down and abandoning module SessionFrontend (442)
[2018.07.19-15.30.37:360][510]LogModuleManager: Shutting down and abandoning module ProfilerClient (440)
[2018.07.19-15.30.37:360][510]LogModuleManager: Shutting down and abandoning module DeviceManager (438)
[2018.07.19-15.30.37:360][510]LogModuleManager: Shutting down and abandoning module TargetDeviceServices (437)
[2018.07.19-15.30.37:425][510]LogModuleManager: Shutting down and abandoning module AutomationController (434)
[2018.07.19-15.30.37:425][510]LogModuleManager: Shutting down and abandoning module AutomationWindow (432)
[2018.07.19-15.30.37:425][510]LogModuleManager: Shutting down and abandoning module Layers (430)
[2018.07.19-15.30.37:425][510]LogModuleManager: Shutting down and abandoning module ComponentVisualizers (428)
[2018.07.19-15.30.37:425][510]LogModuleManager: Shutting down and abandoning module DetailCustomizations (426)
[2018.07.19-15.30.37:425][510]LogModuleManager: Shutting down and abandoning module PackagesDialog (424)
[2018.07.19-15.30.37:425][510]LogModuleManager: Shutting down and abandoning module Persona (422)
[2018.07.19-15.30.37:425][510]LogModuleManager: Shutting down and abandoning module AdvancedPreviewScene (421)
[2018.07.19-15.30.37:425][510]LogModuleManager: Shutting down and abandoning module AnimGraph (419)
[2018.07.19-15.30.37:425][510]LogModuleManager: Shutting down and abandoning module Kismet (416)
[2018.07.19-15.30.37:426][510]LogModuleManager: Shutting down and abandoning module GraphEditor (414)
[2018.07.19-15.30.37:426][510]LogModuleManager: Shutting down and abandoning module ClassViewer (412)
[2018.07.19-15.30.37:428][510]LogModuleManager: Shutting down and abandoning module Toolbox (410)
[2018.07.19-15.30.37:428][510]LogModuleManager: Shutting down and abandoning module ModuleUI (408)
[2018.07.19-15.30.37:428][510]LogModuleManager: Shutting down and abandoning module MovieSceneTools (406)
[2018.07.19-15.30.37:428][510]LogModuleManager: Shutting down and abandoning module OutputLog (404)
[2018.07.19-15.30.37:428][510]LogModuleManager: Shutting down and abandoning module GammaUI (402)
[2018.07.19-15.30.37:428][510]LogModuleManager: Shutting down and abandoning module Documentation (400)
[2018.07.19-15.30.37:428][510]LogModuleManager: Shutting down and abandoning module MovieSceneTracks (398)
[2018.07.19-15.30.37:428][510]LogModuleManager: Shutting down and abandoning module MovieScene (396)
[2018.07.19-15.30.37:428][510]LogModuleManager: Shutting down and abandoning module StreamingPauseRendering (394)
[2018.07.19-15.30.37:428][510]LogModuleManager: Shutting down and abandoning module LauncherPlatform (392)
[2018.07.19-15.30.37:428][510]LogModuleManager: Shutting down and abandoning module AnalyticsET (390)
[2018.07.19-15.30.37:428][510]LogModuleManager: Shutting down and abandoning module PortalServices (388)
[2018.07.19-15.30.37:428][510]LogModuleManager: Shutting down and abandoning module PortalRpc (386)
[2018.07.19-15.30.37:428][510]LogModuleManager: Shutting down and abandoning module MessagingRpc (384)
[2018.07.19-15.30.37:428][510]LogModuleManager: Shutting down and abandoning module AIModule (382)
[2018.07.19-15.30.37:428][510]LogModuleManager: Shutting down and abandoning module GameplayDebugger (381)
[2018.07.19-15.30.37:429][510]LogModuleManager: Shutting down and abandoning module AITestSuite (379)
[2018.07.19-15.30.37:429][510]LogModuleManager: Shutting down and abandoning module DesktopPlatform (376)
[2018.07.19-15.30.37:429][510]LogModuleManager: Shutting down and abandoning module ProfilerService (374)
[2018.07.19-15.30.37:665][510]LogModuleManager: Shutting down and abandoning module TaskGraph (372)
[2018.07.19-15.30.37:665][510]LogModuleManager: Shutting down and abandoning module SteamVRController (370)
[2018.07.19-15.30.37:665][510]LogModuleManager: Shutting down and abandoning module ProceduralMeshComponentEditor (368)
[2018.07.19-15.30.37:665][510]LogModuleManager: Shutting down and abandoning module ProceduralMeshComponent (366)
[2018.07.19-15.30.37:665][510]LogModuleManager: Shutting down and abandoning module OculusInput (364)
[2018.07.19-15.30.37:665][510]LogModuleManager: Shutting down and abandoning module MobilePatchingUtils (362)
[2018.07.19-15.30.37:666][510]LogModuleManager: Shutting down and abandoning module CustomMeshComponent (360)
[2018.07.19-15.30.37:666][510]LogModuleManager: Shutting down and abandoning module CableComponent (358)
[2018.07.19-15.30.37:666][510]LogModuleManager: Shutting down and abandoning module AudioCapture (356)
[2018.07.19-15.30.37:666][510]LogModuleManager: Shutting down and abandoning module ArchVisCharacter (354)
[2018.07.19-15.30.37:666][510]LogModuleManager: Shutting down and abandoning module AndroidPermission (352)
[2018.07.19-15.30.37:666][510]LogModuleManager: Shutting down and abandoning module NUTUnrealEngine4 (348)
[2018.07.19-15.30.37:666][510]LogModuleManager: Shutting down and abandoning module NetcodeUnitTest (346)
[2018.07.19-15.30.37:666][510]LogModuleManager: Shutting down and abandoning module MediaCompositingEditor (344)
[2018.07.19-15.30.37:666][510]LogModuleManager: Shutting down and abandoning module MediaCompositing (342)
[2018.07.19-15.30.37:666][510]LogModuleManager: Shutting down and abandoning module LinearTimecode (340)
[2018.07.19-15.30.37:666][510]LogModuleManager: Shutting down and abandoning module ImgMedia (338)
[2018.07.19-15.30.37:675][510]LogModuleManager: Shutting down and abandoning module HTML5Networking (336)
[2018.07.19-15.30.37:675][510]LogModuleManager: Shutting down and abandoning module AlembicImporter (334)
[2018.07.19-15.30.37:675][510]LogModuleManager: Shutting down and abandoning module AlembicLibrary (333)
[2018.07.19-15.30.37:675][510]LogModuleManager: Shutting down and abandoning module GeometryCache (332)
[2018.07.19-15.30.37:675][510]LogModuleManager: Shutting down and abandoning module GeometryCacheEd (331)
[2018.07.19-15.30.37:675][510]LogModuleManager: Shutting down and abandoning module DatasmithContent (326)
[2018.07.19-15.30.37:675][510]LogModuleManager: Shutting down and abandoning module SpeedTreeImporter (324)
[2018.07.19-15.30.37:675][510]LogModuleManager: Shutting down and abandoning module PluginBrowser (322)
[2018.07.19-15.30.37:675][510]LogModuleManager: Shutting down and abandoning module MobileLauncherProfileWizard (320)
[2018.07.19-15.30.37:675][510]LogModuleManager: Shutting down and abandoning module CryptoKeysOpenSSL (318)
[2018.07.19-15.30.37:676][510]LogModuleManager: Shutting down and abandoning module CryptoKeys (316)
[2018.07.19-15.30.37:676][510]LogModuleManager: Shutting down and abandoning module VisualStudioSourceCodeAccess (314)
[2018.07.19-15.30.37:676][510]LogModuleManager: Shutting down and abandoning module VisualStudioCodeSourceCodeAccess (312)
[2018.07.19-15.30.37:676][510]LogModuleManager: Shutting down and abandoning module UObjectPlugin (310)
[2018.07.19-15.30.37:676][510]LogModuleManager: Shutting down and abandoning module SubversionSourceControl (308)
[2018.07.19-15.30.37:676][510]LogModuleManager: Shutting down and abandoning module PerforceSourceControl (306)
[2018.07.19-15.30.37:676][510]LogModuleManager: Shutting down and abandoning module GitSourceControl (304)
[2018.07.19-15.30.37:676][510]LogModuleManager: Shutting down and abandoning module SourceControl (303)
[2018.07.19-15.30.37:676][510]LogModuleManager: Shutting down and abandoning module CLionSourceCodeAccess (300)
[2018.07.19-15.30.37:677][510]LogModuleManager: Shutting down and abandoning module LightPropagationVolumeEditor (298)
[2018.07.19-15.30.37:677][510]LogModuleManager: Shutting down and abandoning module PaperTiledImporter (296)
[2018.07.19-15.30.37:677][510]LogModuleManager: Shutting down and abandoning module PaperSpriteSheetImporter (294)
[2018.07.19-15.30.37:677][510]LogModuleManager: Shutting down and abandoning module Paper2DEditor (292)
[2018.07.19-15.30.37:677][510]LogModuleManager: Shutting down and abandoning module MeshPaint (291)
[2018.07.19-15.30.37:677][510]LogModuleManager: Shutting down and abandoning module RuntimePhysXCooking (288)
[2018.07.19-15.30.37:677][510]LogModuleManager: Shutting down and abandoning module PhysXVehiclesEditor (286)
[2018.07.19-15.30.37:677][510]LogModuleManager: Shutting down and abandoning module PhysXVehicles (284)
[2018.07.19-15.30.37:677][510]LogModuleManager: Shutting down and abandoning module OculusEditor (282)
[2018.07.19-15.30.37:677][510]LogModuleManager: Shutting down and abandoning module LocationServicesBPLibrary (280)
[2018.07.19-15.30.37:677][510]LogModuleManager: Shutting down and abandoning module ImmediatePhysicsEditor (278)
[2018.07.19-15.30.37:677][510]LogModuleManager: Shutting down and abandoning module ImmediatePhysics (276)
[2018.07.19-15.30.37:677][510]LogModuleManager: Shutting down and abandoning module ActorSequence (274)
[2018.07.19-15.30.37:677][510]LogModuleManager: Shutting down and abandoning module UdpMessaging (272)
[2018.07.19-15.30.37:778][510]LogModuleManager: Shutting down and abandoning module TcpMessaging (270)
[2018.07.19-15.30.37:879][510]LogModuleManager: Shutting down and abandoning module GameplayTagsEditor (268)
[2018.07.19-15.30.37:879][510]LogModuleManager: Shutting down and abandoning module FacialAnimationEditor (266)
[2018.07.19-15.30.37:879][510]LogModuleManager: Shutting down and abandoning module FacialAnimation (264)
[2018.07.19-15.30.37:879][510]LogModuleManager: Shutting down and abandoning module DataValidation (262)
[2018.07.19-15.30.37:879][510]LogModuleManager: Shutting down and abandoning module AssetManagerEditor (260)
[2018.07.19-15.30.37:879][510]LogModuleManager: Shutting down and abandoning module LevelEditor (259)
[2018.07.19-15.30.37:881][510]LogModuleManager: Shutting down and abandoning module PixelInspectorModule (258)
[2018.07.19-15.30.37:882][510]LogModuleManager: Shutting down and abandoning module CommonMenuExtensions (256)
[2018.07.19-15.30.37:882][510]LogModuleManager: Shutting down and abandoning module MainFrame (254)
[2018.07.19-15.30.37:882][510]LogModuleManager: Shutting down and abandoning module HotReload (253)
[2018.07.19-15.30.37:883][510]LogModuleManager: Shutting down and abandoning module ContentBrowser (249)
[2018.07.19-15.30.37:886][510]LogModuleManager: Shutting down and abandoning module TreeMap (247)
[2018.07.19-15.30.37:886][510]LogModuleManager: Shutting down and abandoning module LightPropagationVolumeRuntime (244)
[2018.07.19-15.30.37:886][510]LogModuleManager: Shutting down and abandoning module LiveLinkEditor (242)
[2018.07.19-15.30.37:886][510]LogModuleManager: Shutting down and abandoning module LiveLink (240)
[2018.07.19-15.30.37:993][510]LogModuleManager: Shutting down and abandoning module Paper2D (238)
[2018.07.19-15.30.37:993][510]LogModuleManager: Shutting down and abandoning module WindowsMoviePlayer (236)
[2018.07.19-15.30.37:993][510]LogModuleManager: Shutting down and abandoning module WmfMedia (234)
[2018.07.19-15.30.37:996][510]LogModuleManager: Shutting down and abandoning module Media (233)
[2018.07.19-15.30.38:003][510]LogModuleManager: Shutting down and abandoning module PacketHandler (230)
[2018.07.19-15.30.38:003][510]LogModuleManager: Shutting down and abandoning module ClothingSystemEditor (228)
[2018.07.19-15.30.38:003][510]LogModuleManager: Shutting down and abandoning module ClothingSystemRuntime (226)
[2018.07.19-15.30.38:003][510]LogModuleManager: Shutting down and abandoning module MediaAssets (224)
[2018.07.19-15.30.38:003][510]LogModuleManager: Shutting down and abandoning module Overlay (222)
[2018.07.19-15.30.38:003][510]LogModuleManager: Shutting down and abandoning module OverlayEditor (221)
[2018.07.19-15.30.38:003][510]LogModuleManager: Shutting down and abandoning module VREditor (218)
[2018.07.19-15.30.38:003][510]LogModuleManager: Shutting down and abandoning module StringTableEditor (216)
[2018.07.19-15.30.38:004][510]LogModuleManager: Shutting down and abandoning module GameplayTasksEditor (214)
[2018.07.19-15.30.38:004][510]LogModuleManager: Shutting down and abandoning module BehaviorTreeEditor (212)
[2018.07.19-15.30.38:004][510]LogModuleManager: Shutting down and abandoning module FunctionalTesting (210)
[2018.07.19-15.30.38:004][510]LogModuleManager: Shutting down and abandoning module CollisionAnalyzer (208)
[2018.07.19-15.30.38:004][510]LogModuleManager: Shutting down and abandoning module WorkspaceMenuStructure (207)
[2018.07.19-15.30.38:004][510]LogModuleManager: Shutting down and abandoning module UMG (204)
[2018.07.19-15.30.38:004][510]LogModuleManager: Shutting down and abandoning module UMGEditor (203)
[2018.07.19-15.30.38:004][510]LogModuleManager: Shutting down and abandoning module Sequencer (202)
[2018.07.19-15.30.38:005][510]LogModuleManager: Shutting down and abandoning module MessageLog (199)
[2018.07.19-15.30.38:005][510]LogModuleManager: Shutting down and abandoning module SlateReflector (194)
[2018.07.19-15.30.38:005][510]LogModuleManager: Shutting down and abandoning module Slate (192)
[2018.07.19-15.30.38:005][510]LogModuleManager: Shutting down and abandoning module EditorStyle (190)
[2018.07.19-15.30.38:008][510]LogModuleManager: Shutting down and abandoning module MRMesh (188)
[2018.07.19-15.30.38:008][510]LogModuleManager: Shutting down and abandoning module SourceCodeAccess (186)
[2018.07.19-15.30.38:008][510]LogModuleManager: Shutting down and abandoning module HeadMountedDisplay (184)
[2018.07.19-15.30.38:008][510]LogModuleManager: Shutting down and abandoning module XAudio2 (182)
[2018.07.19-15.30.38:008][510]LogModuleManager: Shutting down and abandoning module Networking (180)
[2018.07.19-15.30.38:009][510]LogModuleManager: Shutting down and abandoning module Core (178)
[2018.07.19-15.30.38:009][510]LogModuleManager: Shutting down and abandoning module LevelSequence (176)
[2018.07.19-15.30.38:009][510]LogModuleManager: Shutting down and abandoning module KismetCompiler (174)
[2018.07.19-15.30.38:009][510]LogModuleManager: Shutting down and abandoning module MeshUtilities (172)
[2018.07.19-15.30.38:009][510]LogModuleManager: Shutting down and abandoning module MeshMergeUtilities (171)
[2018.07.19-15.30.38:009][510]LogModuleManager: Shutting down and abandoning module MeshReductionInterface (170)
[2018.07.19-15.30.38:009][510]LogModuleManager: Shutting down and abandoning module SimplygonSwarm (169)
[2018.07.19-15.30.38:009][510]LogModuleManager: Shutting down and abandoning module SimplygonMeshReduction (167)
[2018.07.19-15.30.38:009][510]LogModuleManager: Shutting down and abandoning module QuadricMeshReduction (165)
[2018.07.19-15.30.38:009][510]LogModuleManager: Shutting down and abandoning module MaterialBaking (161)
[2018.07.19-15.30.38:009][510]LogModuleManager: Shutting down and abandoning module DirectoryWatcher (157)
[2018.07.19-15.30.38:011][510]LogModuleManager: Shutting down and abandoning module DerivedDataCache (154)
[2018.07.19-15.30.38:033][510]LogDerivedDataCache: Shutdown
[2018.07.19-15.30.38:033][510]LogModuleManager: Shutting down and abandoning module XGEController (152)
[2018.07.19-15.30.38:033][510]LogXGEController: Cleaning working directory: C:/Users/iD Student/AppData/Local/Temp/UnrealXGEWorkingDir/
[2018.07.19-15.30.38:034][510]LogModuleManager: Shutting down and abandoning module TargetPlatform (150)
[2018.07.19-15.30.38:034][510]LogModuleManager: Shutting down and abandoning module VulkanShaderFormat (149)
[2018.07.19-15.30.38:034][510]LogModuleManager: Shutting down and abandoning module ShaderFormatVectorVM (147)
[2018.07.19-15.30.38:034][510]LogModuleManager: Shutting down and abandoning module ShaderFormatOpenGL (145)
[2018.07.19-15.30.38:034][510]LogModuleManager: Shutting down and abandoning module ShaderFormatD3D (143)
[2018.07.19-15.30.38:034][510]LogModuleManager: Shutting down and abandoning module MetalShaderFormat (141)
[2018.07.19-15.30.38:034][510]LogModuleManager: Shutting down and abandoning module TextureFormatUncompressed (139)
[2018.07.19-15.30.38:034][510]LogModuleManager: Shutting down and abandoning module TextureFormatPVR (137)
[2018.07.19-15.30.38:034][510]LogModuleManager: Shutting down and abandoning module TextureFormatDXT (135)
[2018.07.19-15.30.38:034][510]LogModuleManager: Shutting down and abandoning module TextureFormatIntelISPCTexComp (133)
[2018.07.19-15.30.38:035][510]LogModuleManager: Shutting down and abandoning module TextureFormatASTC (131)
[2018.07.19-15.30.38:035][510]LogModuleManager: Shutting down and abandoning module ImageWrapper (130)
[2018.07.19-15.30.38:035][510]LogModuleManager: Shutting down and abandoning module TextureFormatAndroid (127)
[2018.07.19-15.30.38:035][510]LogModuleManager: Shutting down and abandoning module AudioFormatOpus (125)
[2018.07.19-15.30.38:035][510]LogModuleManager: Shutting down and abandoning module AudioFormatOgg (123)
[2018.07.19-15.30.38:035][510]LogModuleManager: Shutting down and abandoning module AudioFormatADPCM (121)
[2018.07.19-15.30.38:035][510]LogModuleManager: Shutting down and abandoning module LinuxTargetPlatform (119)
[2018.07.19-15.30.38:035][510]LogModuleManager: Shutting down and abandoning module LinuxServerTargetPlatform (117)
[2018.07.19-15.30.38:035][510]LogModuleManager: Shutting down and abandoning module LinuxNoEditorTargetPlatform (115)
[2018.07.19-15.30.38:035][510]LogModuleManager: Shutting down and abandoning module LinuxClientTargetPlatform (113)
[2018.07.19-15.30.38:035][510]LogModuleManager: Shutting down and abandoning module TVOSTargetPlatform (111)
[2018.07.19-15.30.38:035][510]LogModuleManager: Shutting down and abandoning module Messaging (109)
[2018.07.19-15.30.38:035][510]LogModuleManager: Shutting down and abandoning module IOSTargetPlatform (107)
[2018.07.19-15.30.38:035][510]LogModuleManager: Shutting down and abandoning module HTML5TargetPlatform (105)
[2018.07.19-15.30.38:035][510]LogModuleManager: Shutting down and abandoning module AndroidTargetPlatform (103)
[2018.07.19-15.30.38:035][510]LogModuleManager: Shutting down and abandoning module Android_PVRTCTargetPlatform (101)
[2018.07.19-15.30.38:035][510]LogModuleManager: Shutting down and abandoning module Android_MultiTargetPlatform (99)
[2018.07.19-15.30.38:035][510]LogModuleManager: Shutting down and abandoning module Android_ETC2TargetPlatform (97)
[2018.07.19-15.30.38:035][510]LogModuleManager: Shutting down and abandoning module Android_ETC1TargetPlatform (95)
[2018.07.19-15.30.38:035][510]LogModuleManager: Shutting down and abandoning module Android_ETC1aTargetPlatform (93)
[2018.07.19-15.30.38:035][510]LogModuleManager: Shutting down and abandoning module Android_DXTTargetPlatform (91)
[2018.07.19-15.30.38:035][510]LogModuleManager: Shutting down and abandoning module Android_ATCTargetPlatform (89)
[2018.07.19-15.30.38:035][510]LogModuleManager: Shutting down and abandoning module Android_ASTCTargetPlatform (87)
[2018.07.19-15.30.38:036][510]LogModuleManager: Shutting down and abandoning module WindowsTargetPlatform (85)
[2018.07.19-15.30.38:036][510]LogModuleManager: Shutting down and abandoning module WindowsServerTargetPlatform (83)
[2018.07.19-15.30.38:036][510]LogModuleManager: Shutting down and abandoning module WindowsNoEditorTargetPlatform (81)
[2018.07.19-15.30.38:036][510]LogModuleManager: Shutting down and abandoning module WindowsClientTargetPlatform (79)
[2018.07.19-15.30.38:036][510]LogModuleManager: Shutting down and abandoning module MacTargetPlatform (77)
[2018.07.19-15.30.38:036][510]LogModuleManager: Shutting down and abandoning module MacServerTargetPlatform (75)
[2018.07.19-15.30.38:036][510]LogModuleManager: Shutting down and abandoning module MacNoEditorTargetPlatform (73)
[2018.07.19-15.30.38:036][510]LogModuleManager: Shutting down and abandoning module MacClientTargetPlatform (71)
[2018.07.19-15.30.38:036][510]LogModuleManager: Shutting down and abandoning module AllDesktopTargetPlatform (69)
[2018.07.19-15.30.38:036][510]LogModuleManager: Shutting down and abandoning module InputCore (66)
[2018.07.19-15.30.38:036][510]LogModuleManager: Shutting down and abandoning module Settings (64)
[2018.07.19-15.30.38:036][510]LogModuleManager: Shutting down and abandoning module PhysXCooking (62)
[2018.07.19-15.30.38:036][510]LogModuleManager: Shutting down and abandoning module SteamVR (60)
[2018.07.19-15.30.38:036][510]LogModuleManager: Shutting down and abandoning module OculusHMD (58)
[2018.07.19-15.30.38:036][510]LogModuleManager: Shutting down and abandoning module ExampleDeviceProfileSelector (56)
[2018.07.19-15.30.38:036][510]LogModuleManager: Shutting down and abandoning module AppleARKit (54)
[2018.07.19-15.30.38:036][510]LogModuleManager: Shutting down and abandoning module AugmentedReality (51)
[2018.07.19-15.30.38:036][510]LogModuleManager: Shutting down and abandoning module OnlineBlueprintSupport (48)
[2018.07.19-15.30.38:036][510]LogModuleManager: Shutting down and abandoning module OnlineSubsystem (44)
[2018.07.19-15.30.38:036][510]LogModuleManager: Shutting down and abandoning module XMPP (43)
[2018.07.19-15.30.38:036][510]LogModuleManager: Shutting down and abandoning module HTTP (41)
[2018.07.19-15.30.38:036][510]LogHttp: Display: Http module shutting down, but needs to wait on 1 outstanding Http requests:
[2018.07.19-15.30.38:036][510]LogHttp: Display: 	verb=[POST] url=[https://datarouter.ol.epicgames.com/datarouter/api/v1/public/data?SessionID=%7B60D89901-4AE9-BAB1-FA1F-DF8EB4269E08%7D&AppID=UEEditor.Rocket.Release&AppVersion=4.19.1-3989454%2B%2B%2BUE4%2BRelease-4.19&UserID=2b8560fe495d6d5110e231ad8bbbd15d%7C4a8c01f5b0394714b568ffc63726fee6%7C1d3f1c36-a3f6-4dac-b938-2a082149bab2&AppEnvironment=datacollector-binary&UploadType=eteventstream] status=Processing
[2018.07.19-15.30.38:068][510]LogModuleManager: Shutting down and abandoning module SSL (40)
[2018.07.19-15.30.38:069][510]LogModuleManager: Shutting down and abandoning module AnimationModifiers (36)
[2018.07.19-15.30.38:069][510]LogModuleManager: Shutting down and abandoning module PropertyEditor (35)
[2018.07.19-15.30.38:069][510]LogModuleManager: Shutting down and abandoning module AudioEditor (32)
[2018.07.19-15.30.38:069][510]LogModuleManager: Shutting down and abandoning module TextureCompressor (30)
[2018.07.19-15.30.38:069][510]LogModuleManager: Shutting down and abandoning module ShaderCore (28)
[2018.07.19-15.30.38:069][510]LogModuleManager: Shutting down and abandoning module Landscape (26)
[2018.07.19-15.30.38:069][510]LogModuleManager: Shutting down and abandoning module SlateRHIRenderer (24)
[2018.07.19-15.30.38:070][510]LogModuleManager: Shutting down and abandoning module OpenGLDrv (22)
[2018.07.19-15.30.38:070][510]LogModuleManager: Shutting down and abandoning module D3D11RHI (20)
[2018.07.19-15.30.38:070][510]LogModuleManager: Shutting down and abandoning module AnimGraphRuntime (18)
[2018.07.19-15.30.38:070][510]LogModuleManager: Shutting down and abandoning module Renderer (16)
[2018.07.19-15.30.38:070][510]LogModuleManager: Shutting down and abandoning module Engine (14)
[2018.07.19-15.30.38:070][510]LogModuleManager: Shutting down and abandoning module CoreUObject (12)
[2018.07.19-15.30.38:070][510]LogModuleManager: Shutting down and abandoning module NetworkFile (10)
[2018.07.19-15.30.38:070][510]LogModuleManager: Shutting down and abandoning module CookedIterativeFile (8)
[2018.07.19-15.30.38:070][510]LogModuleManager: Shutting down and abandoning module StreamingFile (6)
[2018.07.19-15.30.38:070][510]LogModuleManager: Shutting down and abandoning module SandboxFile (4)
[2018.07.19-15.30.38:070][510]LogModuleManager: Shutting down and abandoning module PakFile (2)
[2018.07.19-15.30.38:076][510]LogExit: Exiting.
[2018.07.19-15.30.38:098][510]Log file closed, 07/19/18 10:30:38
