"../../../Engine/Content/ArtTools/RenderToTexture/Enums/RenderToTexture_Enum.uasset" 0
"../../../Engine/Content/ArtTools/RenderToTexture/Enums/RenderToTexture_Flipbook_Enum.uasset" 1
"../../../Engine/Content/ArtTools/RenderToTexture/Enums/RenderToTexture_Imposter_Enum.uasset" 2
"../../../Engine/Content/EditorBlueprintResources/StandardMacros.uasset" 3
"../../../Engine/Content/ArtTools/RenderToTexture/Enums/EIntTypes.uasset" 4
"../../../Engine/Content/ArtTools/RenderToTexture/Macros/RenderToTextureFunctionLibrary.uasset" 5
"../../../Engine/Content/ArtTools/RenderToTexture/Enums/EFloatTypes.uasset" 6
"../../../Engine/Content/ArtTools/RenderToTexture/Macros/RenderToTextureMacros.uasset" 7
"../../../Engine/Content/Functions/Engine_MaterialFunctions01/Opacity/CameraDepthFade.uasset" 8
"../../../Engine/Content/EngineMaterials/T_Default_Material_Grid_M.uasset" 9
"../../../Engine/Content/EngineMaterials/T_Default_Material_Grid_N.uasset" 10
"../../../Engine/Content/EngineMaterials/WorldGridMaterial.uasset" 11
"../../../Engine/Content/ArtTools/RenderToTexture/Meshes/S_1_Unit_Plane.uasset" 12
"../../../Engine/Content/EngineMaterials/DefaultMaterial.uasset" 13
"../../../Engine/Content/BasicShapes/Cone.uasset" 14
"../../../Engine/Content/BasicShapes/Cube.uasset" 15
"../../../Engine/Content/BasicShapes/Cylinder.uasset" 16
"../../../Engine/Content/BasicShapes/Plane.uasset" 17
"../../../Engine/Content/BasicShapes/Sphere.uasset" 18
"../../../Engine/Content/EngineMaterials/DefaultPhysicalMaterial.uasset" 19
"../../../Engine/Content/BufferVisualization/AmbientOcclusion.uasset" 20
"../../../Engine/Content/BufferVisualization/BaseColor.uasset" 21
"../../../Engine/Content/BufferVisualization/CustomDepth.uasset" 22
"../../../Engine/Content/Functions/Engine_MaterialFunctions02/Utility/VectorLength.uasset" 23
"../../../Engine/Content/BufferVisualization/CustomDepthWorldUnits.uasset" 24
"../../../Engine/Content/Functions/Engine_MaterialFunctions02/Utility/BreakOutFloat2Components.uasset" 25
"../../../Engine/Content/Functions/Engine_MaterialFunctions01/Texturing/ScaleUVsByCenter.uasset" 26
"../../../Engine/Content/Functions/Engine_MaterialFunctions02/ScreenResolution.uasset" 27
"../../../Engine/Content/Functions/Engine_MaterialFunctions02/Texturing/ScreenAlignedUVs.uasset" 28
"../../../Engine/Content/Functions/Engine_MaterialFunctions02/Utility/MakeFloat2.uasset" 29
"../../../Engine/Content/Functions/Engine_MaterialFunctions02/Utility/MakeFloat3.uasset" 30
"../../../Engine/Content/EngineMaterials/MiniFont.uasset" 31
"../../../Engine/Content/BufferVisualization/CustomStencil.uasset" 32
"../../../Engine/Content/BufferVisualization/FinalImage.uasset" 33
"../../../Engine/Content/BufferVisualization/LightingModel.uasset" 34
"../../../Engine/Content/BufferVisualization/MaterialAO.uasset" 35
"../../../Engine/Content/BufferVisualization/Metallic.uasset" 36
"../../../Engine/Content/BufferVisualization/Opacity.uasset" 37
"../../../Engine/Content/BufferVisualization/PostTonemapHDRColor.uasset" 38
"../../../Engine/Content/BufferVisualization/PreTonemapHDRColor.uasset" 39
"../../../Engine/Content/BufferVisualization/Roughness.uasset" 40
"../../../Engine/Content/BufferVisualization/SceneColor.uasset" 41
"../../../Engine/Content/BufferVisualization/SceneDepth.uasset" 42
"../../../Engine/Content/BufferVisualization/SceneDepthWorldUnits.uasset" 43
"../../../Engine/Content/BufferVisualization/SeparateTranslucencyA.uasset" 44
"../../../Engine/Content/BufferVisualization/SeparateTranslucencyRGB.uasset" 45
"../../../Engine/Content/BufferVisualization/Specular.uasset" 46
"../../../Engine/Content/BufferVisualization/SubsurfaceColor.uasset" 47
"../../../Engine/Content/BufferVisualization/WorldNormal.uasset" 48
"../../../Engine/Content/EditorBlueprintResources/ActorMacros.uasset" 49
"../../../Engine/Content/EditorLandscapeResources/DataLayer.uasset" 50
"../../../Engine/Content/EditorLandscapeResources/DefaultAlphaTexture.uasset" 51
"../../../Engine/Content/EditorLandscapeResources/LandscapeGizmoHeight_Mat.uasset" 52
"../../../Engine/Content/EditorLandscapeResources/LandscapeGizmo_Mat.uasset" 53
"../../../Engine/Content/EditorLandscapeResources/LandscapeGizmo_Mat_Copied.uasset" 54
"../../../Engine/Content/EditorLandscapeResources/SplineEditorMeshMat.uasset" 55
"../../../Engine/Content/EditorLandscapeResources/SplineEditorMesh.uasset" 56
"../../../Engine/Content/EditorMaterials/Cross.uasset" 57
"../../../Engine/Content/EditorMaterials/Cross_Mat.uasset" 58
"../../../Engine/Content/EditorMaterials/GizmoMaterial.uasset" 59
"../../../Engine/Content/Functions/Engine_MaterialFunctions02/Utility/Sign.uasset" 60
"../../../Engine/Content/Functions/Engine_MaterialFunctions02/Utility/Round.uasset" 61
"../../../Engine/Content/Functions/Engine_MaterialFunctions02/ExampleContent/Textures/flipbook.uasset" 62
"../../../Engine/Content/Functions/Engine_MaterialFunctions02/Texturing/FlipBook.uasset" 63
"../../../Engine/Content/EditorResources/T_EditorHelp.uasset" 64
"../../../Engine/Content/EditorMaterials/HelpActorMaterial.uasset" 65
"../../../Engine/Content/EditorMaterials/CompositeARGBLayer.uasset" 66
"../../../Engine/Content/EditorMaterials/TilingAALineIntegral.uasset" 67
"../../../Engine/Content/EditorMaterials/TilingAALineBoxFiltered.uasset" 68
"../../../Engine/Content/Functions/Engine_MaterialFunctions03/Procedurals/ComputeFilterWidth.uasset" 69
"../../../Engine/Content/EditorMaterials/TilingAADots.uasset" 70
"../../../Engine/Content/EditorMaterials/Cascade/CASC_Cross.uasset" 71
"../../../Engine/Content/EditorMaterials/Cascade/CASC_None.uasset" 72
"../../../Engine/Content/Functions/Engine_MaterialFunctions03/Blends/Blend_Screen.uasset" 73
"../../../Engine/Content/EditorMaterials/TilingAAGrid.uasset" 74
"../../../Engine/Content/EditorMaterials/LevelGridMaterial.uasset" 75
"../../../Engine/Content/EditorMaterials/MakeCompositeARGBLayer.uasset" 76
"../../../Engine/Content/EditorResources/LevelGrid1DStripes.uasset" 77
"../../../Engine/Content/EditorMaterials/TextureGridCascaded1D.uasset" 78
"../../../Engine/Content/EditorMaterials/TextureGridCascaded2D.uasset" 79
"../../../Engine/Content/EditorMaterials/LevelGridMaterial2.uasset" 80
"../../../Engine/Content/EditorMaterials/MAT_Groups_Toggle.uasset" 81
"../../../Engine/Content/EditorMaterials/MAT_Groups_Visibility.uasset" 82
"../../../Engine/Content/EditorMaterials/AntialiasedGridFloor.uasset" 83
"../../../Engine/Content/EditorResources/TilePatine_D.uasset" 84
"../../../Engine/Content/EditorResources/TilePatine_N.uasset" 85
"../../../Engine/Content/EngineMaterials/Grid.uasset" 86
"../../../Engine/Content/EditorMaterials/PersonaFloorMat.uasset" 87
"../../../Engine/Content/EditorMaterials/PhAT_BoneSelectedMaterial.uasset" 88
"../../../Engine/Content/EditorMaterials/PhAT_ElemSelectedMaterial.uasset" 89
"../../../Engine/Content/EditorMaterials/PhAT_NoCollisionMaterial.uasset" 90
"../../../Engine/Content/EditorMaterials/PhAT_UnselectedMaterial.uasset" 91
"../../../Engine/Content/EditorMaterials/PreviewShadowIndicator.uasset" 92
"../../../Engine/Content/EditorMaterials/PreviewShadowIndicatorMaterial.uasset" 93
"../../../Engine/Content/EditorMaterials/TargetIcon.uasset" 94
"../../../Engine/Content/EditorMaterials/Tick.uasset" 95
"../../../Engine/Content/EditorMaterials/Tick_Mat.uasset" 96
"../../../Engine/Content/EditorMaterials/WidgetGridVertexColorMaterial.uasset" 97
"../../../Engine/Content/EditorMaterials/WidgetGridVertexColorMaterial_Ma.uasset" 98
"../../../Engine/Content/EditorMaterials/WidgetMaterial.uasset" 99
"../../../Engine/Content/EditorMaterials/WidgetMaterial_Current.uasset" 100
"../../../Engine/Content/EditorMaterials/WidgetMaterial_X.uasset" 101
"../../../Engine/Content/EditorMaterials/WidgetMaterial_Y.uasset" 102
"../../../Engine/Content/EditorMaterials/WidgetMaterial_Z.uasset" 103
"../../../Engine/Content/EditorMaterials/WidgetVertexColorMaterial.uasset" 104
"../../../Engine/Content/EditorMaterials/MatineeGroups/MAT_ColorTrack.uasset" 105
"../../../Engine/Content/EditorMaterials/MatineeGroups/MAT_Groups_Anim.uasset" 106
"../../../Engine/Content/EditorMaterials/MatineeGroups/MAT_Groups_AudioMaster.uasset" 107
"../../../Engine/Content/EditorMaterials/MatineeGroups/MAT_Groups_Director.uasset" 108
"../../../Engine/Content/EditorMaterials/MatineeGroups/MAT_Groups_Event.uasset" 109
"../../../Engine/Content/EditorMaterials/MatineeGroups/MAT_Groups_Fade.uasset" 110
"../../../Engine/Content/EditorMaterials/MatineeGroups/MAT_Groups_Float.uasset" 111
"../../../Engine/Content/EditorMaterials/MatineeGroups/MAT_Groups_Move.uasset" 112
"../../../Engine/Content/EditorMaterials/MatineeGroups/MAT_Groups_Slomo.uasset" 113
"../../../Engine/Content/EditorMaterials/MatineeGroups/MAT_Groups_Sound.uasset" 114
"../../../Engine/Content/EditorMaterials/MatineeGroups/MAT_Groups_Vector.uasset" 115
"../../../Engine/Content/EditorMaterials/ParticleSystems/PSysThumbnail_NoImage.uasset" 116
"../../../Engine/Content/EditorMaterials/ParticleSystems/PSysThumbnail_OOD.uasset" 117
"../../../Engine/Content/EditorMaterials/Thumbnails/FloorPlaneMaterial.uasset" 118
"../../../Engine/Content/EditorMeshes/EditorCube.uasset" 119
"../../../Engine/Content/EditorMeshes/EditorCylinder.uasset" 120
"../../../Engine/Content/EditorMeshes/EditorPlane.uasset" 121
"../../../Engine/Content/EditorMaterials/Thumbnails/SkySphereMaterial.uasset" 122
"../../../Engine/Content/EditorMeshes/EditorSkySphere.uasset" 123
"../../../Engine/Content/EditorMeshes/EditorSphere.uasset" 124
"../../../Engine/Content/EditorResources/MatineeCam_D.uasset" 125
"../../../Engine/Content/EditorMaterials/MatineeCam_mat.uasset" 126
"../../../Engine/Content/EditorMeshes/MatineeCam_SM.uasset" 127
"../../../Engine/Content/Functions/Engine_MaterialFunctions01/Shading/ConvertFromDiffSpec.uasset" 128
"../../../Engine/Content/EditorMaterials/GridMaterial.uasset" 129
"../../../Engine/Content/EditorMeshes/PhAT_FloorBox.uasset" 130
"../../../Engine/Content/EditorMaterials/Camera/CineMat.uasset" 131
"../../../Engine/Content/EditorMaterials/Camera/MI_CineMat_CameraBody.uasset" 132
"../../../Engine/Content/EngineDebugMaterials/M_SimpleOpaque.uasset" 133
"../../../Engine/Content/EditorMaterials/Camera/MI_CineMat_CamViewFinder.uasset" 134
"../../../Engine/Content/EditorMeshes/Camera/SM_CineCam.uasset" 135
"../../../Engine/Content/EditorMaterials/Camera/MI_CineMat_Rig.uasset" 136
"../../../Engine/Content/EditorMeshes/Camera/SM_CraneRig_Arm.uasset" 137
"../../../Engine/Content/EditorMeshes/Camera/SM_CraneRig_Base.uasset" 138
"../../../Engine/Content/EditorMeshes/Camera/SM_CraneRig_Body.uasset" 139
"../../../Engine/Content/EditorMeshes/Camera/SM_CraneRig_Mount.uasset" 140
"../../../Engine/Content/EditorMeshes/Camera/SM_RailRig_Mount.uasset" 141
"../../../Engine/Content/EditorMeshes/Camera/SM_RailRig_Track.uasset" 142
"../../../Engine/Content/EditorMeshes/ColorCalibrator/M_ChromeBall.uasset" 143
"../../../Engine/Content/EditorMeshes/ColorCalibrator/M_ClearCoat.uasset" 144
"../../../Engine/Content/EditorMeshes/ColorCalibrator/M_ClearCoatBlack.uasset" 145
"../../../Engine/Content/EditorMeshes/ColorCalibrator/Color_checker.uasset" 146
"../../../Engine/Content/EditorMeshes/ColorCalibrator/M_ColorGrid.uasset" 147
"../../../Engine/Content/EditorMeshes/ColorCalibrator/M_GreyBall.uasset" 148
"../../../Engine/Content/EditorMeshes/ColorCalibrator/SM_ColorCalibrator.uasset" 149
"../../../Engine/Content/EditorResources/Bad.uasset" 150
"../../../Engine/Content/EditorResources/BSPVertex.uasset" 151
"../../../Engine/Content/EditorResources/EmptyActor.uasset" 152
"../../../Engine/Content/EditorResources/MatInstActSprite.uasset" 153
"../../../Engine/Content/EditorResources/SceneManager.uasset" 154
"../../../Engine/Content/EditorResources/SmallFont.uasset" 155
"../../../Engine/Content/EditorResources/S_Actor.uasset" 156
"../../../Engine/Content/EditorResources/S_DecalActorIcon.uasset" 157
"../../../Engine/Content/EditorResources/S_Emitter.uasset" 158
"../../../Engine/Content/EditorResources/S_ExpoHeightFog.uasset" 159
"../../../Engine/Content/EditorResources/S_FTest.uasset" 160
"../../../Engine/Content/EditorResources/S_KBSJoint.uasset" 161
"../../../Engine/Content/EditorResources/S_KHinge.uasset" 162
"../../../Engine/Content/EditorResources/S_KPrismatic.uasset" 163
"../../../Engine/Content/EditorResources/S_LevelSequence.uasset" 164
"../../../Engine/Content/EditorResources/S_NavP.uasset" 165
"../../../Engine/Content/EditorResources/S_Note.uasset" 166
"../../../Engine/Content/EditorResources/S_Player.uasset" 167
"../../../Engine/Content/EditorResources/S_PortalActorIcon2.uasset" 168
"../../../Engine/Content/EditorResources/S_RadForce.uasset" 169
"../../../Engine/Content/EditorResources/S_ReflActorIcon.uasset" 170
"../../../Engine/Content/EditorResources/S_Terrain.uasset" 171
"../../../Engine/Content/EditorResources/S_TextRenderActorIcon.uasset" 172
"../../../Engine/Content/EditorResources/S_Thruster.uasset" 173
"../../../Engine/Content/EditorResources/S_Trigger.uasset" 174
"../../../Engine/Content/EditorResources/S_VectorFieldVol.uasset" 175
"../../../Engine/Content/EditorResources/S_WindDirectional.uasset" 176
"../../../Engine/Content/EditorResources/AI/S_NavLink.uasset" 177
"../../../Engine/Content/EditorResources/LightIcons/SkyLight.uasset" 178
"../../../Engine/Content/EditorResources/LightIcons/S_LightDirectional.uasset" 179
"../../../Engine/Content/EditorResources/LightIcons/S_LightDirectionalMove.uasset" 180
"../../../Engine/Content/EditorResources/LightIcons/S_LightError.uasset" 181
"../../../Engine/Content/EditorResources/LightIcons/S_LightPoint.uasset" 182
"../../../Engine/Content/EditorResources/LightIcons/S_LightPointMove.uasset" 183
"../../../Engine/Content/EditorResources/LightIcons/S_LightSpot.uasset" 184
"../../../Engine/Content/EditorResources/LightIcons/S_LightSpotMove.uasset" 185
"../../../Engine/Content/EditorResources/SequenceRecorder/Countdown.uasset" 186
"../../../Engine/Content/EditorResources/SequenceRecorder/RecordingIndicator.uasset" 187
"../../../Engine/Content/EditorResources/Spline/T_Loft_Spline.uasset" 188
"../../../Engine/Content/EditorSounds/Notifications/CompileFailed.uasset" 189
"../../../Engine/Content/EditorSounds/Notifications/CompileFailed_Cue.uasset" 190
"../../../Engine/Content/EditorSounds/Notifications/CompileSuccess.uasset" 191
"../../../Engine/Content/EditorSounds/Notifications/CompileStart_Cue.uasset" 192
"../../../Engine/Content/EditorSounds/Notifications/CompileSuccess_Cue.uasset" 193
"../../../Engine/Content/EngineDamageTypes/DmgTypeBP_Environmental.uasset" 194
"../../../Engine/Content/EngineDebugMaterials/HeatmapGradient.uasset" 195
"../../../Engine/Content/EngineDebugMaterials/BoneWeightMaterial.uasset" 196
"../../../Engine/Content/EngineDebugMaterials/ClothMaterial.uasset" 197
"../../../Engine/Content/EngineDebugMaterials/ClothMaterial_WF.uasset" 198
"../../../Engine/Content/EngineDebugMaterials/DebugEditorMaterial.uasset" 199
"../../../Engine/Content/EngineDebugMaterials/DebugMeshMaterial.uasset" 200
"../../../Engine/Content/EngineDebugMaterials/GeomMaterial.uasset" 201
"../../../Engine/Content/EngineDebugMaterials/LevelColorationLitMaterial.uasset" 202
"../../../Engine/Content/EngineDebugMaterials/LevelColorationUnlitMaterial.uasset" 203
"../../../Engine/Content/EngineMaterials/DefaultWhiteGrid.uasset" 204
"../../../Engine/Content/EngineDebugMaterials/MAT_LevelColorationLitLightmapUV.uasset" 205
"../../../Engine/Content/EngineDebugMaterials/M_SimpleTranslucent.uasset" 206
"../../../Engine/Content/EngineDebugMaterials/ShadedLevelColorationLitMaterial.uasset" 207
"../../../Engine/Content/EngineDebugMaterials/ShadedLevelColorationUnlitMateri.uasset" 208
"../../../Engine/Content/EngineDebugMaterials/VertexColorMaterial.uasset" 209
"../../../Engine/Content/EngineDebugMaterials/VertexColorViewMode_AlphaAsColor.uasset" 210
"../../../Engine/Content/EngineDebugMaterials/VertexColorViewMode_BlueOnly.uasset" 211
"../../../Engine/Content/EngineDebugMaterials/VertexColorViewMode_ColorOnly.uasset" 212
"../../../Engine/Content/EngineDebugMaterials/VertexColorViewMode_GreenOnly.uasset" 213
"../../../Engine/Content/EngineDebugMaterials/VertexColorViewMode_RedOnly.uasset" 214
"../../../Engine/Content/EngineDebugMaterials/WireframeMaterial.uasset" 215
"../../../../../../Users/iD Student/Desktop/Jordan W/Final/groupProject/Content/WidgetStuff/Death_VaLley.uasset" 216
"../../../Engine/Content/EngineFonts/Roboto.uasset" 217
"../../../Engine/Content/EngineFonts/Faces/RobotoTiny.uasset" 218
"../../../Engine/Content/EngineFonts/RobotoTiny.uasset" 219
"../../../Engine/Content/EngineFonts/SmallFont.uasset" 220
"../../../Engine/Content/EngineFonts/TinyFont.uasset" 221
"../../../Engine/Content/EngineResources/WhiteSquareTexture.uasset" 222
"../../../Engine/Content/EngineMaterials/BlinkingCaret.uasset" 223
"../../../Engine/Content/EngineMaterials/DefaultBloomKernel.uasset" 224
"../../../Engine/Content/EngineMaterials/DefaultBokeh.uasset" 225
"../../../Engine/Content/EngineMaterials/DefaultDiffuse.uasset" 226
"../../../Engine/Content/EngineMaterials/DefaultDeferredDecalMaterial.uasset" 227
"../../../Engine/Content/EngineMaterials/DefaultLightFunctionMaterial.uasset" 228
"../../../Engine/Content/EngineMaterials/DefaultNormal.uasset" 229
"../../../Engine/Content/EngineMaterials/DefaultPostProcessMaterial.uasset" 230
"../../../Engine/Content/EngineFonts/RobotoDistanceField.uasset" 231
"../../../Engine/Content/EngineMaterials/DefaultTextMaterialOpaque.uasset" 232
"../../../Engine/Content/EngineMaterials/EditorBrushMaterial.uasset" 233
"../../../Engine/Content/EngineMaterials/Good64x64TilingNoiseHighFreq.uasset" 234
"../../../Engine/Content/EngineMaterials/Grid_N.uasset" 235
"../../../Engine/Content/EngineMaterials/HighResolutionScreenshotMaskFunction.uasset" 236
"../../../Engine/Content/EngineMaterials/HighResScreenshot.uasset" 237
"../../../Engine/Content/EngineMaterials/HighResScreenshotCaptureRegion.uasset" 238
"../../../Engine/Content/EngineMaterials/HighResScreenshotMask.uasset" 239
"../../../Engine/Content/EngineMaterials/LandscapeHolePhysicalMaterial.uasset" 240
"../../../Engine/Content/EngineMaterials/InvalidLightmapSettings.uasset" 241
"../../../Engine/Content/EngineMaterials/M_InvalidLightmapSettings.uasset" 242
"../../../Engine/Content/EngineMaterials/PaperDiffuse.uasset" 243
"../../../Engine/Content/EngineMaterials/PaperNormal.uasset" 244
"../../../Engine/Content/Functions/Engine_MaterialFunctions02/WorldPositionOffset/CameraOffset.uasset" 245
"../../../Engine/Content/EngineMaterials/PhAT_JointLimitMaterial.uasset" 246
"../../../Engine/Content/EngineMaterials/PhysMat_Rubber.uasset" 247
"../../../Engine/Content/EngineMaterials/PreintegratedSkinBRDF.uasset" 248
"../../../Engine/Content/EngineMaterials/RemoveSurfaceMaterial.uasset" 249
"../../../Engine/Content/EngineMaterials/WeightMapPlaceholderTexture.uasset" 250
"../../../Engine/Content/EngineMaterials/Widget3DPassThrough.uasset" 251
"../../../Engine/Content/EngineMaterials/Widget3DPassThrough_Masked.uasset" 252
"../../../Engine/Content/EngineMaterials/Widget3DPassThrough_Opaque.uasset" 253
"../../../Engine/Content/EngineMaterials/Widget3DPassThrough_Masked_OneSided.uasset" 254
"../../../Engine/Content/EngineMaterials/Widget3DPassThrough_Opaque_OneSided.uasset" 255
"../../../Engine/Content/EngineMaterials/Widget3DPassThrough_Translucent.uasset" 256
"../../../Engine/Content/EngineMaterials/Widget3DPassThrough_Translucent_OneSided.uasset" 257
"../../../Engine/Content/EngineMeshes/Cube.uasset" 258
"../../../Engine/Content/EngineMeshes/Cylinder.uasset" 259
"../../../Engine/Content/EngineMeshes/Sphere.uasset" 260
"../../../Engine/Content/EngineResources/Black.uasset" 261
"../../../Engine/Content/EngineResources/DefaultTexture.uasset" 262
"../../../Engine/Content/EngineResources/DefaultTextureCube.uasset" 263
"../../../Engine/Content/EngineResources/GradientTexture0.uasset" 264
"../../../Engine/Content/EngineResources/StreamingPauseIcon.uasset" 265
"../../../Engine/Content/EngineResources/M_StreamingPause.uasset" 266
"../../../Engine/Content/EngineSounds/Master.uasset" 267
"../../../Engine/Content/Functions/Engine_MaterialFunctions01/Shading/PowerToRoughness.uasset" 268
"../../../Engine/Content/Maps/Templates/Thumbnails/Default.uasset" 269
"../../../Engine/Content/Maps/Templates/Thumbnails/VR-Basic.uasset" 270
"../../../Engine/Content/MapTemplates/Sky/DaylightAmbientCubemap.uasset" 271
"../../../Engine/Content/MobileResources/T_MobileControls_texture.uasset" 272
"../../../Engine/Content/MobileResources/T_MobileMenu2.uasset" 273
"../../../Engine/Content/MobileResources/HUD/AnalogHat.uasset" 274
"../../../Engine/Content/MobileResources/HUD/VirtualJoystick_Background.uasset" 275
"../../../Engine/Content/MobileResources/HUD/VirtualJoystick_Thumb.uasset" 276
"../../../Engine/Content/MobileResources/HUD/DefaultVirtualJoysticks.uasset" 277
"../../../Engine/Content/MobileResources/HUD/LeftVirtualJoystickOnly.uasset" 278
"../../../Engine/Content/MobileResources/HUD/MobileHUDButton1_off.uasset" 279
"../../../Engine/Content/MobileResources/HUD/MobileHUDButton1_on.uasset" 280
"../../../Engine/Content/MobileResources/HUD/MobileHUDButton2_off.uasset" 281
"../../../Engine/Content/MobileResources/HUD/MobileHUDButton2_on.uasset" 282
"../../../Engine/Content/MobileResources/HUD/MobileHUDButton3.uasset" 283
"../../../Engine/Content/MobileResources/HUD/MobileHUDButtonFire.uasset" 284
"../../../Engine/Content/MobileResources/HUD/MobileHUDDirectionPad.uasset" 285
"../../../Engine/Content/MobileResources/HUD/MobileHUDDirectionPad2.uasset" 286
"../../../Engine/Content/MobileResources/HUD/MobileHUDDirectionPad3.uasset" 287
"../../../Engine/Content/MobileResources/HUD/MobileHUDDirectionStick.uasset" 288
"../../../Engine/Content/MobileResources/HUD/T_Castle_ThumbstickInner.uasset" 289
"../../../Engine/Content/MobileResources/HUD/T_Castle_ThumbstickOutter.uasset" 290
"../../../Engine/Content/Tutorial/ContentIntroCurve.uasset" 291
"../../../Engine/Content/Tutorial/Basics/TutorialAssets/icon_tab_Levels_40x.uasset" 292
"../../../Engine/Content/Tutorial/BlueprintTutorials/TutorialAssets/BlueprintInterface_64x.uasset" 293
"../../../Engine/Content/Tutorial/BlueprintTutorials/TutorialAssets/BlueprintMacroLibrary_64x.uasset" 294
"../../../Engine/Content/Tutorial/BlueprintTutorials/TutorialAssets/Blueprint_64x.uasset" 295
"../../../Engine/Content/Tutorial/BlueprintTutorials/TutorialAssets/Tutorial_BP_Interface.uasset" 296
"../../../Engine/Content/Tutorial/Foliage/TutorialAssets/Foliage.uasset" 297
"../../../Engine/Content/Tutorial/Landscape/TutorialAssets/Landscape.uasset" 298
"../../../Engine/Content/Tutorial/Paper2D/TutorialAssets/Paper2DFlipbook_TutorialIcon.uasset" 299
"../../../Engine/Content/Tutorial/Paper2D/TutorialAssets/Paper2DSprite_TutorialIcon.uasset" 300
"../../../Engine/Content/Tutorial/SubEditors/TutorialAssets/icon_Editor_Preferences_General_40x.uasset" 301
"../../../Engine/Content/Tutorial/SubEditors/TutorialAssets/icon_ShowSkeletalMeshes_40x.uasset" 302
"../../../Engine/Content/Tutorial/SubEditors/TutorialAssets/TutorialMaterial.uasset" 303
"../../../Engine/Content/Tutorial/SubEditors/TutorialAssets/T_SmokeSubUV_8X8.uasset" 304
"../../../Engine/Content/Tutorial/SubEditors/TutorialAssets/T_soft_smoke.uasset" 305
"../../../Engine/Content/Tutorial/SubEditors/TutorialAssets/M_smoke_subUV_blackbody.uasset" 306
"../../../Engine/Content/Tutorial/SubEditors/TutorialAssets/TutorialParticleSystem.uasset" 307
"../../../Engine/Content/VREditor/Devices/Generic/GenericHMDMaterial.uasset" 308
"../../../Engine/Content/VREditor/Devices/Generic/GenericHMD.uasset" 309
"../../../Engine/Content/Functions/Engine_MaterialFunctions02/Utility/BreakOutFloat3Components.uasset" 310
"../../../Engine/Content/VREditor/Devices/Vive/VivePreController_MasksB.uasset" 311
"../../../Engine/Content/VREditor/Devices/Oculus/OculusControllerMaterial.uasset" 312
"../../../Engine/Content/VREditor/Devices/Oculus/OculusControllerMaterial_Inst.uasset" 313
"../../../Engine/Content/VREditor/Devices/Oculus/OculusControllerMesh.uasset" 314
"../../../Engine/Content/VREditor/Devices/Vive/T_VivePreController_EM.uasset" 315
"../../../Engine/Content/VREditor/Devices/Vive/VivePreController_MasksA.uasset" 316
"../../../Engine/Content/VREditor/Devices/Vive/VivePreControllerDiffuse.uasset" 317
"../../../Engine/Content/VREditor/Devices/Vive/VivePreControllerSpec.uasset" 318
"../../../Engine/Content/VREditor/LaserPointer/VR_LaserPower_01.uasset" 319
"../../../Engine/Content/VREditor/Devices/Vive/VivePreControllerMaterial.uasset" 320
"../../../Engine/Content/VREditor/Devices/Vive/VivePreControllerMaterial_Inst.uasset" 321
"../../../Engine/Content/VREditor/Devices/Vive/VivePreControllerMesh.uasset" 322
"../../../Engine/Content/VREditor/FloatingText/LineMaterial.uasset" 323
"../../../Engine/Content/VREditor/FloatingText/JointSphere.uasset" 324
"../../../Engine/Content/VREditor/FloatingText/LineSegmentCylinder.uasset" 325
"../../../Engine/Content/VREditor/Fonts/VRText_RobotoLarge.uasset" 326
"../../../Engine/Content/VREditor/Fonts/VRTextMaterial.uasset" 327
"../../../Engine/Content/VREditor/Fonts/TranslucentVRTextMaterial.uasset" 328
"../../../Engine/Content/VREditor/LaserPointer/CursorPointer.uasset" 329
"../../../Engine/Content/VREditor/TransformGizmo/TransformGizmoMaterial.uasset" 330
"../../../Engine/Content/VREditor/LaserPointer/HoverMaterial.uasset" 331
"../../../Engine/Content/VREditor/TransformGizmo/TranslucentTransformGizmoMaterial.uasset" 332
"../../../Engine/Content/VREditor/LaserPointer/TranslucentHoverMaterial.uasset" 333
"../../../Engine/Content/VREditor/LaserPointer/HoverMesh.uasset" 334
"../../../Engine/Content/VREditor/LaserPointer/LaserPointerMaterial.uasset" 335
"../../../Engine/Content/VREditor/LaserPointer/LaserPointerMaterialInst.uasset" 336
"../../../Engine/Content/VREditor/LaserPointer/TranslucentLaserPointerMaterialInst.uasset" 337
"../../../Engine/Content/VREditor/LaserPointer/LaserPointerMesh.uasset" 338
"../../../Engine/Content/VREditor/LaserPointer/LaserPointerMesh_End.uasset" 339
"../../../Engine/Content/VREditor/LaserPointer/LaserPointerMesh_Start.uasset" 340
"../../../Engine/Content/VREditor/Sounds/VR_teleport.uasset" 341
"../../../Engine/Content/VREditor/Sounds/UI/Click_on_Button.uasset" 342
"../../../Engine/Content/VREditor/Sounds/UI/Click_on_Button_Cue.uasset" 343
"../../../Engine/Content/VREditor/Sounds/UI/Dockable_Window_Close.uasset" 344
"../../../Engine/Content/VREditor/Sounds/UI/Dockable_Window_Drop.uasset" 345
"../../../Engine/Content/VREditor/Sounds/UI/Dockable_Window_Open.uasset" 346
"../../../Engine/Content/VREditor/Sounds/UI/Dockable_Window_Pick_Up.uasset" 347
"../../../Engine/Content/VREditor/Sounds/UI/Drop_Item_From_ContentBrowser.uasset" 348
"../../../Engine/Content/VREditor/Sounds/UI/Floating_UI_Open-001.uasset" 349
"../../../Engine/Content/VREditor/Sounds/UI/Radial_Menu_FadeOut.uasset" 350
"../../../Engine/Content/VREditor/Sounds/UI/Teleport_Mode_Entered.uasset" 351
"../../../Engine/Content/VREditor/Teleport/TeleportDirectionMaterial.uasset" 352
"../../../Engine/Content/VREditor/Teleport/TeleportDirectionMaterial_Inst.uasset" 353
"../../../Engine/Content/VREditor/Teleport/TeleportDirectionMesh.uasset" 354
"../../../Engine/Content/VREditor/TransformGizmo/BoundingBoxCorner.uasset" 355
"../../../Engine/Content/VREditor/TransformGizmo/BoundingBoxEdge.uasset" 356
"../../../Engine/Content/VREditor/TransformGizmo/PlaneTranslationHandle.uasset" 357
"../../../Engine/Content/VREditor/TransformGizmo/Main.uasset" 358
"../../../Engine/Content/VREditor/TransformGizmo/Xray.uasset" 359
"../../../Engine/Content/VREditor/TransformGizmo/SM_Dialog_Close.uasset" 360
"../../../Engine/Content/VREditor/TransformGizmo/SM_Dialog_Move.uasset" 361
"../../../Engine/Content/VREditor/TransformGizmo/SM_Sequencer_Key.uasset" 362
"../../../Engine/Content/VREditor/TransformGizmo/SM_Sequencer_Node.uasset" 363
"../../../Engine/Content/VREditor/TransformGizmo/TransformGizmoMaterial_Inst.uasset" 364
"../../../Engine/Content/VREditor/TransformGizmo/TranslucentTransformGizmoMaterial_Inst.uasset" 365
"../../../Engine/Content/VREditor/Devices/Vive/UE4_Logo.uasset" 366
"../../../Engine/Content/VREditor/UI/M_ContentWindow.uasset" 367
"../../../Engine/Content/VREditor/UI/SM_ContentWindow_01.uasset" 368
"../../../Engine/Content/VREditor/UI/KeyDiskMaterial.uasset" 369
"../../../Engine/Content/VREditor/UI/DiscMaterial.uasset" 370
"../../../Engine/Content/VREditor/UI/SM_Radial_Disk.uasset" 371
"../../../Engine/Content/VREditor/UI/ArrowMaterial.uasset" 372
"../../../Engine/Content/VREditor/UI/SM_Radial_Pointer.uasset" 373
"../../../Engine/Content/Functions/Engine_MaterialFunctions01/Gradient/RadialGradient.uasset" 374
"../../../Engine/Content/VREditor/WorldMovementGrid/SimpleGrid.uasset" 375
"../../../Engine/Content/VREditor/WorldMovementGrid/GridMaterial.uasset" 376
"../../../Engine/Content/Functions/Engine_MaterialFunctions01/Density/ExponentialDensity.uasset" 377
"../../../Engine/Content/VREditor/WorldMovementGrid/GridPostProcess.uasset" 378
"../../../Engine/Content/EditorLandscapeResources/FlattenHeightMat.uasset" 379
"../../../Engine/Content/VREditor/WorldMovementGrid/PlaneMesh.uasset" 380
"../../../../../../Users/iD Student/Desktop/Jordan W/Final/groupProject/Content/FirstPerson/Textures/FirstPersonCrosshair.uasset" 381
"../../../../../../Users/iD Student/Desktop/Jordan W/Final/groupProject/Content/AI/Blueprints/FirstPersonHUD.uasset" 382
"../../../../../../Users/iD Student/Desktop/Jordan W/Final/groupProject/Content/FirstPerson/Character/Mesh/SK_Mannequin_Arms_Skeleton.uasset" 383
"../../../../../../Users/iD Student/Desktop/Jordan W/Final/groupProject/Content/FirstPerson/Animations/FirstPerson_Idle.uasset" 384
"../../../../../../Users/iD Student/Desktop/Jordan W/Final/groupProject/Content/FirstPerson/Animations/FirstPerson_JumpEnd.uasset" 385
"../../../../../../Users/iD Student/Desktop/Jordan W/Final/groupProject/Content/FirstPerson/Animations/FirstPerson_JumpLoop.uasset" 386
"../../../../../../Users/iD Student/Desktop/Jordan W/Final/groupProject/Content/FirstPerson/Animations/FirstPerson_JumpStart.uasset" 387
"../../../../../../Users/iD Student/Desktop/Jordan W/Final/groupProject/Content/FirstPerson/Animations/FirstPerson_Run.uasset" 388
"../../../../../../Users/iD Student/Desktop/Jordan W/Final/groupProject/Content/FirstPerson/Animations/FirstPerson_AnimBP.uasset" 389
"../../../../../../Users/iD Student/Desktop/Jordan W/Final/groupProject/Content/InfinityBladeFireLands/Environments/Fire/Env_Fire_OddsnEnds/Textures/T_Env_Fire_OddsnEnds_MineCart_D.uasset" 390
"../../../../../../Users/iD Student/Desktop/Jordan W/Final/groupProject/Content/InfinityBladeFireLands/Environments/Fire/Env_Fire_OddsnEnds/Textures/T_Env_Fire_OddsnEnds_MineCart_N.uasset" 391
"../../../../../../Users/iD Student/Desktop/Jordan W/Final/groupProject/Content/InfinityBladeFireLands/Environments/Fire/Env_Fire_OddsnEnds/Materials/M_Fire_OddsnEnds_Minecart.uasset" 392
"../../../../../../Users/iD Student/Desktop/Jordan W/Final/groupProject/Content/InfinityBladeFireLands/Environments/Fire/Env_Fire_OddsnEnds/StaticMesh/SM_Env_Fire_OddsnEnds_Minecart003.uasset" 393
"../../../../../../Users/iD Student/Desktop/Jordan W/Final/groupProject/Content/FirstPersonBP/Blueprints/minecart.uasset" 394
"../../../../../../Users/iD Student/Desktop/Jordan W/Final/groupProject/Content/StarterContent/Materials/M_Glass.uasset" 395
"../../../../../../Users/iD Student/Desktop/Jordan W/Final/groupProject/Content/lambert1.uasset" 396
"../../../../../../Users/iD Student/Desktop/Jordan W/Final/groupProject/Content/Lantern_CandelWick.uasset" 397
"../../../../../../Users/iD Student/Desktop/Jordan W/Final/groupProject/Content/Lantern_Candle.uasset" 398
"../../../../../../Users/iD Student/Desktop/Jordan W/Final/groupProject/Content/Lantern_Metal.uasset" 399
"../../../../../../Users/iD Student/Desktop/Jordan W/Final/groupProject/Content/Lantern_Test.uasset" 400
"../../../../../../Users/iD Student/Desktop/Jordan W/Final/groupProject/Content/FirstPersonBP/Blueprints/FirstPersonCharacter.uasset" 401
"../../../../../../Users/iD Student/Desktop/Jordan W/Final/groupProject/Content/AI/Blueprints/FirstPersonGameMode.uasset" 402
"../../../Engine/Content/Functions/Engine_MaterialFunctions02/Utility/BlendAngleCorrectedNormals.uasset" 403
"../../../Engine/Content/Functions/MaterialLayerFunctions/MatLayerBlend_NormalBlend.uasset" 404
"../../../Engine/Content/Functions/MaterialLayerFunctions/MatLayerBlend_Simple.uasset" 405
"../../../../../../Users/iD Student/Desktop/Jordan W/Final/groupProject/Content/FirstPerson/Character/Materials/MaterialLayers/T_ML_Rubber_Blue_01_D.uasset" 406
"../../../../../../Users/iD Student/Desktop/Jordan W/Final/groupProject/Content/FirstPerson/Character/Materials/MaterialLayers/T_ML_Rubber_Blue_01_N.uasset" 407
"../../../../../../Users/iD Student/Desktop/Jordan W/Final/groupProject/Content/FirstPerson/Character/Materials/MaterialLayers/ML_GlossyBlack_Latex_UE4.uasset" 408
"../../../../../../Users/iD Student/Desktop/Jordan W/Final/groupProject/Content/FirstPerson/Character/Materials/MaterialLayers/ML_Plastic_Shiny_Beige.uasset" 409
"../../../../../../Users/iD Student/Desktop/Jordan W/Final/groupProject/Content/FirstPerson/Character/Textures/UE4_LOGO_CARD.uasset" 410
"../../../../../../Users/iD Student/Desktop/Jordan W/Final/groupProject/Content/FirstPerson/Character/Materials/MaterialLayers/ML_Plastic_Shiny_Beige_LOGO.uasset" 411
"../../../../../../Users/iD Student/Desktop/Jordan W/Final/groupProject/Content/FirstPerson/Character/Materials/MaterialLayers/T_ML_Aluminum01.uasset" 412
"../../../../../../Users/iD Student/Desktop/Jordan W/Final/groupProject/Content/FirstPerson/Character/Materials/MaterialLayers/T_ML_Aluminum01_N.uasset" 413
"../../../../../../Users/iD Student/Desktop/Jordan W/Final/groupProject/Content/FirstPerson/Character/Materials/MaterialLayers/ML_SoftMetal_UE4.uasset" 414
"../../../../../../Users/iD Student/Desktop/Jordan W/Final/groupProject/Content/FirstPerson/Character/Textures/UE4_Mannequin__normals.uasset" 415
"../../../../../../Users/iD Student/Desktop/Jordan W/Final/groupProject/Content/FirstPerson/Character/Textures/UE4_Mannequin_MAT_MASKA.uasset" 416
"../../../../../../Users/iD Student/Desktop/Jordan W/Final/groupProject/Content/FirstPerson/Character/Materials/M_UE4Man_Body.uasset" 417
"../../../../../../Users/iD Student/Desktop/Jordan W/Final/groupProject/Content/FirstPerson/Character/Mesh/SK_Mannequin_Arms_PhysicsAsset.uasset" 418
"../../../../../../Users/iD Student/Desktop/Jordan W/Final/groupProject/Content/FirstPerson/Character/Mesh/SK_Mannequin_Arms.uasset" 419
"../../../../../../Users/iD Student/Desktop/Jordan W/Final/groupProject/Content/FirstPersonBP/Blueprints/Fade.uasset" 420
"../../Plugins/2D/Paper2D/Content/PlaceholderTextures/DummySpriteTexture.uasset" 421
"../../Plugins/2D/Paper2D/Content/DummySprite.uasset" 422
"../../Plugins/2D/Paper2D/Content/DefaultPaperTerrainMaterial.uasset" 423
"../../Plugins/2D/Paper2D/Content/DefaultSpriteMaterial.uasset" 424
"../../Plugins/2D/Paper2D/Content/MaskedUnlitSpriteMaterial.uasset" 425
"../../Plugins/2D/Paper2D/Content/OpaqueUnlitSpriteMaterial.uasset" 426
"../../Plugins/Media/MediaCompositing/Content/DefaultMediaPlaneTexture.uasset" 427
"../../Plugins/Media/MediaCompositing/Content/DefaultMediaPlaneMaterial.uasset" 428
"../../../Engine/Content/Functions/Engine_MaterialFunctions02/Utility/MakeFloat4.uasset" 429
"../../Plugins/Runtime/AppleARKit/Content/ARKitCameraMaterial.uasset" 430
"../../Plugins/Runtime/Oculus/OculusVR/Content/Textures/GearVRController_AO.uasset" 431
"../../Plugins/Runtime/Oculus/OculusVR/Content/Textures/GearVRController_Color.uasset" 432
"../../Plugins/Runtime/Oculus/OculusVR/Content/Textures/GearVRController_Normal.uasset" 433
"../../Plugins/Runtime/Oculus/OculusVR/Content/Materials/GearVRControllerMaterial.uasset" 434
"../../Plugins/Runtime/Oculus/OculusVR/Content/Meshes/GearVrController.uasset" 435
"../../../Engine/Content/Maps/Entry.umap" 436
"../../../../../../Users/iD Student/Desktop/Jordan W/Final/groupProject/Content/AI/BehaviorandBlackboard/AIBlackboard.uasset" 437
"../../../../../../Users/iD Student/Desktop/Jordan W/Final/groupProject/Content/AI/BehaviorandBlackboard/Tasks/findRandomLocation.uasset" 438
"../../../../../../Users/iD Student/Desktop/Jordan W/Final/groupProject/Content/AI/BehaviorandBlackboard/Tasks/FocusOnPlayer.uasset" 439
"../../../../../../Users/iD Student/Desktop/Jordan W/Final/groupProject/Content/AI/BehaviorandBlackboard/Tasks/MoveToPlayer.uasset" 440
"../../../../../../Users/iD Student/Desktop/Jordan W/Final/groupProject/Content/AI/BehaviorandBlackboard/Tasks/StopFocusingOnPlayer.uasset" 441
"../../../../../../Users/iD Student/Desktop/Jordan W/Final/groupProject/Content/AI/BehaviorandBlackboard/AIBehaviorTree.uasset" 442
"../../../../../../Users/iD Student/Desktop/Jordan W/Final/groupProject/Content/AI/AICharacterandController/AIOverlord.uasset" 443
"../../../../../../Users/iD Student/Desktop/Jordan W/Final/groupProject/Content/FirstPersonBP/Blueprints/Death.uasset" 444
"../../../../../../Users/iD Student/Desktop/Jordan W/Final/groupProject/Content/Maps/Defiler_PhysicsAsset.uasset" 445
"../../../../../../Users/iD Student/Desktop/Jordan W/Final/groupProject/Content/Maps/Defiler_Skeleton.uasset" 446
"../../../../../../Users/iD Student/Desktop/Jordan W/Final/groupProject/Content/Maps/Defiler.uasset" 447
"../../../../../../Users/iD Student/Desktop/Jordan W/Final/groupProject/Content/WidgetStuff/Death_VaLley_Font.uasset" 448
"../../../../../../Users/iD Student/Desktop/Jordan W/Final/groupProject/Content/WidgetStuff/GameOver.uasset" 449
"../../../../../../Users/iD Student/Desktop/Jordan W/Final/groupProject/Content/AI/AICharacterandController/AICharacter.uasset" 450
"../../../Engine/Content/EngineSky/C_Sky_Cloud_Color.uasset" 451
"../../../Engine/Content/EngineSky/C_Sky_Horizon_Color.uasset" 452
"../../../Engine/Content/EngineSky/C_Sky_Zenith_Color.uasset" 453
"../../../Engine/Content/EngineSky/T_Sky_Blue.uasset" 454
"../../../Engine/Content/EngineSky/T_Sky_Clouds_M.uasset" 455
"../../../Engine/Content/EngineSky/T_Sky_Stars.uasset" 456
"../../../Engine/Content/EngineSky/M_Sky_Panning_Clouds2.uasset" 457
"../../../Engine/Content/EngineSky/SM_SkySphere.uasset" 458
"../../../Engine/Content/EngineSky/BP_Sky_Sphere.uasset" 459
"../../../../../../Users/iD Student/Desktop/Jordan W/Final/groupProject/Content/FirstPersonBP/Maps/FirstPersonExampleMap_BuiltData.uasset" 460
"../../../Engine/Content/EngineMaterials/AntiAliasedTextMaterialTranslucent.uasset" 461
"../../../../../../Users/iD Student/Desktop/Jordan W/Final/groupProject/Content/FirstPerson/Meshes/BaseMaterial.uasset" 462
"../../../../../../Users/iD Student/Desktop/Jordan W/Final/groupProject/Content/FirstPerson/Meshes/CubeMaterialOverride.uasset" 463
"../../../../../../Users/iD Student/Desktop/Jordan W/Final/groupProject/Content/Geometry/Meshes/CubeMaterial.uasset" 464
"../../../../../../Users/iD Student/Desktop/Jordan W/Final/groupProject/Content/Geometry/Meshes/1M_Cube.uasset" 465
"../../../../../../Users/iD Student/Desktop/Jordan W/Final/groupProject/Content/FirstPersonBP/Maps/FirstPersonExampleMap.umap" 466
"../../../../../../Users/iD Student/Desktop/Jordan W/Final/groupProject/Content/PaulFolder/Card_Reader_redLight.uasset" 467
"../../../../../../Users/iD Student/Desktop/Jordan W/Final/groupProject/Content/StarterContent/Textures/T_Ground_Grass_D.uasset" 468
"../../../../../../Users/iD Student/Desktop/Jordan W/Final/groupProject/Content/StarterContent/Textures/T_Ground_Grass_N.uasset" 469
"../../../../../../Users/iD Student/Desktop/Jordan W/Final/groupProject/Content/StarterContent/Textures/T_MacroVariation.uasset" 470
"../../../../../../Users/iD Student/Desktop/Jordan W/Final/groupProject/Content/StarterContent/Textures/T_Perlin_Noise_M.uasset" 471
"../../../../../../Users/iD Student/Desktop/Jordan W/Final/groupProject/Content/StarterContent/Materials/M_Ground_Grass.uasset" 472
"../../../../../../Users/iD Student/Desktop/Jordan W/Final/groupProject/Content/StarterContent/Textures/T_Ground_Gravel_D.uasset" 473
"../../../../../../Users/iD Student/Desktop/Jordan W/Final/groupProject/Content/StarterContent/Textures/T_Ground_Gravel_N.uasset" 474
"../../../../../../Users/iD Student/Desktop/Jordan W/Final/groupProject/Content/StarterContent/Materials/M_Ground_Gravel.uasset" 475
"../../../../../../Users/iD Student/Desktop/Jordan W/Final/groupProject/Content/StarterContent/Textures/T_ground_Moss_D.uasset" 476
"../../../../../../Users/iD Student/Desktop/Jordan W/Final/groupProject/Content/StarterContent/Textures/T_Ground_Moss_N.uasset" 477
"../../../../../../Users/iD Student/Desktop/Jordan W/Final/groupProject/Content/StarterContent/Materials/M_Ground_Moss.uasset" 478
"../../../../../../Users/iD Student/Desktop/Jordan W/Final/groupProject/Content/StarterContent/Textures/T_Metal_Aluminum_D.uasset" 479
"../../../../../../Users/iD Student/Desktop/Jordan W/Final/groupProject/Content/StarterContent/Textures/T_Metal_Gold_N.uasset" 480
"../../../../../../Users/iD Student/Desktop/Jordan W/Final/groupProject/Content/StarterContent/Materials/M_Metal_Burnished_Steel.uasset" 481
"../../../../../../Users/iD Student/Desktop/Jordan W/Final/groupProject/Content/StarterContent/Materials/M_Metal_Chrome.uasset" 482
"../../../../../../Users/iD Student/Desktop/Jordan W/Final/groupProject/Content/StarterContent/Textures/T_Metal_Rust_D.uasset" 483
"../../../../../../Users/iD Student/Desktop/Jordan W/Final/groupProject/Content/StarterContent/Textures/T_Metal_Rust_N.uasset" 484
"../../../../../../Users/iD Student/Desktop/Jordan W/Final/groupProject/Content/StarterContent/Materials/M_Metal_Rust.uasset" 485
"../../../../../../Users/iD Student/Desktop/Jordan W/Final/groupProject/Content/StarterContent/Textures/T_Metal_Steel_D.uasset" 486
"../../../../../../Users/iD Student/Desktop/Jordan W/Final/groupProject/Content/StarterContent/Textures/T_Metal_Steel_N.uasset" 487
"../../../../../../Users/iD Student/Desktop/Jordan W/Final/groupProject/Content/StarterContent/Materials/M_Metal_Steel.uasset" 488
"../../../../../../Users/iD Student/Desktop/Jordan W/Final/groupProject/Content/StarterContent/Textures/T_Wood_Walnut_D.uasset" 489
"../../../../../../Users/iD Student/Desktop/Jordan W/Final/groupProject/Content/StarterContent/Textures/T_Wood_Walnut_N.uasset" 490
"../../../../../../Users/iD Student/Desktop/Jordan W/Final/groupProject/Content/StarterContent/Materials/M_Wood_Walnut.uasset" 491
"../../../../../../Users/iD Student/Desktop/Jordan W/Final/groupProject/Content/InfinityBladeFireLands/Environments/Fire/Env_Fire_deco/Textures/T_Env_Fire_deco_pots_D.uasset" 492
"../../../../../../Users/iD Student/Desktop/Jordan W/Final/groupProject/Content/InfinityBladeFireLands/Environments/Fire/Env_Fire_deco/Textures/T_Env_Fire_deco_Pots_N.uasset" 493
"../../../../../../Users/iD Student/Desktop/Jordan W/Final/groupProject/Content/InfinityBladeFireLands/Environments/Fire/Env_Fire_deco/Materials/M_Fire_Deco_Pots.uasset" 494
"../../../../../../Users/iD Student/Desktop/Jordan W/Final/groupProject/Content/InfinityBladeFireLands/Environments/Fire/Env_Fire_deco/StaticMesh/SM_potbrokenmeshes.uasset" 495
"../../../../../../Users/iD Student/Desktop/Jordan W/Final/groupProject/Content/InfinityBladeFireLands/Environments/Fire/Env_Fire_deco/StaticMesh/SM_potbrokenmeshes2.uasset" 496
"../../../../../../Users/iD Student/Desktop/Jordan W/Final/groupProject/Content/InfinityBladeFireLands/Environments/Fire/Env_Fire_deco/StaticMesh/SM_PotWtools1.uasset" 497
"../../../../../../Users/iD Student/Desktop/Jordan W/Final/groupProject/Content/InfinityBladeFireLands/Environments/Fire/Env_Fire_deco/StaticMesh/SM_PotWtools2.uasset" 498
"../../../../../../Users/iD Student/Desktop/Jordan W/Final/groupProject/Content/InfinityBladeFireLands/Environments/Fire/Env_Fire_deco/StaticMesh/SM_PotWtools2Broken.uasset" 499
"../../../../../../Users/iD Student/Desktop/Jordan W/Final/groupProject/Content/InfinityBladeFireLands/Environments/Fire/Env_Fire_deco/StaticMesh/SM_PotWtools3.uasset" 500
"../../../../../../Users/iD Student/Desktop/Jordan W/Final/groupProject/Content/InfinityBladeFireLands/Environments/Fire/Env_Fire_deco/StaticMesh/SM_PotWtools3broken.uasset" 501
"../../../../../../Users/iD Student/Desktop/Jordan W/Final/groupProject/Content/InfinityBladeFireLands/Environments/Fire/Env_Fire_Engines/Textures/T_Fire_EngineOfDestruction.uasset" 502
"../../../../../../Users/iD Student/Desktop/Jordan W/Final/groupProject/Content/InfinityBladeFireLands/Environments/Fire/Env_Fire_Engines/Textures/T_Fire_EngineOfDestruction_M.uasset" 503
"../../../../../../Users/iD Student/Desktop/Jordan W/Final/groupProject/Content/InfinityBladeFireLands/Environments/Fire/Env_Fire_Engines/Textures/T_Fire_EngineOfDestruction_N.uasset" 504
"../../../../../../Users/iD Student/Desktop/Jordan W/Final/groupProject/Content/InfinityBladeFireLands/Environments/Fire/Env_Fire_Engines/Materials/M_Env_Fire_Engines.uasset" 505
"../../../../../../Users/iD Student/Desktop/Jordan W/Final/groupProject/Content/InfinityBladeFireLands/Environments/Fire/Env_Fire_Engines/StaticMesh/SM_Fire_EngineWall05.uasset" 506
"../../../../../../Users/iD Student/Desktop/Jordan W/Final/groupProject/Content/InfinityBladeFireLands/Environments/Fire/Env_Fire_OddsnEnds/StaticMesh/SM_Env_Fire_OddsnEnds_Minecart005.uasset" 507
"../../../../../../Users/iD Student/Desktop/Jordan W/Final/groupProject/Content/InfinityBladeFireLands/Environments/Fire/Env_Fire_OddsnEnds/StaticMesh/SM_Env_Fire_OddsnEnds_Track002.uasset" 508
"../../../../../../Users/iD Student/Desktop/Jordan W/Final/groupProject/Content/InfinityBladeFireLands/Environments/Fire/Env_Fire_OddsnEnds/StaticMesh/SM_Env_Fire_OddsnEnds_Track003.uasset" 509
"../../../../../../Users/iD Student/Desktop/Jordan W/Final/groupProject/Content/InfinityBladeFireLands/Environments/Fire/Env_Fire_OddsnEnds/StaticMesh/SM_Env_Fire_OddsnEnds_TrackStop.uasset" 510
"../../../../../../Users/iD Student/Desktop/Jordan W/Final/groupProject/Content/InfinityBladeFireLands/Environments/Fire/Env_Fire_Rocky/Textures/T_Fire_Cliffs_TilingCliffWall_D.uasset" 511
"../../../../../../Users/iD Student/Desktop/Jordan W/Final/groupProject/Content/InfinityBladeFireLands/Environments/Fire/Env_Fire_Rocky/Textures/T_Fire_Cliffs_TilingCliffWall_N.uasset" 512
"../../../../../../Users/iD Student/Desktop/Jordan W/Final/groupProject/Content/InfinityBladeFireLands/Environments/Fire/Env_Fire_Rocky/Materials/M_Env_Fire_Cliffs_TilingCliffWall.uasset" 513
"../../../../../../Users/iD Student/Desktop/Jordan W/Final/groupProject/Content/InfinityBladeFireLands/Environments/Fire/Env_Fire_Rocky/StaticMesh/SM_Env_Fire_Cliffs_CliffWall_05b.uasset" 514
"../../../../../../Users/iD Student/Desktop/Jordan W/Final/groupProject/Content/InfinityBladeFireLands/Environments/Fire/Fire_Fortress/Textures/Env_Fire_NordHeed_D.uasset" 515
"../../../../../../Users/iD Student/Desktop/Jordan W/Final/groupProject/Content/InfinityBladeFireLands/Environments/Fire/Fire_Fortress/Textures/T_Env_Ice_NordHeed_N.uasset" 516
"../../../../../../Users/iD Student/Desktop/Jordan W/Final/groupProject/Content/InfinityBladeFireLands/Environments/Fire/Fire_Fortress/Materials/M_Env_Fire_Nordheed.uasset" 517
"../../../../../../Users/iD Student/Desktop/Jordan W/Final/groupProject/Content/InfinityBladeFireLands/Environments/Fire/Fire_Fortress/SM/Env_Fire_NordRock02.uasset" 518
"../../../../../../Users/iD Student/Desktop/Jordan W/Final/groupProject/Content/InfinityBladeFireLands/Environments/Forge/Env_Forge/Textures/T_Forge_Parts_1_D.uasset" 519
"../../../../../../Users/iD Student/Desktop/Jordan W/Final/groupProject/Content/InfinityBladeFireLands/Environments/Forge/Env_Forge/Textures/T_Forge_Parts_1_M.uasset" 520
"../../../../../../Users/iD Student/Desktop/Jordan W/Final/groupProject/Content/InfinityBladeFireLands/Environments/Forge/Env_Forge/Textures/T_Forge_Parts_1_N.uasset" 521
"../../../../../../Users/iD Student/Desktop/Jordan W/Final/groupProject/Content/InfinityBladeFireLands/Environments/Forge/Env_Forge/Materials/M_Forge_Parts.uasset" 522
"../../../../../../Users/iD Student/Desktop/Jordan W/Final/groupProject/Content/InfinityBladeFireLands/Environments/Forge/Env_Forge/StaticMesh/SM_Forge_BirdCage.uasset" 523
"../../../../../../Users/iD Student/Desktop/Jordan W/Final/groupProject/Content/InfinityBladeFireLands/Environments/Forge/Env_Forge/Textures/T_Fire_Treasure1_D.uasset" 524
"../../../../../../Users/iD Student/Desktop/Jordan W/Final/groupProject/Content/InfinityBladeFireLands/Environments/Forge/Env_Forge/Textures/T_Fire_Treasure1_M.uasset" 525
"../../../../../../Users/iD Student/Desktop/Jordan W/Final/groupProject/Content/InfinityBladeFireLands/Environments/Forge/Env_Forge/Textures/T_Ice_Treasure1_N.uasset" 526
"../../../../../../Users/iD Student/Desktop/Jordan W/Final/groupProject/Content/InfinityBladeFireLands/Environments/Forge/Env_Forge/Materials/M_Fire_TreasureChest.uasset" 527
"../../../../../../Users/iD Student/Desktop/Jordan W/Final/groupProject/Content/InfinityBladeFireLands/Environments/Forge/Env_Forge/StaticMesh/SM_Forge_Chest_Bottom.uasset" 528
"../../../../../../Users/iD Student/Desktop/Jordan W/Final/groupProject/Content/InfinityBladeFireLands/Environments/Fire/Env_Fire_Rocky/Textures/T_Fire_Treasure1_D.uasset" 529
"../../../../../../Users/iD Student/Desktop/Jordan W/Final/groupProject/Content/InfinityBladeFireLands/Environments/Fire/Env_Fire_Rocky/Textures/T_Fire_Treasure1_M.uasset" 530
"../../../../../../Users/iD Student/Desktop/Jordan W/Final/groupProject/Content/InfinityBladeFireLands/Environments/Fire/Env_Fire_Rocky/Textures/T_Ice_Treasure1_N.uasset" 531
"../../../../../../Users/iD Student/Desktop/Jordan W/Final/groupProject/Content/InfinityBladeFireLands/Environments/Fire/Env_Fire_Rocky/Materials/M_Fire_TreasureChest.uasset" 532
"../../../../../../Users/iD Student/Desktop/Jordan W/Final/groupProject/Content/InfinityBladeFireLands/Environments/Forge/Env_Forge/StaticMesh/SM_Forge_Chest_Top.uasset" 533
"../../../../../../Users/iD Student/Desktop/Jordan W/Final/groupProject/Content/InfinityBladeFireLands/Environments/Forge/Env_Forge/Textures/T_Forge_Anvil_D.uasset" 534
"../../../../../../Users/iD Student/Desktop/Jordan W/Final/groupProject/Content/InfinityBladeFireLands/Environments/Forge/Env_Forge/Textures/T_Forge_Anvil_M.uasset" 535
"../../../../../../Users/iD Student/Desktop/Jordan W/Final/groupProject/Content/InfinityBladeFireLands/Environments/Forge/Env_Forge/Textures/T_Forge_Anvil_N.uasset" 536
"../../../../../../Users/iD Student/Desktop/Jordan W/Final/groupProject/Content/InfinityBladeFireLands/Environments/Forge/Env_Forge/Materials/M_Forge_Anvil.uasset" 537
"../../../../../../Users/iD Student/Desktop/Jordan W/Final/groupProject/Content/InfinityBladeFireLands/Environments/Forge/Env_Forge/StaticMesh/SM_Forge_Hammer_1.uasset" 538
"../../../../../../Users/iD Student/Desktop/Jordan W/Final/groupProject/Content/InfinityBladeFireLands/Environments/Forge/Env_Forge/Textures/T_Forge_Wood_D.uasset" 539
"../../../../../../Users/iD Student/Desktop/Jordan W/Final/groupProject/Content/InfinityBladeFireLands/Environments/Forge/Env_Forge/Textures/T_Forge_Wood_D_NRM.uasset" 540
"../../../../../../Users/iD Student/Desktop/Jordan W/Final/groupProject/Content/InfinityBladeFireLands/Environments/Forge/Env_Forge/Textures/T_Forge_Wood_M.uasset" 541
"../../../../../../Users/iD Student/Desktop/Jordan W/Final/groupProject/Content/InfinityBladeFireLands/Environments/Forge/Env_Forge/Materials/M_Forge_Wood.uasset" 542
"../../../../../../Users/iD Student/Desktop/Jordan W/Final/groupProject/Content/InfinityBladeFireLands/Environments/Forge/Env_Forge/StaticMesh/SM_Forge_Stool.uasset" 543
"../../../../../../Users/iD Student/Desktop/Jordan W/Final/groupProject/Content/InfinityBladeFireLands/Environments/Forge/Env_Forge/Textures/T_Forge_Swords_D.uasset" 544
"../../../../../../Users/iD Student/Desktop/Jordan W/Final/groupProject/Content/InfinityBladeFireLands/Environments/Forge/Env_Forge/Textures/T_Forge_Swords_N.uasset" 545
"../../../../../../Users/iD Student/Desktop/Jordan W/Final/groupProject/Content/InfinityBladeFireLands/Environments/Forge/Env_Forge/Materials/M_Forge_Swords.uasset" 546
"../../../../../../Users/iD Student/Desktop/Jordan W/Final/groupProject/Content/InfinityBladeFireLands/Environments/Forge/Env_Forge/StaticMesh/SM_Forge_Sword4.uasset" 547
"../../../../../../Users/iD Student/Desktop/Jordan W/Final/groupProject/Content/InfinityBladeFireLands/Environments/Forge/Env_Forge/StaticMesh/SM_Forge_Table.uasset" 548
"../../../../../../Users/iD Student/Desktop/Jordan W/Final/groupProject/Content/InfinityBladeFireLands/Environments/Forge/Env_Forge/StaticMesh/SM_Forge_Table_2.uasset" 549
"../../../../../../Users/iD Student/Desktop/Jordan W/Final/groupProject/Content/InfinityBladeFireLands/Environments/Forge/Env_Forge/StaticMesh/SM_Forge_Weapon_Rack_2.uasset" 550
"../../../../../../Users/iD Student/Desktop/Jordan W/Final/groupProject/Content/PaulFolder/lambert1.uasset" 551
"../../../../../../Users/iD Student/Desktop/Jordan W/Final/groupProject/Content/PaulFolder/lambert4.uasset" 552
"../../../../../../Users/iD Student/Desktop/Jordan W/Final/groupProject/Content/PaulFolder/Card_Reader.uasset" 553
"../../../../../../Users/iD Student/Desktop/Jordan W/Final/groupProject/Content/PaulFolder/blinn1.uasset" 554
"../../../../../../Users/iD Student/Desktop/Jordan W/Final/groupProject/Content/PaulFolder/lambert5.uasset" 555
"../../../../../../Users/iD Student/Desktop/Jordan W/Final/groupProject/Content/PaulFolder/Pickaxe.uasset" 556
"../../../../../../Users/iD Student/Desktop/Jordan W/Final/groupProject/Content/PaulFolder/blinn3.uasset" 557
"../../../../../../Users/iD Student/Desktop/Jordan W/Final/groupProject/Content/PaulFolder/blinn4.uasset" 558
"../../../../../../Users/iD Student/Desktop/Jordan W/Final/groupProject/Content/PaulFolder/Wall_Locker.uasset" 559
"../../../../../../Users/iD Student/Desktop/Jordan W/Final/groupProject/Content/SoulCave/Effects/Textures/Smoke/T_SmokeBall_03_Perlin.uasset" 560
"../../../../../../Users/iD Student/Desktop/Jordan W/Final/groupProject/Content/SoulCave/Effects/Materials/Dust/M_Dust_Mote.uasset" 561
"../../../../../../Users/iD Student/Desktop/Jordan W/Final/groupProject/Content/SoulCave/Effects/Particles/Dust/P_DustFlow.uasset" 562
"../../../Engine/Content/Functions/MaterialLayerFunctions/MatLayerBlend_AO.uasset" 563
"../../../Engine/Content/Functions/MaterialLayerFunctions/MatLayerBlend_BakedNormal.uasset" 564
"../../../Engine/Content/Functions/MaterialLayerFunctions/MatLayerBlend_Standard.uasset" 565
"../../../../../../Users/iD Student/Desktop/Jordan W/Final/groupProject/Content/SoulCave/Environment/Materials/Functions/MF_FuzzyShading_JM.uasset" 566
"../../../../../../Users/iD Student/Desktop/Jordan W/Final/groupProject/Content/SoulCave/Environment/Textures/Rock/T_Cave_Rock_Stalactite_M.uasset" 567
"../../../../../../Users/iD Student/Desktop/Jordan W/Final/groupProject/Content/SoulCave/Environment/Materials/Functions/MF_VertexBlend_JM.uasset" 568
"../../../../../../Users/iD Student/Desktop/Jordan W/Final/groupProject/Content/SoulCave/Environment/Materials/Functions/MF_Wetness.uasset" 569
"../../../../../../Users/iD Student/Desktop/Jordan W/Final/groupProject/Content/SoulCave/Environment/Materials/MaterialLayers/MF_Solid_Color.uasset" 570
"../../../../../../Users/iD Student/Desktop/Jordan W/Final/groupProject/Content/SoulCave/Environment/Textures/Rock/T_Moss_D.uasset" 571
"../../../../../../Users/iD Student/Desktop/Jordan W/Final/groupProject/Content/SoulCave/Environment/Textures/Rock/T_Moss_N.uasset" 572
"../../../../../../Users/iD Student/Desktop/Jordan W/Final/groupProject/Content/SoulCave/Environment/Materials/Rocks/MF_Cave_Moss.uasset" 573
"../../../../../../Users/iD Student/Desktop/Jordan W/Final/groupProject/Content/SoulCave/Environment/Textures/Rock/T_Cave_Rock_01_N.uasset" 574
"../../../../../../Users/iD Student/Desktop/Jordan W/Final/groupProject/Content/SoulCave/Environment/Textures/Rock/T_Cave_Rock_01_D.uasset" 575
"../../../../../../Users/iD Student/Desktop/Jordan W/Final/groupProject/Content/SoulCave/Environment/Materials/Rocks/MF_Cave_Rock01.uasset" 576
"../../../../../../Users/iD Student/Desktop/Jordan W/Final/groupProject/Content/SoulCave/Environment/Textures/Rock/T_Cave_Rock_Detail_D.uasset" 577
"../../../../../../Users/iD Student/Desktop/Jordan W/Final/groupProject/Content/SoulCave/Environment/Materials/Rocks/MF_Cave_Rock02.uasset" 578
"../../../../../../Users/iD Student/Desktop/Jordan W/Final/groupProject/Content/SoulCave/Environment/Textures/Rock/T_Cave_Rock_Stalactite_N.uasset" 579
"../../../../../../Users/iD Student/Desktop/Jordan W/Final/groupProject/Content/SoulCave/Environment/Materials/Rocks/M_Cave_Rock_MASTER_VertexPaint_MOSS.uasset" 580
"../../../../../../Users/iD Student/Desktop/Jordan W/Final/groupProject/Content/SoulCave/Environment/Textures/Rock/T_Cave_Rock_Path_M.uasset" 581
"../../../../../../Users/iD Student/Desktop/Jordan W/Final/groupProject/Content/SoulCave/Environment/Textures/Rock/T_Cave_Rock_Path_N.uasset" 582
"../../../../../../Users/iD Student/Desktop/Jordan W/Final/groupProject/Content/SoulCave/Environment/Materials/Rocks/MI_Cave_Rock_Path_Moss_Water2.uasset" 583
"../../../../../../Users/iD Student/Desktop/Jordan W/Final/groupProject/Content/SoulCave/Environment/Meshes/Merged/SM_MergedMesh_Cave_Rock_Path_Single_9_01.uasset" 584
"../../../../../../Users/iD Student/Desktop/Jordan W/Final/groupProject/Content/SoulCave/Environment/Materials/Rocks/M_Cave_Rock_MASTER.uasset" 585
"../../../../../../Users/iD Student/Desktop/Jordan W/Final/groupProject/Content/SoulCave/Environment/Materials/Rocks/MI_Cave_Rock_Ceiling.uasset" 586
"../../../../../../Users/iD Student/Desktop/Jordan W/Final/groupProject/Content/SoulCave/Environment/Meshes/Rocks/SM_Cave_Rock_Ceiling.uasset" 587
"../../../../../../Users/iD Student/Desktop/Jordan W/Final/groupProject/Content/SoulCave/Environment/PhysicalMaterials/Stone.uasset" 588
"../../../../../../Users/iD Student/Desktop/Jordan W/Final/groupProject/Content/SoulCave/Environment/Textures/Rock/T_Cave_Rock_Small_M.uasset" 589
"../../../../../../Users/iD Student/Desktop/Jordan W/Final/groupProject/Content/SoulCave/Environment/Textures/Rock/T_Cave_Rock_Small_N.uasset" 590
"../../../../../../Users/iD Student/Desktop/Jordan W/Final/groupProject/Content/SoulCave/Environment/Materials/Rocks/MI_Cave_Rock_Flat.uasset" 591
"../../../../../../Users/iD Student/Desktop/Jordan W/Final/groupProject/Content/SoulCave/Environment/Meshes/Rocks/SM_Cave_Rock_Flat01.uasset" 592
"../../../../../../Users/iD Student/Desktop/Jordan W/Final/groupProject/Content/SoulCave/Environment/Textures/Rock/T_Cave_Rock_Large_M.uasset" 593
"../../../../../../Users/iD Student/Desktop/Jordan W/Final/groupProject/Content/SoulCave/Environment/Textures/Rock/T_Cave_Rock_Large_N.uasset" 594
"../../../../../../Users/iD Student/Desktop/Jordan W/Final/groupProject/Content/SoulCave/Environment/Materials/Rocks/MI_Cave_Rock_Large.uasset" 595
"../../../../../../Users/iD Student/Desktop/Jordan W/Final/groupProject/Content/SoulCave/Environment/Meshes/Rocks/SM_Cave_Rock_Large01_REDO.uasset" 596
"../../../../../../Users/iD Student/Desktop/Jordan W/Final/groupProject/Content/SoulCave/Environment/Textures/Rock/T_Cave_Rock_Large02_M.uasset" 597
"../../../../../../Users/iD Student/Desktop/Jordan W/Final/groupProject/Content/SoulCave/Environment/Textures/Rock/T_Cave_Rock_Large02_N.uasset" 598
"../../../../../../Users/iD Student/Desktop/Jordan W/Final/groupProject/Content/SoulCave/Environment/Materials/Rocks/MI_Cave_Rock_Large02.uasset" 599
"../../../../../../Users/iD Student/Desktop/Jordan W/Final/groupProject/Content/SoulCave/Environment/Meshes/Rocks/SM_Cave_Rock_Large02.uasset" 600
"../../../../../../Users/iD Student/Desktop/Jordan W/Final/groupProject/Content/SoulCave/Environment/Textures/Rock/T_Cave_Rock_Medium_M.uasset" 601
"../../../../../../Users/iD Student/Desktop/Jordan W/Final/groupProject/Content/SoulCave/Environment/Textures/Rock/T_Cave_Rock_Medium_N.uasset" 602
"../../../../../../Users/iD Student/Desktop/Jordan W/Final/groupProject/Content/SoulCave/Environment/Materials/Rocks/MI_Cave_Rock_Medium.uasset" 603
"../../../../../../Users/iD Student/Desktop/Jordan W/Final/groupProject/Content/SoulCave/Environment/Meshes/Rocks/SM_Cave_Rock_Medium01.uasset" 604
"../../../../../../Users/iD Student/Desktop/Jordan W/Final/groupProject/Content/SoulCave/Environment/Meshes/Rocks/SM_Cave_Rock_Medium02.uasset" 605
"../../../../../../Users/iD Student/Desktop/Jordan W/Final/groupProject/Content/SoulCave/Environment/Materials/Rocks/MI_Cave_Rock_Small.uasset" 606
"../../../../../../Users/iD Student/Desktop/Jordan W/Final/groupProject/Content/SoulCave/Environment/Meshes/Rocks/SM_Cave_Rock_Small01.uasset" 607
"../../../../../../Users/iD Student/Desktop/Jordan W/Final/groupProject/Content/SoulCave/Environment/Materials/Rocks/MI_Cave_Rock_Path.uasset" 608
"../../../../../../Users/iD Student/Desktop/Jordan W/Final/groupProject/Content/SoulCave/Environment/Meshes/Rocks/SM_RockFlats_Boulder_Alone.uasset" 609
"../../../../../../Users/iD Student/Desktop/Jordan W/Final/groupProject/Content/StarterContent/Textures/T_Lamp_M.uasset" 610
"../../../../../../Users/iD Student/Desktop/Jordan W/Final/groupProject/Content/StarterContent/Textures/T_Lamp_N.uasset" 611
"../../../../../../Users/iD Student/Desktop/Jordan W/Final/groupProject/Content/StarterContent/Props/Materials/M_Lamp.uasset" 612
"../../../../../../Users/iD Student/Desktop/Jordan W/Final/groupProject/Content/StarterContent/Props/SM_Lamp_Ceiling.uasset" 613
"../../../../../../Users/iD Student/Desktop/Jordan W/Final/groupProject/Content/Maps/Mines3.umap" 614
